2025-03-16 19:34:15.504 [warning] Dir "/home/holelulu/projects/analog_video/.pixi/envs" is not watchable (directory does not exist)
2025-03-16 19:34:15.504 [error] Unable to check if shell integration is active [Error: Extension 'ms-python.python' CANNOT use API proposal: terminalDataWriteEvent.
Its package.json#enabledApiProposals-property declares:  but NOT terminalDataWriteEvent.
 The missing proposal MUST be added and you must start in extension development mode or use the following command line switch: --enable-proposed-api ms-python.python
	at N (file:///usr/lib/code/out/vs/workbench/api/node/extensionHostProcess.js:106:19035)
	at a.onDidWriteTerminalData (file:///usr/lib/code/out/vs/workbench/api/node/extensionHostProcess.js:172:46304)
	at new v (/home/holelulu/.vscode-oss/extensions/ms-python.python-2025.2.0-universal/out/client/extension.js:2:877941)
	at ge (/home/holelulu/.vscode-oss/extensions/ms-python.python-2025.2.0-universal/out/client/extension.js:2:1684578)
	at /home/holelulu/.vscode-oss/extensions/ms-python.python-2025.2.0-universal/out/client/extension.js:2:1687942
	at /home/holelulu/.vscode-oss/extensions/ms-python.python-2025.2.0-universal/out/client/extension.js:2:1687970
	at Se (/home/holelulu/.vscode-oss/extensions/ms-python.python-2025.2.0-universal/out/client/extension.js:2:1688037)
	at /home/holelulu/.vscode-oss/extensions/ms-python.python-2025.2.0-universal/out/client/extension.js:2:1688517
	at we (/home/holelulu/.vscode-oss/extensions/ms-python.python-2025.2.0-universal/out/client/extension.js:2:1688458)
	at Pe (/home/holelulu/.vscode-oss/extensions/ms-python.python-2025.2.0-universal/out/client/extension.js:2:1688492)
	at /home/holelulu/.vscode-oss/extensions/ms-python.python-2025.2.0-universal/out/client/extension.js:2:1685731
	at /home/holelulu/.vscode-oss/extensions/ms-python.python-2025.2.0-universal/out/client/extension.js:2:1687336
	at Array.reduce (<anonymous>)
	at /home/holelulu/.vscode-oss/extensions/ms-python.python-2025.2.0-universal/out/client/extension.js:2:1687308
	at /home/holelulu/.vscode-oss/extensions/ms-python.python-2025.2.0-universal/out/client/extension.js:2:1687590
	at /home/holelulu/.vscode-oss/extensions/ms-python.python-2025.2.0-universal/out/client/extension.js:2:1687970
	at Se (/home/holelulu/.vscode-oss/extensions/ms-python.python-2025.2.0-universal/out/client/extension.js:2:1688037)
	at /home/holelulu/.vscode-oss/extensions/ms-python.python-2025.2.0-universal/out/client/extension.js:2:1688517
	at we (/home/holelulu/.vscode-oss/extensions/ms-python.python-2025.2.0-universal/out/client/extension.js:2:1688458)
	at Pe (/home/holelulu/.vscode-oss/extensions/ms-python.python-2025.2.0-universal/out/client/extension.js:2:1688492)
	at /home/holelulu/.vscode-oss/extensions/ms-python.python-2025.2.0-universal/out/client/extension.js:2:1685731
	at /home/holelulu/.vscode-oss/extensions/ms-python.python-2025.2.0-universal/out/client/extension.js:2:1715401
	at /home/holelulu/.vscode-oss/extensions/ms-python.python-2025.2.0-universal/out/client/extension.js:2:1715422
	at e._get (/home/holelulu/.vscode-oss/extensions/ms-python.python-2025.2.0-universal/out/client/extension.js:2:1714435)
	at e._getButThrowIfAsync (/home/holelulu/.vscode-oss/extensions/ms-python.python-2025.2.0-universal/out/client/extension.js:2:1714495)
	at e.get (/home/holelulu/.vscode-oss/extensions/ms-python.python-2025.2.0-universal/out/client/extension.js:2:1710204)
	at e.dynamicValue (/home/holelulu/.vscode-oss/extensions/ms-python.python-2025.2.0-universal/out/client/extension.js:2:1699937)
	at /home/holelulu/.vscode-oss/extensions/ms-python.python-2025.2.0-universal/out/client/extension.js:2:1686114
	at Ee (/home/holelulu/.vscode-oss/extensions/ms-python.python-2025.2.0-universal/out/client/extension.js:2:1686370)
	at Se (/home/holelulu/.vscode-oss/extensions/ms-python.python-2025.2.0-universal/out/client/extension.js:2:1688086)
	at /home/holelulu/.vscode-oss/extensions/ms-python.python-2025.2.0-universal/out/client/extension.js:2:1688517
	at we (/home/holelulu/.vscode-oss/extensions/ms-python.python-2025.2.0-universal/out/client/extension.js:2:1688458)
	at Pe (/home/holelulu/.vscode-oss/extensions/ms-python.python-2025.2.0-universal/out/client/extension.js:2:1688492)
	at /home/holelulu/.vscode-oss/extensions/ms-python.python-2025.2.0-universal/out/client/extension.js:2:1685731
	at /home/holelulu/.vscode-oss/extensions/ms-python.python-2025.2.0-universal/out/client/extension.js:2:1685665
	at Array.map (<anonymous>)
	at /home/holelulu/.vscode-oss/extensions/ms-python.python-2025.2.0-universal/out/client/extension.js:2:1685636
	at /home/holelulu/.vscode-oss/extensions/ms-python.python-2025.2.0-universal/out/client/extension.js:2:1687336
	at Array.reduce (<anonymous>)
	at /home/holelulu/.vscode-oss/extensions/ms-python.python-2025.2.0-universal/out/client/extension.js:2:1687308
	at /home/holelulu/.vscode-oss/extensions/ms-python.python-2025.2.0-universal/out/client/extension.js:2:1687590
	at /home/holelulu/.vscode-oss/extensions/ms-python.python-2025.2.0-universal/out/client/extension.js:2:1687970
	at Se (/home/holelulu/.vscode-oss/extensions/ms-python.python-2025.2.0-universal/out/client/extension.js:2:1688037)
	at /home/holelulu/.vscode-oss/extensions/ms-python.python-2025.2.0-universal/out/client/extension.js:2:1688517
	at we (/home/holelulu/.vscode-oss/extensions/ms-python.python-2025.2.0-universal/out/client/extension.js:2:1688458)
	at Pe (/home/holelulu/.vscode-oss/extensions/ms-python.python-2025.2.0-universal/out/client/extension.js:2:1688492)
	at /home/holelulu/.vscode-oss/extensions/ms-python.python-2025.2.0-universal/out/client/extension.js:2:1685731
	at /home/holelulu/.vscode-oss/extensions/ms-python.python-2025.2.0-universal/out/client/extension.js:2:1715401
	at /home/holelulu/.vscode-oss/extensions/ms-python.python-2025.2.0-universal/out/client/extension.js:2:1715422
	at e._get (/home/holelulu/.vscode-oss/extensions/ms-python.python-2025.2.0-universal/out/client/extension.js:2:1714435)
	at e._getButThrowIfAsync (/home/holelulu/.vscode-oss/extensions/ms-python.python-2025.2.0-universal/out/client/extension.js:2:1714495)
	at e.get (/home/holelulu/.vscode-oss/extensions/ms-python.python-2025.2.0-universal/out/client/extension.js:2:1710204)
	at a.get (/home/holelulu/.vscode-oss/extensions/ms-python.python-2025.2.0-universal/out/client/extension.js:2:536568)
	at /home/holelulu/.vscode-oss/extensions/ms-python.python-2025.2.0-universal/out/client/extension.js:2:451405
	at async t.activateComponents (/home/holelulu/.vscode-oss/extensions/ms-python.python-2025.2.0-universal/out/client/extension.js:2:449685)
	at async /home/holelulu/.vscode-oss/extensions/ms-python.python-2025.2.0-universal/out/client/extension.js:2:2639568
	at async e (/home/holelulu/.vscode-oss/extensions/ms-python.python-2025.2.0-universal/out/client/extension.js:2:2639100)
	at async pw.n (file:///usr/lib/code/out/vs/workbench/api/node/extensionHostProcess.js:112:13415)
	at async pw.m (file:///usr/lib/code/out/vs/workbench/api/node/extensionHostProcess.js:112:13378)
	at async pw.l (file:///usr/lib/code/out/vs/workbench/api/node/extensionHostProcess.js:112:12834)]
2025-03-16 19:34:15.504 [info] VS Code was launched from an activated environment: 'venv', selecting it as the interpreter for workspace.
2025-03-16 19:34:15.504 [info] Python interpreter path: ./venv/bin/python
2025-03-16 19:34:15.559 [info] > pyenv which python
2025-03-16 19:34:15.559 [info] cwd: .
2025-03-16 19:34:15.673 [info] Active interpreter [/home/holelulu/projects/analog_video]:  /home/holelulu/projects/analog_video/venv/bin/python
2025-03-16 19:34:15.696 [error] [
  'Failed to activate a workspace, Class name = v, completed in 209ms, has a falsy return value, Arg 1: <Uri:/home/holelulu/projects/analog_video/analog_video.py>, Arg 2: {"started":1742153655344}, Return Value: undefined',
  [Error: Extension 'ms-python.python' CANNOT use API proposal: testObserver.
  Its package.json#enabledApiProposals-property declares:  but NOT testObserver.
   The missing proposal MUST be added and you must start in extension development mode or use the following command line switch: --enable-proposed-api ms-python.python
  	at N (file:///usr/lib/code/out/vs/workbench/api/node/extensionHostProcess.js:106:19035)
  	at get testResults (file:///usr/lib/code/out/vs/workbench/api/node/extensionHostProcess.js:172:39547)
  	at C.activate (/home/holelulu/.vscode-oss/extensions/ms-python.python-2025.2.0-universal/out/client/extension.js:2:908493)
  	at /home/holelulu/.vscode-oss/extensions/ms-python.python-2025.2.0-universal/out/client/extension.js:2:2457
  	at Array.map (<anonymous>)
  	at v.activateWorkspace (/home/holelulu/.vscode-oss/extensions/ms-python.python-2025.2.0-universal/out/client/extension.js:2:2447)]
]
2025-03-16 19:34:15.699 [error] Failure during activation. [Error: Extension 'ms-python.python' CANNOT use API proposal: testObserver.
Its package.json#enabledApiProposals-property declares:  but NOT testObserver.
 The missing proposal MUST be added and you must start in extension development mode or use the following command line switch: --enable-proposed-api ms-python.python
	at N (file:///usr/lib/code/out/vs/workbench/api/node/extensionHostProcess.js:106:19035)
	at get testResults (file:///usr/lib/code/out/vs/workbench/api/node/extensionHostProcess.js:172:39547)
	at C.activate (/home/holelulu/.vscode-oss/extensions/ms-python.python-2025.2.0-universal/out/client/extension.js:2:908493)
	at /home/holelulu/.vscode-oss/extensions/ms-python.python-2025.2.0-universal/out/client/extension.js:2:2457
	at Array.map (<anonymous>)
	at v.activateWorkspace (/home/holelulu/.vscode-oss/extensions/ms-python.python-2025.2.0-universal/out/client/extension.js:2:2447)]
2025-03-16 19:34:15.699 [error] sendStartupTelemetry() failed. [Error: Extension 'ms-python.python' CANNOT use API proposal: testObserver.
Its package.json#enabledApiProposals-property declares:  but NOT testObserver.
 The missing proposal MUST be added and you must start in extension development mode or use the following command line switch: --enable-proposed-api ms-python.python
	at N (file:///usr/lib/code/out/vs/workbench/api/node/extensionHostProcess.js:106:19035)
	at get testResults (file:///usr/lib/code/out/vs/workbench/api/node/extensionHostProcess.js:172:39547)
	at C.activate (/home/holelulu/.vscode-oss/extensions/ms-python.python-2025.2.0-universal/out/client/extension.js:2:908493)
	at /home/holelulu/.vscode-oss/extensions/ms-python.python-2025.2.0-universal/out/client/extension.js:2:2457
	at Array.map (<anonymous>)
	at v.activateWorkspace (/home/holelulu/.vscode-oss/extensions/ms-python.python-2025.2.0-universal/out/client/extension.js:2:2447)]
2025-03-16 19:34:16.922 [info] Starting Jedi language server for analog_video.
2025-03-16 19:34:29.740 [info] Discover tests for workspace name: analog_video - uri: /home/holelulu/projects/analog_video/analog_video.py
2025-03-16 19:36:16.436 [info] Discover tests for workspace name: analog_video - uri: /home/holelulu/projects/analog_video/analog_video.py
2025-03-16 19:36:26.643 [info] Discover tests for workspace name: analog_video - uri: /home/holelulu/projects/analog_video/analog_video.py
2025-03-16 19:36:28.193 [info] Discover tests for workspace name: analog_video - uri: /home/holelulu/projects/analog_video/analog_video.py
2025-03-16 19:36:31.095 [info] Discover tests for workspace name: analog_video - uri: /home/holelulu/projects/analog_video/analog_video.py
2025-03-16 19:36:38.586 [info] Discover tests for workspace name: analog_video - uri: /home/holelulu/projects/analog_video/analog_video.py
2025-03-16 19:37:42.959 [info] Send text to terminal: source /home/holelulu/projects/analog_video/venv/bin/activate
2025-03-16 19:39:14.608 [info] Discover tests for workspace name: analog_video - uri: /home/holelulu/projects/analog_video/analog_video.py
2025-03-16 19:39:48.555 [info] Discover tests for workspace name: analog_video - uri: /home/holelulu/projects/analog_video/analog_video.py
2025-03-16 19:44:50.443 [info] CreateEnv Trigger - Skipping for /home/holelulu/projects/analog_video/analog_video.py
2025-03-16 19:44:50.495 [info] Send text to terminal: source /home/holelulu/projects/analog_video/venv/bin/activate
2025-03-16 19:44:50.997 [info] Send text to terminal: /home/holelulu/projects/analog_video/venv/bin/python /home/holelulu/projects/analog_video/analog_video.py
2025-03-16 19:48:15.891 [info] Discover tests for workspace name: analog_video - uri: /home/holelulu/projects/analog_video/analog_video.py
2025-03-16 19:48:42.473 [info] Discover tests for workspace name: analog_video - uri: /home/holelulu/projects/analog_video/analog_video.py
2025-03-16 19:48:44.340 [info] Discover tests for workspace name: analog_video - uri: /home/holelulu/projects/analog_video/analog_video.py
2025-03-16 19:49:12.994 [info] Discover tests for workspace name: analog_video - uri: /home/holelulu/projects/analog_video/analog_video.py
2025-03-16 19:49:26.206 [info] Discover tests for workspace name: analog_video - uri: /home/holelulu/projects/analog_video/analog_video.py
2025-03-16 19:51:44.011 [info] Discover tests for workspace name: analog_video - uri: /home/holelulu/projects/analog_video/analog_video.py
2025-03-16 19:52:27.064 [info] Discover tests for workspace name: analog_video - uri: /home/holelulu/projects/analog_video/analog_video.py
2025-03-16 20:00:04.596 [info] Discover tests for workspace name: analog_video - uri: /home/holelulu/projects/analog_video/analog_video.py
2025-03-16 20:02:38.720 [info] Discover tests for workspace name: analog_video - uri: /home/holelulu/projects/analog_video/analog_video.py
2025-03-16 20:02:49.494 [info] Send text to terminal: /home/holelulu/projects/analog_video/venv/bin/python /home/holelulu/projects/analog_video/analog_video.py
2025-03-16 20:02:56.840 [info] Discover tests for workspace name: analog_video - uri: /home/holelulu/projects/analog_video/analog_video.py
2025-03-16 20:02:58.307 [info] Send text to terminal: /home/holelulu/projects/analog_video/venv/bin/python /home/holelulu/projects/analog_video/analog_video.py
2025-03-16 20:03:04.514 [info] Discover tests for workspace name: analog_video - uri: /home/holelulu/projects/analog_video/analog_video.py
2025-03-16 20:03:05.942 [info] Send text to terminal: /home/holelulu/projects/analog_video/venv/bin/python /home/holelulu/projects/analog_video/analog_video.py
2025-03-16 20:03:25.371 [info] Discover tests for workspace name: analog_video - uri: /home/holelulu/projects/analog_video/analog_video.py
2025-03-16 20:03:27.396 [info] Send text to terminal: /home/holelulu/projects/analog_video/venv/bin/python /home/holelulu/projects/analog_video/analog_video.py
2025-03-16 20:04:10.546 [info] Discover tests for workspace name: analog_video - uri: /home/holelulu/projects/analog_video/analog_video.py
2025-03-16 20:04:13.330 [info] Send text to terminal: /home/holelulu/projects/analog_video/venv/bin/python /home/holelulu/projects/analog_video/analog_video.py
2025-03-16 20:05:14.955 [info] Discover tests for workspace name: analog_video - uri: /home/holelulu/projects/analog_video/analog_video.py
2025-03-16 20:05:21.835 [info] Discover tests for workspace name: analog_video - uri: /home/holelulu/projects/analog_video/analog_video.py
2025-03-16 20:05:31.016 [info] Discover tests for workspace name: analog_video - uri: /home/holelulu/projects/analog_video/analog_video.py
2025-03-16 20:05:32.675 [info] Send text to terminal: /home/holelulu/projects/analog_video/venv/bin/python /home/holelulu/projects/analog_video/analog_video.py
2025-03-16 20:05:48.903 [info] Send text to terminal: /home/holelulu/projects/analog_video/venv/bin/python /home/holelulu/projects/analog_video/analog_video.py
2025-03-16 20:06:26.453 [info] Discover tests for workspace name: analog_video - uri: /home/holelulu/projects/analog_video/analog_video.py
2025-03-16 20:06:32.434 [info] Discover tests for workspace name: analog_video - uri: /home/holelulu/projects/analog_video/analog_video.py
2025-03-16 20:06:34.318 [info] Send text to terminal: /home/holelulu/projects/analog_video/venv/bin/python /home/holelulu/projects/analog_video/analog_video.py
2025-03-16 20:06:48.757 [info] Send text to terminal: /home/holelulu/projects/analog_video/venv/bin/python /home/holelulu/projects/analog_video/analog_video.py
2025-03-16 20:07:08.236 [info] Discover tests for workspace name: analog_video - uri: /home/holelulu/projects/analog_video/analog_video.py
2025-03-16 20:07:14.585 [info] Send text to terminal: /home/holelulu/projects/analog_video/venv/bin/python /home/holelulu/projects/analog_video/analog_video.py
2025-03-16 20:07:40.115 [info] Discover tests for workspace name: analog_video - uri: /home/holelulu/projects/analog_video/analog_video.py
2025-03-16 20:07:46.771 [info] Discover tests for workspace name: analog_video - uri: /home/holelulu/projects/analog_video/analog_video.py
2025-03-16 20:07:52.247 [info] Send text to terminal: /home/holelulu/projects/analog_video/venv/bin/python /home/holelulu/projects/analog_video/analog_video.py
2025-03-16 20:14:37.790 [info] Discover tests for workspace name: analog_video - uri: /home/holelulu/projects/analog_video/analog_video.py
