2025-03-13 22:17:19.811 [info] [main] Log level: Info
2025-03-13 22:17:19.811 [info] [main] Validating found git in: "git"
2025-03-13 22:17:19.811 [info] [main] Using git "2.48.1" from "git"
2025-03-13 22:17:19.811 [info] [Model][doInitialScan] Initial repository scan started
2025-03-13 22:17:19.811 [info] > git rev-parse --show-toplevel [9ms]
2025-03-13 22:17:19.811 [info] > git rev-parse --git-dir --git-common-dir [18ms]
2025-03-13 22:17:19.811 [info] [Model][openRepository] Opened repository: /home/holelulu/projects/c_cpp_projects/stm32
2025-03-13 22:17:19.838 [info] > git rev-parse --show-toplevel [7ms]
2025-03-13 22:17:19.839 [info] > git config --get commit.template [19ms]
2025-03-13 22:17:19.861 [info] > git rev-parse --show-toplevel [12ms]
2025-03-13 22:17:19.868 [info] > git for-each-ref --format=%(refname)%00%(upstream:short)%00%(objectname)%00%(upstream:track)%00%(upstream:remotename)%00%(upstream:remoteref) refs/heads/dev refs/remotes/dev [9ms]
2025-03-13 22:17:19.886 [info] > git status -z -uall [10ms]
2025-03-13 22:17:19.887 [info] > git rev-parse --show-toplevel [19ms]
2025-03-13 22:17:19.894 [info] > git for-each-ref --sort -committerdate --format %(refname) %(objectname) %(*objectname) [9ms]
2025-03-13 22:17:19.942 [info] > git for-each-ref --format=%(refname)%00%(upstream:short)%00%(objectname)%00%(upstream:track)%00%(upstream:remotename)%00%(upstream:remoteref) refs/heads/dev refs/remotes/dev [16ms]
2025-03-13 22:17:19.954 [info] > git rev-parse --show-toplevel [59ms]
2025-03-13 22:17:19.972 [info] > git config --get --local branch.dev.vscode-merge-base [19ms]
2025-03-13 22:17:19.981 [info] > git config --get commit.template [40ms]
2025-03-13 22:17:20.005 [info] > git for-each-ref --format=%(refname)%00%(upstream:short)%00%(objectname)%00%(upstream:track)%00%(upstream:remotename)%00%(upstream:remoteref) refs/heads/origin/dev refs/remotes/origin/dev [24ms]
2025-03-13 22:17:20.006 [info] > git rev-parse --show-toplevel [43ms]
2025-03-13 22:17:20.006 [info] [Model][doInitialScan] Initial repository scan completed - repositories (1), closed repositories (0), parent repositories (0), unsafe repositories (0)
2025-03-13 22:17:20.018 [info] > git for-each-ref --format=%(refname)%00%(upstream:short)%00%(objectname)%00%(upstream:track)%00%(upstream:remotename)%00%(upstream:remoteref) refs/heads/dev refs/remotes/dev [3ms]
2025-03-13 22:17:20.036 [info] > git status -z -uall [8ms]
2025-03-13 22:17:20.037 [info] > git for-each-ref --sort -committerdate --format %(refname) %(objectname) %(*objectname) [2ms]
2025-03-13 22:17:20.156 [info] > git show --textconv :Core/Src/sx_1276.c [10ms]
2025-03-13 22:17:20.159 [info] > git ls-files --stage -- /home/holelulu/projects/c_cpp_projects/stm32/Core/Src/sx_1276.c [4ms]
2025-03-13 22:17:20.169 [info] > git cat-file -s 9da37fa3b209524b26bd828611a666b02227f961 [2ms]
2025-03-13 22:17:20.253 [info] > git blame --root --incremental 0986938e2196de524b6a1dc6b59a64458187af0f -- /home/holelulu/projects/c_cpp_projects/stm32/Core/Src/sx_1276.c [51ms]
2025-03-13 22:17:20.572 [info] > git check-ignore -v -z --stdin [4ms]
2025-03-13 22:19:17.446 [info] > git show --textconv :Core/Src/sx_1276.c [14ms]
2025-03-13 22:19:17.447 [info] > git ls-files --stage -- /home/holelulu/projects/c_cpp_projects/stm32/Core/Src/sx_1276.c [2ms]
2025-03-13 22:19:17.462 [info] > git cat-file -s 9da37fa3b209524b26bd828611a666b02227f961 [3ms]
2025-03-13 22:19:19.443 [info] > git show --textconv :Core/Src/main.c [18ms]
2025-03-13 22:19:19.445 [info] > git ls-files --stage -- /home/holelulu/projects/c_cpp_projects/stm32/Core/Src/main.c [3ms]
2025-03-13 22:19:19.462 [info] > git cat-file -s 39d6d9c831742a8dd17bd5b7f41fbea901e89442 [4ms]
2025-03-13 22:19:19.502 [info] > git blame --root --incremental 0986938e2196de524b6a1dc6b59a64458187af0f -- /home/holelulu/projects/c_cpp_projects/stm32/Core/Src/main.c [15ms]
2025-03-13 22:31:39.653 [info] > git show --textconv :Core/Inc/sx_1276.h [11ms]
2025-03-13 22:31:39.655 [info] > git ls-files --stage -- /home/holelulu/projects/c_cpp_projects/stm32/Core/Inc/sx_1276.h [3ms]
2025-03-13 22:31:39.666 [info] > git cat-file -s 4672fdbe409ea702db2d3838a8b9577c2385740f [1ms]
2025-03-13 22:31:39.712 [info] > git blame --root --incremental 0986938e2196de524b6a1dc6b59a64458187af0f -- /home/holelulu/projects/c_cpp_projects/stm32/Core/Inc/sx_1276.h [13ms]
2025-03-13 22:31:41.329 [info] > git show --textconv :Core/Src/sx_1276.c [19ms]
2025-03-13 22:31:41.331 [info] > git ls-files --stage -- /home/holelulu/projects/c_cpp_projects/stm32/Core/Src/sx_1276.c [2ms]
2025-03-13 22:31:41.347 [info] > git cat-file -s 9da37fa3b209524b26bd828611a666b02227f961 [2ms]
2025-03-13 22:49:14.879 [info] > git show --textconv :Core/Src/main.c [18ms]
2025-03-13 22:49:14.881 [info] > git ls-files --stage -- /home/holelulu/projects/c_cpp_projects/stm32/Core/Src/main.c [4ms]
2025-03-13 22:49:14.895 [info] > git cat-file -s 39d6d9c831742a8dd17bd5b7f41fbea901e89442 [1ms]
2025-03-13 22:49:26.332 [info] > git config --get commit.template [22ms]
2025-03-13 22:49:26.335 [info] > git for-each-ref --format=%(refname)%00%(upstream:short)%00%(objectname)%00%(upstream:track)%00%(upstream:remotename)%00%(upstream:remoteref) refs/heads/dev refs/remotes/dev [6ms]
2025-03-13 22:49:26.372 [info] > git status -z -uall [17ms]
2025-03-13 22:49:26.380 [info] > git for-each-ref --sort -committerdate --format %(refname) %(objectname) %(*objectname) [10ms]
2025-03-13 22:49:26.417 [info] > git show --textconv :Core/Src/sx_1276.c [12ms]
2025-03-13 22:49:26.417 [info] > git ls-files --stage -- /home/holelulu/projects/c_cpp_projects/stm32/Core/Src/sx_1276.c [3ms]
2025-03-13 22:49:26.427 [info] > git cat-file -s 9da37fa3b209524b26bd828611a666b02227f961 [2ms]
2025-03-13 22:50:38.829 [info] > git show --textconv :Core/Inc/sx_1276.h [16ms]
2025-03-13 22:50:38.831 [info] > git ls-files --stage -- /home/holelulu/projects/c_cpp_projects/stm32/Core/Inc/sx_1276.h [3ms]
2025-03-13 22:50:38.844 [info] > git cat-file -s 4672fdbe409ea702db2d3838a8b9577c2385740f [2ms]
2025-03-13 22:50:41.828 [info] > git show --textconv :Core/Src/main.c [16ms]
2025-03-13 22:50:41.830 [info] > git ls-files --stage -- /home/holelulu/projects/c_cpp_projects/stm32/Core/Src/main.c [3ms]
2025-03-13 22:50:41.851 [info] > git cat-file -s 39d6d9c831742a8dd17bd5b7f41fbea901e89442 [4ms]
2025-03-13 22:50:44.315 [info] > git show --textconv :Core/Src/sx_1276.c [17ms]
2025-03-13 22:50:44.317 [info] > git ls-files --stage -- /home/holelulu/projects/c_cpp_projects/stm32/Core/Src/sx_1276.c [3ms]
2025-03-13 22:50:44.333 [info] > git cat-file -s 9da37fa3b209524b26bd828611a666b02227f961 [2ms]
2025-03-13 22:50:51.161 [info] > git show --textconv :Core/Inc/sx_1276.h [18ms]
2025-03-13 22:50:51.164 [info] > git ls-files --stage -- /home/holelulu/projects/c_cpp_projects/stm32/Core/Inc/sx_1276.h [4ms]
2025-03-13 22:50:51.179 [info] > git cat-file -s 4672fdbe409ea702db2d3838a8b9577c2385740f [1ms]
2025-03-13 22:50:55.278 [info] > git show --textconv :Core/Src/sx_1276.c [15ms]
2025-03-13 22:50:55.280 [info] > git ls-files --stage -- /home/holelulu/projects/c_cpp_projects/stm32/Core/Src/sx_1276.c [3ms]
2025-03-13 22:50:55.294 [info] > git cat-file -s 9da37fa3b209524b26bd828611a666b02227f961 [1ms]
2025-03-13 22:50:56.998 [info] > git config --get commit.template [19ms]
2025-03-13 22:50:56.999 [info] > git for-each-ref --format=%(refname)%00%(upstream:short)%00%(objectname)%00%(upstream:track)%00%(upstream:remotename)%00%(upstream:remoteref) refs/heads/dev refs/remotes/dev [3ms]
2025-03-13 22:50:57.029 [info] > git status -z -uall [17ms]
2025-03-13 22:50:57.031 [info] > git for-each-ref --sort -committerdate --format %(refname) %(objectname) %(*objectname) [3ms]
2025-03-13 22:51:11.984 [info] > git config --get commit.template [14ms]
2025-03-13 22:51:11.984 [info] > git for-each-ref --format=%(refname)%00%(upstream:short)%00%(objectname)%00%(upstream:track)%00%(upstream:remotename)%00%(upstream:remoteref) refs/heads/dev refs/remotes/dev [1ms]
2025-03-13 22:51:12.016 [info] > git status -z -uall [18ms]
2025-03-13 22:51:12.019 [info] > git for-each-ref --sort -committerdate --format %(refname) %(objectname) %(*objectname) [3ms]
2025-03-13 22:51:17.919 [info] > git config --get commit.template [1ms]
2025-03-13 22:51:17.935 [info] > git for-each-ref --format=%(refname)%00%(upstream:short)%00%(objectname)%00%(upstream:track)%00%(upstream:remotename)%00%(upstream:remoteref) refs/heads/dev refs/remotes/dev [3ms]
2025-03-13 22:51:17.966 [info] > git status -z -uall [15ms]
2025-03-13 22:51:17.967 [info] > git for-each-ref --sort -committerdate --format %(refname) %(objectname) %(*objectname) [2ms]
2025-03-13 22:51:23.001 [info] > git config --get commit.template [14ms]
2025-03-13 22:51:23.002 [info] > git for-each-ref --format=%(refname)%00%(upstream:short)%00%(objectname)%00%(upstream:track)%00%(upstream:remotename)%00%(upstream:remoteref) refs/heads/dev refs/remotes/dev [2ms]
2025-03-13 22:51:23.029 [info] > git status -z -uall [14ms]
2025-03-13 22:51:23.031 [info] > git for-each-ref --sort -committerdate --format %(refname) %(objectname) %(*objectname) [3ms]
2025-03-13 22:51:36.199 [info] > git config --get commit.template [17ms]
2025-03-13 22:51:36.201 [info] > git for-each-ref --format=%(refname)%00%(upstream:short)%00%(objectname)%00%(upstream:track)%00%(upstream:remotename)%00%(upstream:remoteref) refs/heads/dev refs/remotes/dev [2ms]
2025-03-13 22:51:36.233 [info] > git status -z -uall [18ms]
2025-03-13 22:51:36.236 [info] > git for-each-ref --sort -committerdate --format %(refname) %(objectname) %(*objectname) [3ms]
2025-03-13 22:51:49.705 [info] > git config --get commit.template [18ms]
2025-03-13 22:51:49.706 [info] > git for-each-ref --format=%(refname)%00%(upstream:short)%00%(objectname)%00%(upstream:track)%00%(upstream:remotename)%00%(upstream:remoteref) refs/heads/dev refs/remotes/dev [2ms]
2025-03-13 22:51:49.739 [info] > git status -z -uall [18ms]
2025-03-13 22:51:49.741 [info] > git for-each-ref --sort -committerdate --format %(refname) %(objectname) %(*objectname) [4ms]
2025-03-13 22:52:14.492 [info] > git config --get commit.template [20ms]
2025-03-13 22:52:14.494 [info] > git for-each-ref --format=%(refname)%00%(upstream:short)%00%(objectname)%00%(upstream:track)%00%(upstream:remotename)%00%(upstream:remoteref) refs/heads/dev refs/remotes/dev [3ms]
2025-03-13 22:52:14.529 [info] > git status -z -uall [18ms]
2025-03-13 22:52:14.532 [info] > git for-each-ref --sort -committerdate --format %(refname) %(objectname) %(*objectname) [4ms]
2025-03-13 22:52:19.553 [info] > git config --get commit.template [1ms]
2025-03-13 22:52:19.567 [info] > git for-each-ref --format=%(refname)%00%(upstream:short)%00%(objectname)%00%(upstream:track)%00%(upstream:remotename)%00%(upstream:remoteref) refs/heads/dev refs/remotes/dev [1ms]
2025-03-13 22:52:19.592 [info] > git status -z -uall [14ms]
2025-03-13 22:52:19.594 [info] > git for-each-ref --sort -committerdate --format %(refname) %(objectname) %(*objectname) [3ms]
2025-03-13 22:52:53.978 [info] > git config --get commit.template [2ms]
2025-03-13 22:52:53.995 [info] > git for-each-ref --format=%(refname)%00%(upstream:short)%00%(objectname)%00%(upstream:track)%00%(upstream:remotename)%00%(upstream:remoteref) refs/heads/dev refs/remotes/dev [2ms]
2025-03-13 22:52:54.013 [info] > git status -z -uall [9ms]
2025-03-13 22:52:54.014 [info] > git for-each-ref --sort -committerdate --format %(refname) %(objectname) %(*objectname) [1ms]
2025-03-13 22:53:24.757 [info] > git config --get commit.template [20ms]
2025-03-13 22:53:24.758 [info] > git for-each-ref --format=%(refname)%00%(upstream:short)%00%(objectname)%00%(upstream:track)%00%(upstream:remotename)%00%(upstream:remoteref) refs/heads/dev refs/remotes/dev [3ms]
2025-03-13 22:53:24.792 [info] > git status -z -uall [17ms]
2025-03-13 22:53:24.793 [info] > git for-each-ref --sort -committerdate --format %(refname) %(objectname) %(*objectname) [1ms]
2025-03-13 22:53:29.820 [info] > git config --get commit.template [4ms]
2025-03-13 22:53:29.838 [info] > git for-each-ref --format=%(refname)%00%(upstream:short)%00%(objectname)%00%(upstream:track)%00%(upstream:remotename)%00%(upstream:remoteref) refs/heads/dev refs/remotes/dev [3ms]
2025-03-13 22:53:29.864 [info] > git status -z -uall [15ms]
2025-03-13 22:53:29.867 [info] > git for-each-ref --sort -committerdate --format %(refname) %(objectname) %(*objectname) [4ms]
2025-03-13 22:53:40.697 [info] > git config --get commit.template [13ms]
2025-03-13 22:53:40.698 [info] > git for-each-ref --format=%(refname)%00%(upstream:short)%00%(objectname)%00%(upstream:track)%00%(upstream:remotename)%00%(upstream:remoteref) refs/heads/dev refs/remotes/dev [2ms]
2025-03-13 22:53:40.719 [info] > git status -z -uall [13ms]
2025-03-13 22:53:40.722 [info] > git for-each-ref --sort -committerdate --format %(refname) %(objectname) %(*objectname) [3ms]
2025-03-13 22:53:45.747 [info] > git config --get commit.template [11ms]
2025-03-13 22:53:45.747 [info] > git for-each-ref --format=%(refname)%00%(upstream:short)%00%(objectname)%00%(upstream:track)%00%(upstream:remotename)%00%(upstream:remoteref) refs/heads/dev refs/remotes/dev [1ms]
2025-03-13 22:53:45.773 [info] > git status -z -uall [12ms]
2025-03-13 22:53:45.774 [info] > git for-each-ref --sort -committerdate --format %(refname) %(objectname) %(*objectname) [2ms]
2025-03-13 22:53:58.939 [info] > git config --get commit.template [16ms]
2025-03-13 22:53:58.941 [info] > git for-each-ref --format=%(refname)%00%(upstream:short)%00%(objectname)%00%(upstream:track)%00%(upstream:remotename)%00%(upstream:remoteref) refs/heads/dev refs/remotes/dev [3ms]
2025-03-13 22:53:58.971 [info] > git status -z -uall [15ms]
2025-03-13 22:53:58.973 [info] > git for-each-ref --sort -committerdate --format %(refname) %(objectname) %(*objectname) [3ms]
2025-03-13 22:54:30.330 [info] > git config --get commit.template [15ms]
2025-03-13 22:54:30.331 [info] > git for-each-ref --format=%(refname)%00%(upstream:short)%00%(objectname)%00%(upstream:track)%00%(upstream:remotename)%00%(upstream:remoteref) refs/heads/dev refs/remotes/dev [1ms]
2025-03-13 22:54:30.354 [info] > git status -z -uall [11ms]
2025-03-13 22:54:30.356 [info] > git for-each-ref --sort -committerdate --format %(refname) %(objectname) %(*objectname) [2ms]
2025-03-13 22:56:56.264 [info] > git config --get commit.template [9ms]
2025-03-13 22:56:56.264 [info] > git for-each-ref --format=%(refname)%00%(upstream:short)%00%(objectname)%00%(upstream:track)%00%(upstream:remotename)%00%(upstream:remoteref) refs/heads/dev refs/remotes/dev [1ms]
2025-03-13 22:56:56.282 [info] > git status -z -uall [9ms]
2025-03-13 22:56:56.283 [info] > git for-each-ref --sort -committerdate --format %(refname) %(objectname) %(*objectname) [2ms]
2025-03-13 22:57:01.319 [info] > git config --get commit.template [15ms]
2025-03-13 22:57:01.321 [info] > git for-each-ref --format=%(refname)%00%(upstream:short)%00%(objectname)%00%(upstream:track)%00%(upstream:remotename)%00%(upstream:remoteref) refs/heads/dev refs/remotes/dev [3ms]
2025-03-13 22:57:01.348 [info] > git status -z -uall [14ms]
2025-03-13 22:57:01.351 [info] > git for-each-ref --sort -committerdate --format %(refname) %(objectname) %(*objectname) [4ms]
2025-03-13 22:57:27.664 [info] > git config --get commit.template [17ms]
2025-03-13 22:57:27.666 [info] > git for-each-ref --format=%(refname)%00%(upstream:short)%00%(objectname)%00%(upstream:track)%00%(upstream:remotename)%00%(upstream:remoteref) refs/heads/dev refs/remotes/dev [3ms]
2025-03-13 22:57:27.691 [info] > git status -z -uall [14ms]
2025-03-13 22:57:27.692 [info] > git for-each-ref --sort -committerdate --format %(refname) %(objectname) %(*objectname) [2ms]
2025-03-13 22:57:32.729 [info] > git config --get commit.template [17ms]
2025-03-13 22:57:32.731 [info] > git for-each-ref --format=%(refname)%00%(upstream:short)%00%(objectname)%00%(upstream:track)%00%(upstream:remotename)%00%(upstream:remoteref) refs/heads/dev refs/remotes/dev [3ms]
2025-03-13 22:57:32.768 [info] > git status -z -uall [20ms]
2025-03-13 22:57:32.770 [info] > git for-each-ref --sort -committerdate --format %(refname) %(objectname) %(*objectname) [4ms]
2025-03-13 22:57:37.731 [info] > git show --textconv :Core/Src/main.c [16ms]
2025-03-13 22:57:37.733 [info] > git ls-files --stage -- /home/holelulu/projects/c_cpp_projects/stm32/Core/Src/main.c [3ms]
2025-03-13 22:57:37.751 [info] > git cat-file -s 39d6d9c831742a8dd17bd5b7f41fbea901e89442 [2ms]
2025-03-13 22:57:37.812 [info] > git config --get commit.template [18ms]
2025-03-13 22:57:37.814 [info] > git for-each-ref --format=%(refname)%00%(upstream:short)%00%(objectname)%00%(upstream:track)%00%(upstream:remotename)%00%(upstream:remoteref) refs/heads/dev refs/remotes/dev [4ms]
2025-03-13 22:57:37.845 [info] > git status -z -uall [15ms]
2025-03-13 22:57:37.846 [info] > git for-each-ref --sort -committerdate --format %(refname) %(objectname) %(*objectname) [2ms]
2025-03-13 22:57:46.452 [info] > git show --textconv :Core/Src/sx_1276.c [16ms]
2025-03-13 22:57:46.454 [info] > git ls-files --stage -- /home/holelulu/projects/c_cpp_projects/stm32/Core/Src/sx_1276.c [3ms]
2025-03-13 22:57:46.475 [info] > git cat-file -s 9da37fa3b209524b26bd828611a666b02227f961 [4ms]
2025-03-13 22:58:03.876 [info] > git config --get commit.template [1ms]
2025-03-13 22:58:03.890 [info] > git for-each-ref --format=%(refname)%00%(upstream:short)%00%(objectname)%00%(upstream:track)%00%(upstream:remotename)%00%(upstream:remoteref) refs/heads/dev refs/remotes/dev [2ms]
2025-03-13 22:58:03.928 [info] > git status -z -uall [20ms]
2025-03-13 22:58:03.930 [info] > git for-each-ref --sort -committerdate --format %(refname) %(objectname) %(*objectname) [4ms]
2025-03-13 22:58:08.954 [info] > git config --get commit.template [2ms]
2025-03-13 22:58:08.975 [info] > git for-each-ref --format=%(refname)%00%(upstream:short)%00%(objectname)%00%(upstream:track)%00%(upstream:remotename)%00%(upstream:remoteref) refs/heads/dev refs/remotes/dev [3ms]
2025-03-13 22:58:09.008 [info] > git status -z -uall [15ms]
2025-03-13 22:58:09.010 [info] > git for-each-ref --sort -committerdate --format %(refname) %(objectname) %(*objectname) [3ms]
2025-03-13 22:58:25.378 [info] > git config --get commit.template [16ms]
2025-03-13 22:58:25.379 [info] > git for-each-ref --format=%(refname)%00%(upstream:short)%00%(objectname)%00%(upstream:track)%00%(upstream:remotename)%00%(upstream:remoteref) refs/heads/dev refs/remotes/dev [2ms]
2025-03-13 22:58:25.410 [info] > git status -z -uall [17ms]
2025-03-13 22:58:25.413 [info] > git for-each-ref --sort -committerdate --format %(refname) %(objectname) %(*objectname) [4ms]
2025-03-13 22:58:35.956 [info] > git config --get commit.template [3ms]
2025-03-13 22:58:35.972 [info] > git for-each-ref --format=%(refname)%00%(upstream:short)%00%(objectname)%00%(upstream:track)%00%(upstream:remotename)%00%(upstream:remoteref) refs/heads/dev refs/remotes/dev [2ms]
2025-03-13 22:58:35.999 [info] > git status -z -uall [11ms]
2025-03-13 22:58:36.000 [info] > git for-each-ref --sort -committerdate --format %(refname) %(objectname) %(*objectname) [3ms]
2025-03-13 22:58:41.040 [info] > git config --get commit.template [18ms]
2025-03-13 22:58:41.041 [info] > git for-each-ref --format=%(refname)%00%(upstream:short)%00%(objectname)%00%(upstream:track)%00%(upstream:remotename)%00%(upstream:remoteref) refs/heads/dev refs/remotes/dev [2ms]
2025-03-13 22:58:41.071 [info] > git status -z -uall [15ms]
2025-03-13 22:58:41.074 [info] > git for-each-ref --sort -committerdate --format %(refname) %(objectname) %(*objectname) [4ms]
2025-03-13 22:58:46.088 [info] > git config --get commit.template [2ms]
2025-03-13 22:58:46.104 [info] > git for-each-ref --format=%(refname)%00%(upstream:short)%00%(objectname)%00%(upstream:track)%00%(upstream:remotename)%00%(upstream:remoteref) refs/heads/dev refs/remotes/dev [2ms]
2025-03-13 22:58:46.138 [info] > git status -z -uall [20ms]
2025-03-13 22:58:46.140 [info] > git for-each-ref --sort -committerdate --format %(refname) %(objectname) %(*objectname) [4ms]
2025-03-13 22:58:51.184 [info] > git config --get commit.template [21ms]
2025-03-13 22:58:51.186 [info] > git for-each-ref --format=%(refname)%00%(upstream:short)%00%(objectname)%00%(upstream:track)%00%(upstream:remotename)%00%(upstream:remoteref) refs/heads/dev refs/remotes/dev [3ms]
2025-03-13 22:58:51.215 [info] > git status -z -uall [14ms]
2025-03-13 22:58:51.218 [info] > git for-each-ref --sort -committerdate --format %(refname) %(objectname) %(*objectname) [3ms]
2025-03-13 22:59:07.074 [info] > git config --get commit.template [20ms]
2025-03-13 22:59:07.076 [info] > git for-each-ref --format=%(refname)%00%(upstream:short)%00%(objectname)%00%(upstream:track)%00%(upstream:remotename)%00%(upstream:remoteref) refs/heads/dev refs/remotes/dev [3ms]
2025-03-13 22:59:07.101 [info] > git status -z -uall [10ms]
2025-03-13 22:59:07.102 [info] > git for-each-ref --sort -committerdate --format %(refname) %(objectname) %(*objectname) [2ms]
2025-03-13 22:59:21.722 [info] > git config --get commit.template [19ms]
2025-03-13 22:59:21.724 [info] > git for-each-ref --format=%(refname)%00%(upstream:short)%00%(objectname)%00%(upstream:track)%00%(upstream:remotename)%00%(upstream:remoteref) refs/heads/dev refs/remotes/dev [3ms]
2025-03-13 22:59:21.747 [info] > git status -z -uall [11ms]
2025-03-13 22:59:21.747 [info] > git for-each-ref --sort -committerdate --format %(refname) %(objectname) %(*objectname) [1ms]
2025-03-13 22:59:32.109 [info] > git show --textconv :Core/Src/main.c [17ms]
2025-03-13 22:59:32.112 [info] > git ls-files --stage -- /home/holelulu/projects/c_cpp_projects/stm32/Core/Src/main.c [4ms]
2025-03-13 22:59:32.122 [info] > git cat-file -s 39d6d9c831742a8dd17bd5b7f41fbea901e89442 [1ms]
2025-03-13 22:59:33.272 [info] > git show --textconv :Core/Inc/sx_1276.h [14ms]
2025-03-13 22:59:33.273 [info] > git ls-files --stage -- /home/holelulu/projects/c_cpp_projects/stm32/Core/Inc/sx_1276.h [2ms]
2025-03-13 22:59:33.291 [info] > git cat-file -s 4672fdbe409ea702db2d3838a8b9577c2385740f [2ms]
2025-03-13 22:59:33.912 [info] > git config --get commit.template [20ms]
2025-03-13 22:59:33.914 [info] > git for-each-ref --format=%(refname)%00%(upstream:short)%00%(objectname)%00%(upstream:track)%00%(upstream:remotename)%00%(upstream:remoteref) refs/heads/dev refs/remotes/dev [3ms]
2025-03-13 22:59:33.955 [info] > git status -z -uall [21ms]
2025-03-13 22:59:33.956 [info] > git for-each-ref --sort -committerdate --format %(refname) %(objectname) %(*objectname) [2ms]
2025-03-13 22:59:43.337 [info] > git config --get commit.template [1ms]
2025-03-13 22:59:43.358 [info] > git for-each-ref --format=%(refname)%00%(upstream:short)%00%(objectname)%00%(upstream:track)%00%(upstream:remotename)%00%(upstream:remoteref) refs/heads/dev refs/remotes/dev [2ms]
2025-03-13 22:59:43.387 [info] > git status -z -uall [16ms]
2025-03-13 22:59:43.388 [info] > git for-each-ref --sort -committerdate --format %(refname) %(objectname) %(*objectname) [2ms]
2025-03-13 22:59:48.409 [info] > git config --get commit.template [2ms]
2025-03-13 22:59:48.424 [info] > git for-each-ref --format=%(refname)%00%(upstream:short)%00%(objectname)%00%(upstream:track)%00%(upstream:remotename)%00%(upstream:remoteref) refs/heads/dev refs/remotes/dev [2ms]
2025-03-13 22:59:48.456 [info] > git status -z -uall [18ms]
2025-03-13 22:59:48.459 [info] > git for-each-ref --sort -committerdate --format %(refname) %(objectname) %(*objectname) [4ms]
2025-03-13 22:59:50.357 [info] > git show --textconv :Core/Src/main.c [13ms]
2025-03-13 22:59:50.360 [info] > git ls-files --stage -- /home/holelulu/projects/c_cpp_projects/stm32/Core/Src/main.c [4ms]
2025-03-13 22:59:50.375 [info] > git cat-file -s 39d6d9c831742a8dd17bd5b7f41fbea901e89442 [1ms]
2025-03-13 22:59:50.772 [info] > git show --textconv :Core/Src/sx_1276.c [17ms]
2025-03-13 22:59:50.774 [info] > git ls-files --stage -- /home/holelulu/projects/c_cpp_projects/stm32/Core/Src/sx_1276.c [3ms]
2025-03-13 22:59:50.791 [info] > git cat-file -s 9da37fa3b209524b26bd828611a666b02227f961 [2ms]
2025-03-13 23:00:12.791 [info] > git config --get commit.template [13ms]
2025-03-13 23:00:12.792 [info] > git for-each-ref --format=%(refname)%00%(upstream:short)%00%(objectname)%00%(upstream:track)%00%(upstream:remotename)%00%(upstream:remoteref) refs/heads/dev refs/remotes/dev [2ms]
2025-03-13 23:00:12.811 [info] > git status -z -uall [10ms]
2025-03-13 23:00:12.813 [info] > git for-each-ref --sort -committerdate --format %(refname) %(objectname) %(*objectname) [2ms]
2025-03-13 23:04:01.647 [info] > git show --textconv :Core/Src/main.c [18ms]
2025-03-13 23:04:01.649 [info] > git ls-files --stage -- /home/holelulu/projects/c_cpp_projects/stm32/Core/Src/main.c [3ms]
2025-03-13 23:04:01.665 [info] > git cat-file -s 39d6d9c831742a8dd17bd5b7f41fbea901e89442 [3ms]
2025-03-13 23:04:03.243 [info] > git show --textconv :Core/Src/sx_1276.c [19ms]
2025-03-13 23:04:03.245 [info] > git ls-files --stage -- /home/holelulu/projects/c_cpp_projects/stm32/Core/Src/sx_1276.c [3ms]
2025-03-13 23:04:03.266 [info] > git cat-file -s 9da37fa3b209524b26bd828611a666b02227f961 [3ms]
2025-03-13 23:04:04.169 [info] > git show --textconv :Core/Src/main.c [18ms]
2025-03-13 23:04:04.171 [info] > git ls-files --stage -- /home/holelulu/projects/c_cpp_projects/stm32/Core/Src/main.c [2ms]
2025-03-13 23:04:04.191 [info] > git cat-file -s 39d6d9c831742a8dd17bd5b7f41fbea901e89442 [4ms]
2025-03-13 23:07:48.434 [info] > git config --get commit.template [19ms]
2025-03-13 23:07:48.436 [info] > git for-each-ref --format=%(refname)%00%(upstream:short)%00%(objectname)%00%(upstream:track)%00%(upstream:remotename)%00%(upstream:remoteref) refs/heads/dev refs/remotes/dev [3ms]
2025-03-13 23:07:48.463 [info] > git status -z -uall [13ms]
2025-03-13 23:07:48.465 [info] > git for-each-ref --sort -committerdate --format %(refname) %(objectname) %(*objectname) [3ms]
2025-03-13 23:08:51.198 [info] > git check-ignore -v -z --stdin [2ms]
2025-03-13 23:14:19.840 [info] > git config --get commit.template [11ms]
2025-03-13 23:14:19.841 [info] > git for-each-ref --format=%(refname)%00%(upstream:short)%00%(objectname)%00%(upstream:track)%00%(upstream:remotename)%00%(upstream:remoteref) refs/heads/dev refs/remotes/dev [2ms]
2025-03-13 23:14:19.860 [info] > git status -z -uall [11ms]
2025-03-13 23:14:19.862 [info] > git for-each-ref --sort -committerdate --format %(refname) %(objectname) %(*objectname) [2ms]
2025-03-13 23:14:45.963 [info] > git check-ignore -v -z --stdin [2ms]
2025-03-13 23:25:14.466 [info] > git config --get commit.template [11ms]
2025-03-13 23:25:14.467 [info] > git for-each-ref --format=%(refname)%00%(upstream:short)%00%(objectname)%00%(upstream:track)%00%(upstream:remotename)%00%(upstream:remoteref) refs/heads/dev refs/remotes/dev [2ms]
2025-03-13 23:25:14.496 [info] > git status -z -uall [15ms]
2025-03-13 23:25:14.498 [info] > git for-each-ref --sort -committerdate --format %(refname) %(objectname) %(*objectname) [4ms]
2025-03-13 23:25:19.534 [info] > git config --get commit.template [14ms]
2025-03-13 23:25:19.535 [info] > git for-each-ref --format=%(refname)%00%(upstream:short)%00%(objectname)%00%(upstream:track)%00%(upstream:remotename)%00%(upstream:remoteref) refs/heads/dev refs/remotes/dev [1ms]
2025-03-13 23:25:19.567 [info] > git status -z -uall [19ms]
2025-03-13 23:25:19.570 [info] > git for-each-ref --sort -committerdate --format %(refname) %(objectname) %(*objectname) [5ms]
2025-03-13 23:25:39.280 [info] > git config --get commit.template [19ms]
2025-03-13 23:25:39.282 [info] > git for-each-ref --format=%(refname)%00%(upstream:short)%00%(objectname)%00%(upstream:track)%00%(upstream:remotename)%00%(upstream:remoteref) refs/heads/dev refs/remotes/dev [3ms]
2025-03-13 23:25:39.308 [info] > git status -z -uall [12ms]
2025-03-13 23:25:39.309 [info] > git for-each-ref --sort -committerdate --format %(refname) %(objectname) %(*objectname) [2ms]
2025-03-13 23:25:42.174 [info] > git show --textconv :Core/Src/sx_1276.c [20ms]
2025-03-13 23:25:42.178 [info] > git ls-files --stage -- /home/holelulu/projects/c_cpp_projects/stm32/Core/Src/sx_1276.c [5ms]
2025-03-13 23:25:42.196 [info] > git cat-file -s 9da37fa3b209524b26bd828611a666b02227f961 [3ms]
2025-03-13 23:25:44.331 [info] > git config --get commit.template [2ms]
2025-03-13 23:25:44.348 [info] > git for-each-ref --format=%(refname)%00%(upstream:short)%00%(objectname)%00%(upstream:track)%00%(upstream:remotename)%00%(upstream:remoteref) refs/heads/dev refs/remotes/dev [2ms]
2025-03-13 23:25:44.375 [info] > git status -z -uall [14ms]
2025-03-13 23:25:44.377 [info] > git for-each-ref --sort -committerdate --format %(refname) %(objectname) %(*objectname) [2ms]
2025-03-13 23:27:34.196 [info] > git config --get commit.template [15ms]
2025-03-13 23:27:34.198 [info] > git for-each-ref --format=%(refname)%00%(upstream:short)%00%(objectname)%00%(upstream:track)%00%(upstream:remotename)%00%(upstream:remoteref) refs/heads/dev refs/remotes/dev [3ms]
2025-03-13 23:27:34.233 [info] > git status -z -uall [19ms]
2025-03-13 23:27:34.236 [info] > git for-each-ref --sort -committerdate --format %(refname) %(objectname) %(*objectname) [4ms]
2025-03-13 23:28:21.640 [info] > git config --get commit.template [15ms]
2025-03-13 23:28:21.641 [info] > git for-each-ref --format=%(refname)%00%(upstream:short)%00%(objectname)%00%(upstream:track)%00%(upstream:remotename)%00%(upstream:remoteref) refs/heads/dev refs/remotes/dev [2ms]
2025-03-13 23:28:21.660 [info] > git status -z -uall [10ms]
2025-03-13 23:28:21.661 [info] > git for-each-ref --sort -committerdate --format %(refname) %(objectname) %(*objectname) [2ms]
2025-03-13 23:28:55.694 [info] > git config --get commit.template [10ms]
2025-03-13 23:28:55.695 [info] > git for-each-ref --format=%(refname)%00%(upstream:short)%00%(objectname)%00%(upstream:track)%00%(upstream:remotename)%00%(upstream:remoteref) refs/heads/dev refs/remotes/dev [2ms]
2025-03-13 23:28:55.721 [info] > git status -z -uall [15ms]
2025-03-13 23:28:55.722 [info] > git for-each-ref --sort -committerdate --format %(refname) %(objectname) %(*objectname) [2ms]
2025-03-13 23:29:33.259 [info] > git config --get commit.template [12ms]
2025-03-13 23:29:33.259 [info] > git for-each-ref --format=%(refname)%00%(upstream:short)%00%(objectname)%00%(upstream:track)%00%(upstream:remotename)%00%(upstream:remoteref) refs/heads/dev refs/remotes/dev [2ms]
2025-03-13 23:29:33.284 [info] > git status -z -uall [10ms]
2025-03-13 23:29:33.286 [info] > git for-each-ref --sort -committerdate --format %(refname) %(objectname) %(*objectname) [1ms]
2025-03-13 23:29:46.483 [info] > git config --get commit.template [17ms]
2025-03-13 23:29:46.486 [info] > git for-each-ref --format=%(refname)%00%(upstream:short)%00%(objectname)%00%(upstream:track)%00%(upstream:remotename)%00%(upstream:remoteref) refs/heads/dev refs/remotes/dev [4ms]
2025-03-13 23:29:46.516 [info] > git status -z -uall [14ms]
2025-03-13 23:29:46.517 [info] > git for-each-ref --sort -committerdate --format %(refname) %(objectname) %(*objectname) [3ms]
2025-03-13 23:29:51.536 [info] > git config --get commit.template [3ms]
2025-03-13 23:29:51.553 [info] > git for-each-ref --format=%(refname)%00%(upstream:short)%00%(objectname)%00%(upstream:track)%00%(upstream:remotename)%00%(upstream:remoteref) refs/heads/dev refs/remotes/dev [2ms]
2025-03-13 23:29:51.586 [info] > git status -z -uall [17ms]
2025-03-13 23:29:51.589 [info] > git for-each-ref --sort -committerdate --format %(refname) %(objectname) %(*objectname) [4ms]
2025-03-13 23:29:59.306 [info] > git config --get commit.template [1ms]
2025-03-13 23:29:59.319 [info] > git for-each-ref --format=%(refname)%00%(upstream:short)%00%(objectname)%00%(upstream:track)%00%(upstream:remotename)%00%(upstream:remoteref) refs/heads/dev refs/remotes/dev [1ms]
2025-03-13 23:29:59.349 [info] > git status -z -uall [16ms]
2025-03-13 23:29:59.352 [info] > git for-each-ref --sort -committerdate --format %(refname) %(objectname) %(*objectname) [3ms]
2025-03-13 23:30:04.386 [info] > git config --get commit.template [16ms]
2025-03-13 23:30:04.388 [info] > git for-each-ref --format=%(refname)%00%(upstream:short)%00%(objectname)%00%(upstream:track)%00%(upstream:remotename)%00%(upstream:remoteref) refs/heads/dev refs/remotes/dev [2ms]
2025-03-13 23:30:04.423 [info] > git status -z -uall [19ms]
2025-03-13 23:30:04.426 [info] > git for-each-ref --sort -committerdate --format %(refname) %(objectname) %(*objectname) [4ms]
2025-03-13 23:30:22.518 [info] > git config --get commit.template [19ms]
2025-03-13 23:30:22.520 [info] > git for-each-ref --format=%(refname)%00%(upstream:short)%00%(objectname)%00%(upstream:track)%00%(upstream:remotename)%00%(upstream:remoteref) refs/heads/dev refs/remotes/dev [3ms]
2025-03-13 23:30:22.554 [info] > git status -z -uall [17ms]
2025-03-13 23:30:22.555 [info] > git for-each-ref --sort -committerdate --format %(refname) %(objectname) %(*objectname) [2ms]
2025-03-13 23:30:27.596 [info] > git config --get commit.template [19ms]
2025-03-13 23:30:27.599 [info] > git for-each-ref --format=%(refname)%00%(upstream:short)%00%(objectname)%00%(upstream:track)%00%(upstream:remotename)%00%(upstream:remoteref) refs/heads/dev refs/remotes/dev [4ms]
2025-03-13 23:30:27.635 [info] > git status -z -uall [21ms]
2025-03-13 23:30:27.640 [info] > git for-each-ref --sort -committerdate --format %(refname) %(objectname) %(*objectname) [7ms]
2025-03-13 23:30:32.677 [info] > git config --get commit.template [14ms]
2025-03-13 23:30:32.678 [info] > git for-each-ref --format=%(refname)%00%(upstream:short)%00%(objectname)%00%(upstream:track)%00%(upstream:remotename)%00%(upstream:remoteref) refs/heads/dev refs/remotes/dev [1ms]
2025-03-13 23:30:32.707 [info] > git status -z -uall [15ms]
2025-03-13 23:30:32.709 [info] > git for-each-ref --sort -committerdate --format %(refname) %(objectname) %(*objectname) [3ms]
2025-03-13 23:30:51.051 [info] > git config --get commit.template [17ms]
2025-03-13 23:30:51.051 [info] > git for-each-ref --format=%(refname)%00%(upstream:short)%00%(objectname)%00%(upstream:track)%00%(upstream:remotename)%00%(upstream:remoteref) refs/heads/dev refs/remotes/dev [1ms]
2025-03-13 23:30:51.078 [info] > git status -z -uall [14ms]
2025-03-13 23:30:51.078 [info] > git for-each-ref --sort -committerdate --format %(refname) %(objectname) %(*objectname) [2ms]
2025-03-13 23:31:00.398 [info] > git config --get commit.template [19ms]
2025-03-13 23:31:00.400 [info] > git for-each-ref --format=%(refname)%00%(upstream:short)%00%(objectname)%00%(upstream:track)%00%(upstream:remotename)%00%(upstream:remoteref) refs/heads/dev refs/remotes/dev [3ms]
2025-03-13 23:31:00.438 [info] > git status -z -uall [20ms]
2025-03-13 23:31:00.443 [info] > git for-each-ref --sort -committerdate --format %(refname) %(objectname) %(*objectname) [6ms]
2025-03-13 23:32:00.273 [info] > git config --get commit.template [20ms]
2025-03-13 23:32:00.275 [info] > git for-each-ref --format=%(refname)%00%(upstream:short)%00%(objectname)%00%(upstream:track)%00%(upstream:remotename)%00%(upstream:remoteref) refs/heads/dev refs/remotes/dev [4ms]
2025-03-13 23:32:00.308 [info] > git status -z -uall [15ms]
2025-03-13 23:32:00.309 [info] > git for-each-ref --sort -committerdate --format %(refname) %(objectname) %(*objectname) [2ms]
2025-03-13 23:32:05.352 [info] > git config --get commit.template [19ms]
2025-03-13 23:32:05.354 [info] > git for-each-ref --format=%(refname)%00%(upstream:short)%00%(objectname)%00%(upstream:track)%00%(upstream:remotename)%00%(upstream:remoteref) refs/heads/dev refs/remotes/dev [3ms]
2025-03-13 23:32:05.383 [info] > git status -z -uall [13ms]
2025-03-13 23:32:05.385 [info] > git for-each-ref --sort -committerdate --format %(refname) %(objectname) %(*objectname) [4ms]
2025-03-13 23:32:18.792 [info] > git show --textconv :Core/Src/main.c [17ms]
2025-03-13 23:32:18.793 [info] > git ls-files --stage -- /home/holelulu/projects/c_cpp_projects/stm32/Core/Src/main.c [2ms]
2025-03-13 23:32:18.808 [info] > git cat-file -s 39d6d9c831742a8dd17bd5b7f41fbea901e89442 [1ms]
2025-03-13 23:32:24.924 [info] > git config --get commit.template [15ms]
2025-03-13 23:32:24.925 [info] > git for-each-ref --format=%(refname)%00%(upstream:short)%00%(objectname)%00%(upstream:track)%00%(upstream:remotename)%00%(upstream:remoteref) refs/heads/dev refs/remotes/dev [2ms]
2025-03-13 23:32:24.957 [info] > git status -z -uall [17ms]
2025-03-13 23:32:24.960 [info] > git for-each-ref --sort -committerdate --format %(refname) %(objectname) %(*objectname) [3ms]
2025-03-13 23:32:40.988 [info] > git config --get commit.template [20ms]
2025-03-13 23:32:40.991 [info] > git for-each-ref --format=%(refname)%00%(upstream:short)%00%(objectname)%00%(upstream:track)%00%(upstream:remotename)%00%(upstream:remoteref) refs/heads/dev refs/remotes/dev [4ms]
2025-03-13 23:32:41.031 [info] > git status -z -uall [20ms]
2025-03-13 23:32:41.035 [info] > git for-each-ref --sort -committerdate --format %(refname) %(objectname) %(*objectname) [6ms]
2025-03-13 23:32:41.361 [info] > git show --textconv :Core/Src/sx_1276.c [12ms]
2025-03-13 23:32:41.362 [info] > git ls-files --stage -- /home/holelulu/projects/c_cpp_projects/stm32/Core/Src/sx_1276.c [2ms]
2025-03-13 23:32:41.378 [info] > git cat-file -s 9da37fa3b209524b26bd828611a666b02227f961 [2ms]
2025-03-13 23:33:15.060 [info] > git config --get commit.template [4ms]
2025-03-13 23:33:15.082 [info] > git for-each-ref --format=%(refname)%00%(upstream:short)%00%(objectname)%00%(upstream:track)%00%(upstream:remotename)%00%(upstream:remoteref) refs/heads/dev refs/remotes/dev [6ms]
2025-03-13 23:33:15.116 [info] > git status -z -uall [18ms]
2025-03-13 23:33:15.116 [info] > git for-each-ref --sort -committerdate --format %(refname) %(objectname) %(*objectname) [3ms]
2025-03-13 23:33:15.482 [info] > git show --textconv :Core/Src/main.c [15ms]
2025-03-13 23:33:15.484 [info] > git ls-files --stage -- /home/holelulu/projects/c_cpp_projects/stm32/Core/Src/main.c [3ms]
2025-03-13 23:33:15.500 [info] > git cat-file -s 39d6d9c831742a8dd17bd5b7f41fbea901e89442 [3ms]
