2025-03-14 09:56:53.330 [info] [main] Log level: Info
2025-03-14 09:56:53.330 [info] [main] Validating found git in: "git"
2025-03-14 09:56:53.330 [info] [main] Using git "2.48.1" from "git"
2025-03-14 09:56:53.330 [info] [Model][doInitialScan] Initial repository scan started
2025-03-14 09:56:53.330 [info] > git rev-parse --show-toplevel [56ms]
2025-03-14 09:56:53.341 [info] > git rev-parse --git-dir --git-common-dir [14ms]
2025-03-14 09:56:53.352 [info] [Model][openRepository] Opened repository: /home/holelulu/projects/c_cpp_projects/stm32
2025-03-14 09:56:53.374 [info] > git rev-parse --show-toplevel [7ms]
2025-03-14 09:56:53.374 [info] > git config --get commit.template [13ms]
2025-03-14 09:56:53.395 [info] > git for-each-ref --format=%(refname)%00%(upstream:short)%00%(objectname)%00%(upstream:track)%00%(upstream:remotename)%00%(upstream:remoteref) refs/heads/dev refs/remotes/dev [2ms]
2025-03-14 09:56:53.414 [info] > git rev-parse --show-toplevel [31ms]
2025-03-14 09:56:53.423 [info] > git status -z -uall [19ms]
2025-03-14 09:56:53.424 [info] > git rev-parse --show-toplevel [2ms]
2025-03-14 09:56:53.424 [info] > git for-each-ref --sort -committerdate --format %(refname) %(objectname) %(*objectname) [10ms]
2025-03-14 09:56:53.462 [info] > git for-each-ref --format=%(refname)%00%(upstream:short)%00%(objectname)%00%(upstream:track)%00%(upstream:remotename)%00%(upstream:remoteref) refs/heads/dev refs/remotes/dev [18ms]
2025-03-14 09:56:53.475 [info] > git config --get commit.template [14ms]
2025-03-14 09:56:53.475 [info] > git rev-parse --show-toplevel [21ms]
2025-03-14 09:56:53.494 [info] > git config --get --local branch.dev.vscode-merge-base [22ms]
2025-03-14 09:56:53.539 [info] > git for-each-ref --format=%(refname)%00%(upstream:short)%00%(objectname)%00%(upstream:track)%00%(upstream:remotename)%00%(upstream:remoteref) refs/heads/origin/dev refs/remotes/origin/dev [38ms]
2025-03-14 09:56:53.540 [info] > git rev-parse --show-toplevel [55ms]
2025-03-14 09:56:53.541 [info] [Model][doInitialScan] Initial repository scan completed - repositories (1), closed repositories (0), parent repositories (0), unsafe repositories (0)
2025-03-14 09:56:53.543 [info] > git for-each-ref --format=%(refname)%00%(upstream:short)%00%(objectname)%00%(upstream:track)%00%(upstream:remotename)%00%(upstream:remoteref) refs/heads/dev refs/remotes/dev [9ms]
2025-03-14 09:56:53.560 [info] > git status -z -uall [8ms]
2025-03-14 09:56:53.563 [info] > git for-each-ref --sort -committerdate --format %(refname) %(objectname) %(*objectname) [4ms]
2025-03-14 09:56:53.673 [info] > git show --textconv :Core/Src/main.c [9ms]
2025-03-14 09:56:53.674 [info] > git ls-files --stage -- /home/holelulu/projects/c_cpp_projects/stm32/Core/Src/main.c [2ms]
2025-03-14 09:56:53.686 [info] > git cat-file -s 5445d9f9417f8a419779e75187d69cc342f6d88e [3ms]
2025-03-14 09:56:54.040 [info] > git check-ignore -v -z --stdin [2ms]
2025-03-14 09:56:54.041 [info] > git blame --root --incremental e17002ab78883d429b984ce81ecf0bc541d6a585 -- /home/holelulu/projects/c_cpp_projects/stm32/Core/Src/main.c [326ms]
2025-03-14 10:33:03.192 [info] > git show --textconv :Core/Src/sx_1276.c [10ms]
2025-03-14 10:33:03.194 [info] > git ls-files --stage -- /home/holelulu/projects/c_cpp_projects/stm32/Core/Src/sx_1276.c [2ms]
2025-03-14 10:33:03.204 [info] > git cat-file -s 1c982a023b689f207c44eb26a8159238f58820f8 [2ms]
2025-03-14 10:33:03.238 [info] > git blame --root --incremental e17002ab78883d429b984ce81ecf0bc541d6a585 -- /home/holelulu/projects/c_cpp_projects/stm32/Core/Src/sx_1276.c [7ms]
2025-03-14 10:33:29.844 [info] > git config --get commit.template [3ms]
2025-03-14 10:33:29.868 [info] > git for-each-ref --format=%(refname)%00%(upstream:short)%00%(objectname)%00%(upstream:track)%00%(upstream:remotename)%00%(upstream:remoteref) refs/heads/dev refs/remotes/dev [1ms]
2025-03-14 10:33:29.898 [info] > git status -z -uall [15ms]
2025-03-14 10:33:29.901 [info] > git for-each-ref --sort -committerdate --format %(refname) %(objectname) %(*objectname) [4ms]
2025-03-14 10:33:47.029 [info] > git for-each-ref --format=%(refname)%00%(upstream:short)%00%(objectname)%00%(upstream:track)%00%(upstream:remotename)%00%(upstream:remoteref) refs/heads/dev refs/remotes/dev [2ms]
2025-03-14 10:33:47.030 [info] > git config --get commit.template [17ms]
2025-03-14 10:33:47.057 [info] > git status -z -uall [14ms]
2025-03-14 10:33:47.059 [info] > git for-each-ref --sort -committerdate --format %(refname) %(objectname) %(*objectname) [2ms]
2025-03-14 10:34:42.644 [info] > git config --get commit.template [19ms]
2025-03-14 10:34:42.645 [info] > git for-each-ref --format=%(refname)%00%(upstream:short)%00%(objectname)%00%(upstream:track)%00%(upstream:remotename)%00%(upstream:remoteref) refs/heads/dev refs/remotes/dev [2ms]
2025-03-14 10:34:42.681 [info] > git status -z -uall [19ms]
2025-03-14 10:34:42.683 [info] > git for-each-ref --sort -committerdate --format %(refname) %(objectname) %(*objectname) [3ms]
2025-03-14 10:35:24.461 [info] > git config --get commit.template [11ms]
2025-03-14 10:35:24.462 [info] > git for-each-ref --format=%(refname)%00%(upstream:short)%00%(objectname)%00%(upstream:track)%00%(upstream:remotename)%00%(upstream:remoteref) refs/heads/dev refs/remotes/dev [1ms]
2025-03-14 10:35:24.490 [info] > git status -z -uall [16ms]
2025-03-14 10:35:24.493 [info] > git for-each-ref --sort -committerdate --format %(refname) %(objectname) %(*objectname) [3ms]
2025-03-14 10:35:29.526 [info] > git config --get commit.template [13ms]
2025-03-14 10:35:29.527 [info] > git for-each-ref --format=%(refname)%00%(upstream:short)%00%(objectname)%00%(upstream:track)%00%(upstream:remotename)%00%(upstream:remoteref) refs/heads/dev refs/remotes/dev [2ms]
2025-03-14 10:35:29.560 [info] > git status -z -uall [20ms]
2025-03-14 10:35:29.562 [info] > git for-each-ref --sort -committerdate --format %(refname) %(objectname) %(*objectname) [4ms]
2025-03-14 10:35:34.604 [info] > git config --get commit.template [19ms]
2025-03-14 10:35:34.605 [info] > git for-each-ref --format=%(refname)%00%(upstream:short)%00%(objectname)%00%(upstream:track)%00%(upstream:remotename)%00%(upstream:remoteref) refs/heads/dev refs/remotes/dev [2ms]
2025-03-14 10:35:34.640 [info] > git status -z -uall [19ms]
2025-03-14 10:35:34.643 [info] > git for-each-ref --sort -committerdate --format %(refname) %(objectname) %(*objectname) [4ms]
2025-03-14 10:35:40.515 [info] > git config --get commit.template [19ms]
2025-03-14 10:35:40.517 [info] > git for-each-ref --format=%(refname)%00%(upstream:short)%00%(objectname)%00%(upstream:track)%00%(upstream:remotename)%00%(upstream:remoteref) refs/heads/dev refs/remotes/dev [3ms]
2025-03-14 10:35:40.555 [info] > git status -z -uall [21ms]
2025-03-14 10:35:40.558 [info] > git for-each-ref --sort -committerdate --format %(refname) %(objectname) %(*objectname) [4ms]
2025-03-14 10:35:53.329 [info] > git config --get commit.template [18ms]
2025-03-14 10:35:53.331 [info] > git for-each-ref --format=%(refname)%00%(upstream:short)%00%(objectname)%00%(upstream:track)%00%(upstream:remotename)%00%(upstream:remoteref) refs/heads/dev refs/remotes/dev [3ms]
2025-03-14 10:35:53.367 [info] > git status -z -uall [19ms]
2025-03-14 10:35:53.369 [info] > git for-each-ref --sort -committerdate --format %(refname) %(objectname) %(*objectname) [3ms]
2025-03-14 10:38:04.172 [info] > git config --get commit.template [18ms]
2025-03-14 10:38:04.175 [info] > git for-each-ref --format=%(refname)%00%(upstream:short)%00%(objectname)%00%(upstream:track)%00%(upstream:remotename)%00%(upstream:remoteref) refs/heads/dev refs/remotes/dev [2ms]
2025-03-14 10:38:04.204 [info] > git status -z -uall [16ms]
2025-03-14 10:38:04.207 [info] > git for-each-ref --sort -committerdate --format %(refname) %(objectname) %(*objectname) [3ms]
2025-03-14 10:38:28.672 [info] > git config --get commit.template [17ms]
2025-03-14 10:38:28.673 [info] > git for-each-ref --format=%(refname)%00%(upstream:short)%00%(objectname)%00%(upstream:track)%00%(upstream:remotename)%00%(upstream:remoteref) refs/heads/dev refs/remotes/dev [3ms]
2025-03-14 10:38:28.700 [info] > git status -z -uall [14ms]
2025-03-14 10:38:28.702 [info] > git for-each-ref --sort -committerdate --format %(refname) %(objectname) %(*objectname) [3ms]
2025-03-14 10:38:38.852 [info] > git for-each-ref --format=%(refname)%00%(upstream:short)%00%(objectname)%00%(upstream:track)%00%(upstream:remotename)%00%(upstream:remoteref) refs/heads/dev refs/remotes/dev [3ms]
2025-03-14 10:38:38.852 [info] > git config --get commit.template [18ms]
2025-03-14 10:38:38.886 [info] > git status -z -uall [21ms]
2025-03-14 10:38:38.890 [info] > git for-each-ref --sort -committerdate --format %(refname) %(objectname) %(*objectname) [6ms]
2025-03-14 10:38:52.951 [info] > git config --get commit.template [14ms]
2025-03-14 10:38:52.952 [info] > git for-each-ref --format=%(refname)%00%(upstream:short)%00%(objectname)%00%(upstream:track)%00%(upstream:remotename)%00%(upstream:remoteref) refs/heads/dev refs/remotes/dev [2ms]
2025-03-14 10:38:52.982 [info] > git status -z -uall [18ms]
2025-03-14 10:38:52.984 [info] > git for-each-ref --sort -committerdate --format %(refname) %(objectname) %(*objectname) [3ms]
2025-03-14 10:39:09.325 [info] > git config --get commit.template [21ms]
2025-03-14 10:39:09.326 [info] > git for-each-ref --format=%(refname)%00%(upstream:short)%00%(objectname)%00%(upstream:track)%00%(upstream:remotename)%00%(upstream:remoteref) refs/heads/dev refs/remotes/dev [5ms]
2025-03-14 10:39:09.362 [info] > git status -z -uall [19ms]
2025-03-14 10:39:09.366 [info] > git for-each-ref --sort -committerdate --format %(refname) %(objectname) %(*objectname) [4ms]
2025-03-14 10:39:14.401 [info] > git config --get commit.template [13ms]
2025-03-14 10:39:14.401 [info] > git for-each-ref --format=%(refname)%00%(upstream:short)%00%(objectname)%00%(upstream:track)%00%(upstream:remotename)%00%(upstream:remoteref) refs/heads/dev refs/remotes/dev [2ms]
2025-03-14 10:39:14.429 [info] > git status -z -uall [14ms]
2025-03-14 10:39:14.430 [info] > git for-each-ref --sort -committerdate --format %(refname) %(objectname) %(*objectname) [2ms]
2025-03-14 10:39:51.961 [info] > git config --get commit.template [16ms]
2025-03-14 10:39:51.962 [info] > git for-each-ref --format=%(refname)%00%(upstream:short)%00%(objectname)%00%(upstream:track)%00%(upstream:remotename)%00%(upstream:remoteref) refs/heads/dev refs/remotes/dev [1ms]
2025-03-14 10:39:51.990 [info] > git status -z -uall [13ms]
2025-03-14 10:39:51.993 [info] > git for-each-ref --sort -committerdate --format %(refname) %(objectname) %(*objectname) [4ms]
2025-03-14 10:42:35.339 [info] > git show --textconv :Core/Inc/sx_1276.h [18ms]
2025-03-14 10:42:35.342 [info] > git ls-files --stage -- /home/holelulu/projects/c_cpp_projects/stm32/Core/Inc/sx_1276.h [3ms]
2025-03-14 10:42:35.363 [info] > git cat-file -s 78fcd298a079be73b18852acc941066c334f8752 [4ms]
2025-03-14 10:42:35.396 [info] > git blame --root --incremental e17002ab78883d429b984ce81ecf0bc541d6a585 -- /home/holelulu/projects/c_cpp_projects/stm32/Core/Inc/sx_1276.h [11ms]
2025-03-14 10:42:39.647 [info] > git for-each-ref --format=%(refname)%00%(upstream:short)%00%(objectname)%00%(upstream:track)%00%(upstream:remotename)%00%(upstream:remoteref) refs/heads/dev refs/remotes/dev [2ms]
2025-03-14 10:42:39.647 [info] > git config --get commit.template [16ms]
2025-03-14 10:42:39.674 [info] > git status -z -uall [14ms]
2025-03-14 10:42:39.676 [info] > git for-each-ref --sort -committerdate --format %(refname) %(objectname) %(*objectname) [3ms]
2025-03-14 10:42:44.710 [info] > git config --get commit.template [12ms]
2025-03-14 10:42:44.711 [info] > git for-each-ref --format=%(refname)%00%(upstream:short)%00%(objectname)%00%(upstream:track)%00%(upstream:remotename)%00%(upstream:remoteref) refs/heads/dev refs/remotes/dev [1ms]
2025-03-14 10:42:44.740 [info] > git status -z -uall [16ms]
2025-03-14 10:42:44.743 [info] > git for-each-ref --sort -committerdate --format %(refname) %(objectname) %(*objectname) [4ms]
2025-03-14 10:42:49.772 [info] > git config --get commit.template [10ms]
2025-03-14 10:42:49.773 [info] > git for-each-ref --format=%(refname)%00%(upstream:short)%00%(objectname)%00%(upstream:track)%00%(upstream:remotename)%00%(upstream:remoteref) refs/heads/dev refs/remotes/dev [1ms]
2025-03-14 10:42:49.790 [info] > git status -z -uall [9ms]
2025-03-14 10:42:49.791 [info] > git for-each-ref --sort -committerdate --format %(refname) %(objectname) %(*objectname) [2ms]
2025-03-14 10:42:49.853 [info] > git show --textconv :Core/Src/main.c [10ms]
2025-03-14 10:42:49.855 [info] > git ls-files --stage -- /home/holelulu/projects/c_cpp_projects/stm32/Core/Src/main.c [2ms]
2025-03-14 10:42:49.866 [info] > git cat-file -s 5445d9f9417f8a419779e75187d69cc342f6d88e [1ms]
2025-03-14 10:42:51.671 [info] > git show --textconv :Core/Src/sx_1276.c [18ms]
2025-03-14 10:42:51.673 [info] > git ls-files --stage -- /home/holelulu/projects/c_cpp_projects/stm32/Core/Src/sx_1276.c [3ms]
2025-03-14 10:42:51.689 [info] > git cat-file -s 1c982a023b689f207c44eb26a8159238f58820f8 [1ms]
2025-03-14 10:43:10.366 [info] > git show --textconv :Core/Inc/sx_1276.h [10ms]
2025-03-14 10:43:10.367 [info] > git ls-files --stage -- /home/holelulu/projects/c_cpp_projects/stm32/Core/Inc/sx_1276.h [2ms]
2025-03-14 10:43:10.376 [info] > git cat-file -s 78fcd298a079be73b18852acc941066c334f8752 [1ms]
2025-03-14 10:43:12.876 [info] > git show --textconv :Core/Src/sx_1276.c [17ms]
2025-03-14 10:43:12.876 [info] > git ls-files --stage -- /home/holelulu/projects/c_cpp_projects/stm32/Core/Src/sx_1276.c [2ms]
2025-03-14 10:43:12.898 [info] > git cat-file -s 1c982a023b689f207c44eb26a8159238f58820f8 [4ms]
2025-03-14 10:43:32.789 [info] > git config --get commit.template [16ms]
2025-03-14 10:43:32.790 [info] > git for-each-ref --format=%(refname)%00%(upstream:short)%00%(objectname)%00%(upstream:track)%00%(upstream:remotename)%00%(upstream:remoteref) refs/heads/dev refs/remotes/dev [3ms]
2025-03-14 10:43:32.820 [info] > git status -z -uall [15ms]
2025-03-14 10:43:32.823 [info] > git for-each-ref --sort -committerdate --format %(refname) %(objectname) %(*objectname) [3ms]
2025-03-14 10:43:54.764 [info] > git config --get commit.template [16ms]
2025-03-14 10:43:54.766 [info] > git for-each-ref --format=%(refname)%00%(upstream:short)%00%(objectname)%00%(upstream:track)%00%(upstream:remotename)%00%(upstream:remoteref) refs/heads/dev refs/remotes/dev [3ms]
2025-03-14 10:43:54.792 [info] > git status -z -uall [16ms]
2025-03-14 10:43:54.794 [info] > git for-each-ref --sort -committerdate --format %(refname) %(objectname) %(*objectname) [3ms]
2025-03-14 10:44:02.272 [info] > git config --get commit.template [18ms]
2025-03-14 10:44:02.275 [info] > git for-each-ref --format=%(refname)%00%(upstream:short)%00%(objectname)%00%(upstream:track)%00%(upstream:remotename)%00%(upstream:remoteref) refs/heads/dev refs/remotes/dev [3ms]
2025-03-14 10:44:02.304 [info] > git status -z -uall [16ms]
2025-03-14 10:44:02.306 [info] > git for-each-ref --sort -committerdate --format %(refname) %(objectname) %(*objectname) [3ms]
2025-03-14 10:44:09.358 [info] > git config --get commit.template [19ms]
2025-03-14 10:44:09.359 [info] > git for-each-ref --format=%(refname)%00%(upstream:short)%00%(objectname)%00%(upstream:track)%00%(upstream:remotename)%00%(upstream:remoteref) refs/heads/dev refs/remotes/dev [3ms]
2025-03-14 10:44:09.387 [info] > git status -z -uall [14ms]
2025-03-14 10:44:09.388 [info] > git for-each-ref --sort -committerdate --format %(refname) %(objectname) %(*objectname) [2ms]
2025-03-14 10:44:28.259 [info] > git config --get commit.template [20ms]
2025-03-14 10:44:28.261 [info] > git for-each-ref --format=%(refname)%00%(upstream:short)%00%(objectname)%00%(upstream:track)%00%(upstream:remotename)%00%(upstream:remoteref) refs/heads/dev refs/remotes/dev [3ms]
2025-03-14 10:44:28.292 [info] > git status -z -uall [16ms]
2025-03-14 10:44:28.293 [info] > git for-each-ref --sort -committerdate --format %(refname) %(objectname) %(*objectname) [3ms]
2025-03-14 10:44:36.872 [info] > git config --get commit.template [1ms]
2025-03-14 10:44:36.889 [info] > git for-each-ref --format=%(refname)%00%(upstream:short)%00%(objectname)%00%(upstream:track)%00%(upstream:remotename)%00%(upstream:remoteref) refs/heads/dev refs/remotes/dev [3ms]
2025-03-14 10:44:36.923 [info] > git status -z -uall [18ms]
2025-03-14 10:44:36.926 [info] > git for-each-ref --sort -committerdate --format %(refname) %(objectname) %(*objectname) [3ms]
2025-03-14 10:44:45.814 [info] > git config --get commit.template [2ms]
2025-03-14 10:44:45.833 [info] > git for-each-ref --format=%(refname)%00%(upstream:short)%00%(objectname)%00%(upstream:track)%00%(upstream:remotename)%00%(upstream:remoteref) refs/heads/dev refs/remotes/dev [2ms]
2025-03-14 10:44:45.861 [info] > git status -z -uall [14ms]
2025-03-14 10:44:45.863 [info] > git for-each-ref --sort -committerdate --format %(refname) %(objectname) %(*objectname) [4ms]
2025-03-14 10:44:50.897 [info] > git config --get commit.template [16ms]
2025-03-14 10:44:50.898 [info] > git for-each-ref --format=%(refname)%00%(upstream:short)%00%(objectname)%00%(upstream:track)%00%(upstream:remotename)%00%(upstream:remoteref) refs/heads/dev refs/remotes/dev [2ms]
2025-03-14 10:44:50.923 [info] > git status -z -uall [13ms]
2025-03-14 10:44:50.925 [info] > git for-each-ref --sort -committerdate --format %(refname) %(objectname) %(*objectname) [2ms]
2025-03-14 10:45:21.011 [info] > git config --get commit.template [18ms]
2025-03-14 10:45:21.014 [info] > git for-each-ref --format=%(refname)%00%(upstream:short)%00%(objectname)%00%(upstream:track)%00%(upstream:remotename)%00%(upstream:remoteref) refs/heads/dev refs/remotes/dev [3ms]
2025-03-14 10:45:21.045 [info] > git status -z -uall [15ms]
2025-03-14 10:45:21.047 [info] > git for-each-ref --sort -committerdate --format %(refname) %(objectname) %(*objectname) [2ms]
2025-03-14 10:45:41.646 [info] > git config --get commit.template [2ms]
2025-03-14 10:45:41.660 [info] > git for-each-ref --format=%(refname)%00%(upstream:short)%00%(objectname)%00%(upstream:track)%00%(upstream:remotename)%00%(upstream:remoteref) refs/heads/dev refs/remotes/dev [2ms]
2025-03-14 10:45:41.688 [info] > git status -z -uall [15ms]
2025-03-14 10:45:41.689 [info] > git for-each-ref --sort -committerdate --format %(refname) %(objectname) %(*objectname) [3ms]
2025-03-14 10:45:46.738 [info] > git config --get commit.template [3ms]
2025-03-14 10:45:46.756 [info] > git for-each-ref --format=%(refname)%00%(upstream:short)%00%(objectname)%00%(upstream:track)%00%(upstream:remotename)%00%(upstream:remoteref) refs/heads/dev refs/remotes/dev [3ms]
2025-03-14 10:45:46.779 [info] > git status -z -uall [11ms]
2025-03-14 10:45:46.779 [info] > git for-each-ref --sort -committerdate --format %(refname) %(objectname) %(*objectname) [1ms]
2025-03-14 10:46:07.710 [info] > git for-each-ref --format=%(refname)%00%(upstream:short)%00%(objectname)%00%(upstream:track)%00%(upstream:remotename)%00%(upstream:remoteref) refs/heads/dev refs/remotes/dev [3ms]
2025-03-14 10:46:07.710 [info] > git config --get commit.template [16ms]
2025-03-14 10:46:07.737 [info] > git status -z -uall [14ms]
2025-03-14 10:46:07.738 [info] > git for-each-ref --sort -committerdate --format %(refname) %(objectname) %(*objectname) [2ms]
2025-03-14 10:46:13.443 [info] > git config --get commit.template [14ms]
2025-03-14 10:46:13.443 [info] > git for-each-ref --format=%(refname)%00%(upstream:short)%00%(objectname)%00%(upstream:track)%00%(upstream:remotename)%00%(upstream:remoteref) refs/heads/dev refs/remotes/dev [1ms]
2025-03-14 10:46:13.474 [info] > git status -z -uall [14ms]
2025-03-14 10:46:13.475 [info] > git for-each-ref --sort -committerdate --format %(refname) %(objectname) %(*objectname) [2ms]
2025-03-14 10:46:18.501 [info] > git config --get commit.template [3ms]
2025-03-14 10:46:18.520 [info] > git for-each-ref --format=%(refname)%00%(upstream:short)%00%(objectname)%00%(upstream:track)%00%(upstream:remotename)%00%(upstream:remoteref) refs/heads/dev refs/remotes/dev [2ms]
2025-03-14 10:46:18.555 [info] > git status -z -uall [18ms]
2025-03-14 10:46:18.558 [info] > git for-each-ref --sort -committerdate --format %(refname) %(objectname) %(*objectname) [4ms]
2025-03-14 10:46:33.062 [info] > git config --get commit.template [15ms]
2025-03-14 10:46:33.064 [info] > git for-each-ref --format=%(refname)%00%(upstream:short)%00%(objectname)%00%(upstream:track)%00%(upstream:remotename)%00%(upstream:remoteref) refs/heads/dev refs/remotes/dev [3ms]
2025-03-14 10:46:33.089 [info] > git status -z -uall [13ms]
2025-03-14 10:46:33.092 [info] > git for-each-ref --sort -committerdate --format %(refname) %(objectname) %(*objectname) [3ms]
2025-03-14 10:46:58.546 [info] > git config --get commit.template [16ms]
2025-03-14 10:46:58.546 [info] > git for-each-ref --format=%(refname)%00%(upstream:short)%00%(objectname)%00%(upstream:track)%00%(upstream:remotename)%00%(upstream:remoteref) refs/heads/dev refs/remotes/dev [1ms]
2025-03-14 10:46:58.575 [info] > git status -z -uall [15ms]
2025-03-14 10:46:58.576 [info] > git for-each-ref --sort -committerdate --format %(refname) %(objectname) %(*objectname) [2ms]
2025-03-14 10:47:52.631 [info] > git config --get commit.template [20ms]
2025-03-14 10:47:52.633 [info] > git for-each-ref --format=%(refname)%00%(upstream:short)%00%(objectname)%00%(upstream:track)%00%(upstream:remotename)%00%(upstream:remoteref) refs/heads/dev refs/remotes/dev [2ms]
2025-03-14 10:47:52.657 [info] > git status -z -uall [10ms]
2025-03-14 10:47:52.659 [info] > git for-each-ref --sort -committerdate --format %(refname) %(objectname) %(*objectname) [2ms]
2025-03-14 10:47:57.692 [info] > git config --get commit.template [15ms]
2025-03-14 10:47:57.693 [info] > git for-each-ref --format=%(refname)%00%(upstream:short)%00%(objectname)%00%(upstream:track)%00%(upstream:remotename)%00%(upstream:remoteref) refs/heads/dev refs/remotes/dev [2ms]
2025-03-14 10:47:57.724 [info] > git status -z -uall [16ms]
2025-03-14 10:47:57.725 [info] > git for-each-ref --sort -committerdate --format %(refname) %(objectname) %(*objectname) [2ms]
2025-03-14 10:48:02.763 [info] > git config --get commit.template [17ms]
2025-03-14 10:48:02.764 [info] > git for-each-ref --format=%(refname)%00%(upstream:short)%00%(objectname)%00%(upstream:track)%00%(upstream:remotename)%00%(upstream:remoteref) refs/heads/dev refs/remotes/dev [2ms]
2025-03-14 10:48:02.787 [info] > git status -z -uall [10ms]
2025-03-14 10:48:02.788 [info] > git for-each-ref --sort -committerdate --format %(refname) %(objectname) %(*objectname) [1ms]
2025-03-14 10:51:39.687 [info] > git config --get commit.template [16ms]
2025-03-14 10:51:39.688 [info] > git for-each-ref --format=%(refname)%00%(upstream:short)%00%(objectname)%00%(upstream:track)%00%(upstream:remotename)%00%(upstream:remoteref) refs/heads/dev refs/remotes/dev [2ms]
2025-03-14 10:51:39.721 [info] > git status -z -uall [18ms]
2025-03-14 10:51:39.723 [info] > git for-each-ref --sort -committerdate --format %(refname) %(objectname) %(*objectname) [3ms]
2025-03-14 10:51:46.646 [info] > git check-ignore -v -z --stdin [2ms]
2025-03-14 10:51:48.134 [info] > git show --textconv :Core/Inc/sx_1276.h [15ms]
2025-03-14 10:51:48.135 [info] > git ls-files --stage -- /home/holelulu/projects/c_cpp_projects/stm32/Core/Inc/sx_1276.h [2ms]
2025-03-14 10:51:48.148 [info] > git cat-file -s 78fcd298a079be73b18852acc941066c334f8752 [2ms]
2025-03-14 10:51:49.698 [info] > git show --textconv :Core/Src/sx_1276.c [14ms]
2025-03-14 10:51:49.700 [info] > git ls-files --stage -- /home/holelulu/projects/c_cpp_projects/stm32/Core/Src/sx_1276.c [3ms]
2025-03-14 10:51:49.711 [info] > git cat-file -s 1c982a023b689f207c44eb26a8159238f58820f8 [2ms]
2025-03-14 10:51:53.048 [info] > git config --get commit.template [2ms]
2025-03-14 10:51:53.062 [info] > git for-each-ref --format=%(refname)%00%(upstream:short)%00%(objectname)%00%(upstream:track)%00%(upstream:remotename)%00%(upstream:remoteref) refs/heads/dev refs/remotes/dev [1ms]
2025-03-14 10:51:53.089 [info] > git status -z -uall [14ms]
2025-03-14 10:51:53.091 [info] > git for-each-ref --sort -committerdate --format %(refname) %(objectname) %(*objectname) [2ms]
2025-03-14 10:52:40.839 [info] > git config --get commit.template [22ms]
2025-03-14 10:52:40.841 [info] > git for-each-ref --format=%(refname)%00%(upstream:short)%00%(objectname)%00%(upstream:track)%00%(upstream:remotename)%00%(upstream:remoteref) refs/heads/dev refs/remotes/dev [4ms]
2025-03-14 10:52:40.871 [info] > git status -z -uall [14ms]
2025-03-14 10:52:40.872 [info] > git for-each-ref --sort -committerdate --format %(refname) %(objectname) %(*objectname) [2ms]
2025-03-14 10:52:57.755 [info] > git config --get commit.template [19ms]
2025-03-14 10:52:57.757 [info] > git for-each-ref --format=%(refname)%00%(upstream:short)%00%(objectname)%00%(upstream:track)%00%(upstream:remotename)%00%(upstream:remoteref) refs/heads/dev refs/remotes/dev [3ms]
2025-03-14 10:52:57.793 [info] > git status -z -uall [20ms]
2025-03-14 10:52:57.796 [info] > git for-each-ref --sort -committerdate --format %(refname) %(objectname) %(*objectname) [4ms]
2025-03-14 10:53:23.167 [info] > git config --get commit.template [16ms]
2025-03-14 10:53:23.168 [info] > git for-each-ref --format=%(refname)%00%(upstream:short)%00%(objectname)%00%(upstream:track)%00%(upstream:remotename)%00%(upstream:remoteref) refs/heads/dev refs/remotes/dev [2ms]
2025-03-14 10:53:23.204 [info] > git status -z -uall [19ms]
2025-03-14 10:53:23.207 [info] > git for-each-ref --sort -committerdate --format %(refname) %(objectname) %(*objectname) [3ms]
2025-03-14 10:53:24.819 [info] > git show --textconv :Core/Src/main.c [19ms]
2025-03-14 10:53:24.821 [info] > git ls-files --stage -- /home/holelulu/projects/c_cpp_projects/stm32/Core/Src/main.c [4ms]
2025-03-14 10:53:24.836 [info] > git cat-file -s 5445d9f9417f8a419779e75187d69cc342f6d88e [2ms]
2025-03-14 10:53:28.248 [info] > git config --get commit.template [18ms]
2025-03-14 10:53:28.250 [info] > git for-each-ref --format=%(refname)%00%(upstream:short)%00%(objectname)%00%(upstream:track)%00%(upstream:remotename)%00%(upstream:remoteref) refs/heads/dev refs/remotes/dev [3ms]
2025-03-14 10:53:28.286 [info] > git status -z -uall [19ms]
2025-03-14 10:53:28.289 [info] > git for-each-ref --sort -committerdate --format %(refname) %(objectname) %(*objectname) [4ms]
2025-03-14 10:53:32.546 [info] > git show --textconv :Core/Src/sx_1276.c [14ms]
2025-03-14 10:53:32.549 [info] > git ls-files --stage -- /home/holelulu/projects/c_cpp_projects/stm32/Core/Src/sx_1276.c [3ms]
2025-03-14 10:53:32.565 [info] > git cat-file -s 1c982a023b689f207c44eb26a8159238f58820f8 [3ms]
2025-03-14 10:53:36.148 [info] > git show --textconv :Core/Inc/sx_1276.h [12ms]
2025-03-14 10:53:36.150 [info] > git ls-files --stage -- /home/holelulu/projects/c_cpp_projects/stm32/Core/Inc/sx_1276.h [3ms]
2025-03-14 10:53:36.165 [info] > git cat-file -s 78fcd298a079be73b18852acc941066c334f8752 [1ms]
2025-03-14 10:53:36.967 [info] > git show --textconv :Core/Src/main.c [17ms]
2025-03-14 10:53:36.969 [info] > git ls-files --stage -- /home/holelulu/projects/c_cpp_projects/stm32/Core/Src/main.c [3ms]
2025-03-14 10:53:36.989 [info] > git cat-file -s 5445d9f9417f8a419779e75187d69cc342f6d88e [3ms]
2025-03-14 10:53:37.398 [info] > git show --textconv :Core/Inc/sx_1276.h [14ms]
2025-03-14 10:53:37.399 [info] > git ls-files --stage -- /home/holelulu/projects/c_cpp_projects/stm32/Core/Inc/sx_1276.h [2ms]
2025-03-14 10:53:37.413 [info] > git cat-file -s 78fcd298a079be73b18852acc941066c334f8752 [2ms]
2025-03-14 10:53:38.656 [info] > git show --textconv :Core/Src/main.c [20ms]
2025-03-14 10:53:38.658 [info] > git ls-files --stage -- /home/holelulu/projects/c_cpp_projects/stm32/Core/Src/main.c [2ms]
2025-03-14 10:53:38.677 [info] > git cat-file -s 5445d9f9417f8a419779e75187d69cc342f6d88e [3ms]
2025-03-14 10:53:40.372 [info] > git config --get commit.template [18ms]
2025-03-14 10:53:40.374 [info] > git for-each-ref --format=%(refname)%00%(upstream:short)%00%(objectname)%00%(upstream:track)%00%(upstream:remotename)%00%(upstream:remoteref) refs/heads/dev refs/remotes/dev [3ms]
2025-03-14 10:53:40.405 [info] > git status -z -uall [14ms]
2025-03-14 10:53:40.408 [info] > git for-each-ref --sort -committerdate --format %(refname) %(objectname) %(*objectname) [3ms]
2025-03-14 10:53:46.863 [info] > git config --get commit.template [16ms]
2025-03-14 10:53:46.865 [info] > git for-each-ref --format=%(refname)%00%(upstream:short)%00%(objectname)%00%(upstream:track)%00%(upstream:remotename)%00%(upstream:remoteref) refs/heads/dev refs/remotes/dev [3ms]
2025-03-14 10:53:46.897 [info] > git status -z -uall [17ms]
2025-03-14 10:53:46.899 [info] > git for-each-ref --sort -committerdate --format %(refname) %(objectname) %(*objectname) [3ms]
2025-03-14 10:53:51.923 [info] > git config --get commit.template [12ms]
2025-03-14 10:53:51.926 [info] > git for-each-ref --format=%(refname)%00%(upstream:short)%00%(objectname)%00%(upstream:track)%00%(upstream:remotename)%00%(upstream:remoteref) refs/heads/dev refs/remotes/dev [3ms]
2025-03-14 10:53:51.944 [info] > git status -z -uall [9ms]
2025-03-14 10:53:51.945 [info] > git for-each-ref --sort -committerdate --format %(refname) %(objectname) %(*objectname) [1ms]
2025-03-14 10:53:55.258 [info] > git show --textconv :Core/Src/sx_1276.c [10ms]
2025-03-14 10:53:55.259 [info] > git ls-files --stage -- /home/holelulu/projects/c_cpp_projects/stm32/Core/Src/sx_1276.c [2ms]
2025-03-14 10:53:55.269 [info] > git cat-file -s 1c982a023b689f207c44eb26a8159238f58820f8 [1ms]
2025-03-14 10:53:56.707 [info] > git show --textconv :Core/Inc/sx_1276.h [16ms]
2025-03-14 10:53:56.709 [info] > git ls-files --stage -- /home/holelulu/projects/c_cpp_projects/stm32/Core/Inc/sx_1276.h [3ms]
2025-03-14 10:53:56.726 [info] > git cat-file -s 78fcd298a079be73b18852acc941066c334f8752 [1ms]
2025-03-14 10:53:56.981 [info] > git config --get commit.template [17ms]
2025-03-14 10:53:56.983 [info] > git for-each-ref --format=%(refname)%00%(upstream:short)%00%(objectname)%00%(upstream:track)%00%(upstream:remotename)%00%(upstream:remoteref) refs/heads/dev refs/remotes/dev [3ms]
2025-03-14 10:53:57.008 [info] > git status -z -uall [12ms]
2025-03-14 10:53:57.012 [info] > git for-each-ref --sort -committerdate --format %(refname) %(objectname) %(*objectname) [4ms]
2025-03-14 10:54:17.056 [info] > git config --get commit.template [1ms]
2025-03-14 10:54:17.068 [info] > git for-each-ref --format=%(refname)%00%(upstream:short)%00%(objectname)%00%(upstream:track)%00%(upstream:remotename)%00%(upstream:remoteref) refs/heads/dev refs/remotes/dev [2ms]
2025-03-14 10:54:17.086 [info] > git status -z -uall [10ms]
2025-03-14 10:54:17.088 [info] > git for-each-ref --sort -committerdate --format %(refname) %(objectname) %(*objectname) [2ms]
2025-03-14 10:54:29.010 [info] > git config --get commit.template [19ms]
2025-03-14 10:54:29.011 [info] > git for-each-ref --format=%(refname)%00%(upstream:short)%00%(objectname)%00%(upstream:track)%00%(upstream:remotename)%00%(upstream:remoteref) refs/heads/dev refs/remotes/dev [2ms]
2025-03-14 10:54:29.035 [info] > git status -z -uall [11ms]
2025-03-14 10:54:29.036 [info] > git for-each-ref --sort -committerdate --format %(refname) %(objectname) %(*objectname) [3ms]
2025-03-14 10:54:52.151 [info] > git config --get commit.template [21ms]
2025-03-14 10:54:52.154 [info] > git for-each-ref --format=%(refname)%00%(upstream:short)%00%(objectname)%00%(upstream:track)%00%(upstream:remotename)%00%(upstream:remoteref) refs/heads/dev refs/remotes/dev [4ms]
2025-03-14 10:54:52.189 [info] > git status -z -uall [17ms]
2025-03-14 10:54:52.192 [info] > git for-each-ref --sort -committerdate --format %(refname) %(objectname) %(*objectname) [4ms]
2025-03-14 10:54:52.449 [info] > git show --textconv :Core/Src/sx_1276.c [14ms]
2025-03-14 10:54:52.450 [info] > git ls-files --stage -- /home/holelulu/projects/c_cpp_projects/stm32/Core/Src/sx_1276.c [2ms]
2025-03-14 10:54:52.464 [info] > git cat-file -s 1c982a023b689f207c44eb26a8159238f58820f8 [2ms]
2025-03-14 10:55:02.348 [info] > git show --textconv :Core/Src/main.c [15ms]
2025-03-14 10:55:02.350 [info] > git ls-files --stage -- /home/holelulu/projects/c_cpp_projects/stm32/Core/Src/main.c [3ms]
2025-03-14 10:55:02.367 [info] > git cat-file -s 5445d9f9417f8a419779e75187d69cc342f6d88e [1ms]
2025-03-14 10:55:07.211 [info] > git show --textconv :Core/Src/sx_1276.c [16ms]
2025-03-14 10:55:07.212 [info] > git ls-files --stage -- /home/holelulu/projects/c_cpp_projects/stm32/Core/Src/sx_1276.c [2ms]
2025-03-14 10:55:07.228 [info] > git cat-file -s 1c982a023b689f207c44eb26a8159238f58820f8 [1ms]
2025-03-14 10:55:13.106 [info] > git show --textconv :Core/Inc/sx_1276.h [31ms]
2025-03-14 10:55:13.108 [info] > git config --get commit.template [3ms]
2025-03-14 10:55:13.108 [info] > git ls-files --stage -- /home/holelulu/projects/c_cpp_projects/stm32/Core/Inc/sx_1276.h [18ms]
2025-03-14 10:55:13.142 [info] > git cat-file -s 78fcd298a079be73b18852acc941066c334f8752 [20ms]
2025-03-14 10:55:13.143 [info] > git for-each-ref --format=%(refname)%00%(upstream:short)%00%(objectname)%00%(upstream:track)%00%(upstream:remotename)%00%(upstream:remoteref) refs/heads/dev refs/remotes/dev [2ms]
2025-03-14 10:55:13.166 [info] > git status -z -uall [14ms]
2025-03-14 10:55:13.169 [info] > git for-each-ref --sort -committerdate --format %(refname) %(objectname) %(*objectname) [3ms]
2025-03-14 10:55:14.070 [info] > git show --textconv :Core/Src/main.c [15ms]
2025-03-14 10:55:14.073 [info] > git ls-files --stage -- /home/holelulu/projects/c_cpp_projects/stm32/Core/Src/main.c [3ms]
2025-03-14 10:55:14.089 [info] > git cat-file -s 5445d9f9417f8a419779e75187d69cc342f6d88e [3ms]
2025-03-14 10:55:14.943 [info] > git show --textconv :Core/Src/sx_1276.c [13ms]
2025-03-14 10:55:14.944 [info] > git ls-files --stage -- /home/holelulu/projects/c_cpp_projects/stm32/Core/Src/sx_1276.c [1ms]
2025-03-14 10:55:14.961 [info] > git cat-file -s 1c982a023b689f207c44eb26a8159238f58820f8 [3ms]
2025-03-14 10:55:17.364 [info] > git show --textconv :Core/Inc/sx_1276.h [18ms]
2025-03-14 10:55:17.366 [info] > git ls-files --stage -- /home/holelulu/projects/c_cpp_projects/stm32/Core/Inc/sx_1276.h [3ms]
2025-03-14 10:55:17.383 [info] > git cat-file -s 78fcd298a079be73b18852acc941066c334f8752 [2ms]
2025-03-14 10:55:24.638 [info] > git config --get commit.template [15ms]
2025-03-14 10:55:24.641 [info] > git for-each-ref --format=%(refname)%00%(upstream:short)%00%(objectname)%00%(upstream:track)%00%(upstream:remotename)%00%(upstream:remoteref) refs/heads/dev refs/remotes/dev [3ms]
2025-03-14 10:55:24.671 [info] > git status -z -uall [16ms]
2025-03-14 10:55:24.673 [info] > git for-each-ref --sort -committerdate --format %(refname) %(objectname) %(*objectname) [4ms]
2025-03-14 10:55:24.702 [info] > git show --textconv :Core/Src/sx_1276.c [13ms]
2025-03-14 10:55:24.703 [info] > git ls-files --stage -- /home/holelulu/projects/c_cpp_projects/stm32/Core/Src/sx_1276.c [2ms]
2025-03-14 10:55:24.719 [info] > git cat-file -s 1c982a023b689f207c44eb26a8159238f58820f8 [3ms]
2025-03-14 10:55:25.786 [info] > git show --textconv :Core/Src/main.c [14ms]
2025-03-14 10:55:25.787 [info] > git ls-files --stage -- /home/holelulu/projects/c_cpp_projects/stm32/Core/Src/main.c [1ms]
2025-03-14 10:55:25.797 [info] > git cat-file -s 5445d9f9417f8a419779e75187d69cc342f6d88e [1ms]
2025-03-14 10:55:30.093 [info] > git config --get commit.template [16ms]
2025-03-14 10:55:30.096 [info] > git for-each-ref --format=%(refname)%00%(upstream:short)%00%(objectname)%00%(upstream:track)%00%(upstream:remotename)%00%(upstream:remoteref) refs/heads/dev refs/remotes/dev [3ms]
2025-03-14 10:55:30.123 [info] > git status -z -uall [16ms]
2025-03-14 10:55:30.127 [info] > git for-each-ref --sort -committerdate --format %(refname) %(objectname) %(*objectname) [5ms]
2025-03-14 10:59:40.793 [info] > git config --get commit.template [20ms]
2025-03-14 10:59:40.795 [info] > git for-each-ref --format=%(refname)%00%(upstream:short)%00%(objectname)%00%(upstream:track)%00%(upstream:remotename)%00%(upstream:remoteref) refs/heads/dev refs/remotes/dev [3ms]
2025-03-14 10:59:40.826 [info] > git status -z -uall [16ms]
2025-03-14 10:59:40.827 [info] > git for-each-ref --sort -committerdate --format %(refname) %(objectname) %(*objectname) [3ms]
2025-03-14 10:59:45.862 [info] > git config --get commit.template [13ms]
2025-03-14 10:59:45.863 [info] > git for-each-ref --format=%(refname)%00%(upstream:short)%00%(objectname)%00%(upstream:track)%00%(upstream:remotename)%00%(upstream:remoteref) refs/heads/dev refs/remotes/dev [1ms]
2025-03-14 10:59:45.892 [info] > git status -z -uall [15ms]
2025-03-14 10:59:45.893 [info] > git for-each-ref --sort -committerdate --format %(refname) %(objectname) %(*objectname) [3ms]
2025-03-14 11:00:23.990 [info] > git config --get commit.template [17ms]
2025-03-14 11:00:23.991 [info] > git for-each-ref --format=%(refname)%00%(upstream:short)%00%(objectname)%00%(upstream:track)%00%(upstream:remotename)%00%(upstream:remoteref) refs/heads/dev refs/remotes/dev [2ms]
2025-03-14 11:00:24.027 [info] > git status -z -uall [17ms]
2025-03-14 11:00:24.029 [info] > git for-each-ref --sort -committerdate --format %(refname) %(objectname) %(*objectname) [3ms]
2025-03-14 11:00:29.062 [info] > git config --get commit.template [15ms]
2025-03-14 11:00:29.063 [info] > git for-each-ref --format=%(refname)%00%(upstream:short)%00%(objectname)%00%(upstream:track)%00%(upstream:remotename)%00%(upstream:remoteref) refs/heads/dev refs/remotes/dev [1ms]
2025-03-14 11:00:29.094 [info] > git status -z -uall [18ms]
2025-03-14 11:00:29.096 [info] > git for-each-ref --sort -committerdate --format %(refname) %(objectname) %(*objectname) [3ms]
2025-03-14 11:01:18.999 [info] > git config --get commit.template [17ms]
2025-03-14 11:01:19.001 [info] > git for-each-ref --format=%(refname)%00%(upstream:short)%00%(objectname)%00%(upstream:track)%00%(upstream:remotename)%00%(upstream:remoteref) refs/heads/dev refs/remotes/dev [3ms]
2025-03-14 11:01:19.033 [info] > git status -z -uall [16ms]
2025-03-14 11:01:19.037 [info] > git for-each-ref --sort -committerdate --format %(refname) %(objectname) %(*objectname) [5ms]
2025-03-14 11:02:45.610 [info] > git config --get commit.template [15ms]
2025-03-14 11:02:45.610 [info] > git for-each-ref --format=%(refname)%00%(upstream:short)%00%(objectname)%00%(upstream:track)%00%(upstream:remotename)%00%(upstream:remoteref) refs/heads/dev refs/remotes/dev [1ms]
2025-03-14 11:02:45.642 [info] > git status -z -uall [16ms]
2025-03-14 11:02:45.644 [info] > git for-each-ref --sort -committerdate --format %(refname) %(objectname) %(*objectname) [3ms]
2025-03-14 11:02:58.736 [info] > git config --get commit.template [16ms]
2025-03-14 11:02:58.737 [info] > git for-each-ref --format=%(refname)%00%(upstream:short)%00%(objectname)%00%(upstream:track)%00%(upstream:remotename)%00%(upstream:remoteref) refs/heads/dev refs/remotes/dev [2ms]
2025-03-14 11:02:58.766 [info] > git status -z -uall [14ms]
2025-03-14 11:02:58.767 [info] > git for-each-ref --sort -committerdate --format %(refname) %(objectname) %(*objectname) [1ms]
2025-03-14 11:03:03.804 [info] > git config --get commit.template [17ms]
2025-03-14 11:03:03.806 [info] > git for-each-ref --format=%(refname)%00%(upstream:short)%00%(objectname)%00%(upstream:track)%00%(upstream:remotename)%00%(upstream:remoteref) refs/heads/dev refs/remotes/dev [2ms]
2025-03-14 11:03:03.836 [info] > git status -z -uall [15ms]
2025-03-14 11:03:03.839 [info] > git for-each-ref --sort -committerdate --format %(refname) %(objectname) %(*objectname) [4ms]
2025-03-14 11:03:46.115 [info] > git config --get commit.template [2ms]
2025-03-14 11:03:46.135 [info] > git for-each-ref --format=%(refname)%00%(upstream:short)%00%(objectname)%00%(upstream:track)%00%(upstream:remotename)%00%(upstream:remoteref) refs/heads/dev refs/remotes/dev [2ms]
2025-03-14 11:03:46.158 [info] > git status -z -uall [11ms]
2025-03-14 11:03:46.159 [info] > git for-each-ref --sort -committerdate --format %(refname) %(objectname) %(*objectname) [1ms]
2025-03-14 11:03:59.723 [info] > git config --get commit.template [16ms]
2025-03-14 11:03:59.724 [info] > git for-each-ref --format=%(refname)%00%(upstream:short)%00%(objectname)%00%(upstream:track)%00%(upstream:remotename)%00%(upstream:remoteref) refs/heads/dev refs/remotes/dev [2ms]
2025-03-14 11:03:59.753 [info] > git status -z -uall [15ms]
2025-03-14 11:03:59.754 [info] > git for-each-ref --sort -committerdate --format %(refname) %(objectname) %(*objectname) [2ms]
2025-03-14 11:04:04.786 [info] > git config --get commit.template [14ms]
2025-03-14 11:04:04.788 [info] > git for-each-ref --format=%(refname)%00%(upstream:short)%00%(objectname)%00%(upstream:track)%00%(upstream:remotename)%00%(upstream:remoteref) refs/heads/dev refs/remotes/dev [3ms]
2025-03-14 11:04:04.816 [info] > git status -z -uall [14ms]
2025-03-14 11:04:04.818 [info] > git for-each-ref --sort -committerdate --format %(refname) %(objectname) %(*objectname) [1ms]
2025-03-14 11:04:05.326 [info] > git show --textconv :Core/Src/sx_1276.c [15ms]
2025-03-14 11:04:05.328 [info] > git ls-files --stage -- /home/holelulu/projects/c_cpp_projects/stm32/Core/Src/sx_1276.c [3ms]
2025-03-14 11:04:05.349 [info] > git cat-file -s 1c982a023b689f207c44eb26a8159238f58820f8 [4ms]
2025-03-14 11:04:30.052 [info] > git config --get commit.template [15ms]
2025-03-14 11:04:30.054 [info] > git for-each-ref --format=%(refname)%00%(upstream:short)%00%(objectname)%00%(upstream:track)%00%(upstream:remotename)%00%(upstream:remoteref) refs/heads/dev refs/remotes/dev [3ms]
2025-03-14 11:04:30.083 [info] > git status -z -uall [14ms]
2025-03-14 11:04:30.084 [info] > git for-each-ref --sort -committerdate --format %(refname) %(objectname) %(*objectname) [2ms]
2025-03-14 11:04:58.643 [info] > git config --get commit.template [2ms]
2025-03-14 11:04:58.663 [info] > git for-each-ref --format=%(refname)%00%(upstream:short)%00%(objectname)%00%(upstream:track)%00%(upstream:remotename)%00%(upstream:remoteref) refs/heads/dev refs/remotes/dev [2ms]
2025-03-14 11:04:58.686 [info] > git status -z -uall [11ms]
2025-03-14 11:04:58.688 [info] > git for-each-ref --sort -committerdate --format %(refname) %(objectname) %(*objectname) [3ms]
2025-03-14 11:05:03.723 [info] > git config --get commit.template [14ms]
2025-03-14 11:05:03.724 [info] > git for-each-ref --format=%(refname)%00%(upstream:short)%00%(objectname)%00%(upstream:track)%00%(upstream:remotename)%00%(upstream:remoteref) refs/heads/dev refs/remotes/dev [2ms]
2025-03-14 11:05:03.752 [info] > git status -z -uall [15ms]
2025-03-14 11:05:03.753 [info] > git for-each-ref --sort -committerdate --format %(refname) %(objectname) %(*objectname) [2ms]
2025-03-14 11:06:51.324 [info] > git config --get commit.template [13ms]
2025-03-14 11:06:51.324 [info] > git for-each-ref --format=%(refname)%00%(upstream:short)%00%(objectname)%00%(upstream:track)%00%(upstream:remotename)%00%(upstream:remoteref) refs/heads/dev refs/remotes/dev [1ms]
2025-03-14 11:06:51.358 [info] > git status -z -uall [20ms]
2025-03-14 11:06:51.360 [info] > git for-each-ref --sort -committerdate --format %(refname) %(objectname) %(*objectname) [4ms]
2025-03-14 11:07:59.378 [info] > git config --get commit.template [15ms]
2025-03-14 11:07:59.380 [info] > git for-each-ref --format=%(refname)%00%(upstream:short)%00%(objectname)%00%(upstream:track)%00%(upstream:remotename)%00%(upstream:remoteref) refs/heads/dev refs/remotes/dev [3ms]
2025-03-14 11:07:59.410 [info] > git status -z -uall [17ms]
2025-03-14 11:07:59.415 [info] > git for-each-ref --sort -committerdate --format %(refname) %(objectname) %(*objectname) [5ms]
2025-03-14 11:09:11.609 [info] > git show --textconv :Core/Src/main.c [15ms]
2025-03-14 11:09:11.611 [info] > git ls-files --stage -- /home/holelulu/projects/c_cpp_projects/stm32/Core/Src/main.c [2ms]
2025-03-14 11:09:11.626 [info] > git cat-file -s 5445d9f9417f8a419779e75187d69cc342f6d88e [2ms]
2025-03-14 11:09:14.614 [info] > git show --textconv :Core/Src/sx_1276.c [15ms]
2025-03-14 11:09:14.615 [info] > git ls-files --stage -- /home/holelulu/projects/c_cpp_projects/stm32/Core/Src/sx_1276.c [2ms]
2025-03-14 11:09:14.631 [info] > git cat-file -s 1c982a023b689f207c44eb26a8159238f58820f8 [2ms]
2025-03-14 11:09:54.784 [info] > git show --textconv :Core/Src/main.c [15ms]
2025-03-14 11:09:54.786 [info] > git ls-files --stage -- /home/holelulu/projects/c_cpp_projects/stm32/Core/Src/main.c [3ms]
2025-03-14 11:09:54.805 [info] > git cat-file -s 5445d9f9417f8a419779e75187d69cc342f6d88e [3ms]
2025-03-14 11:10:00.905 [info] > git config --get commit.template [20ms]
2025-03-14 11:10:00.907 [info] > git for-each-ref --format=%(refname)%00%(upstream:short)%00%(objectname)%00%(upstream:track)%00%(upstream:remotename)%00%(upstream:remoteref) refs/heads/dev refs/remotes/dev [3ms]
2025-03-14 11:10:00.940 [info] > git status -z -uall [16ms]
2025-03-14 11:10:00.942 [info] > git for-each-ref --sort -committerdate --format %(refname) %(objectname) %(*objectname) [2ms]
2025-03-14 11:10:05.979 [info] > git config --get commit.template [14ms]
2025-03-14 11:10:05.979 [info] > git for-each-ref --format=%(refname)%00%(upstream:short)%00%(objectname)%00%(upstream:track)%00%(upstream:remotename)%00%(upstream:remoteref) refs/heads/dev refs/remotes/dev [1ms]
2025-03-14 11:10:06.015 [info] > git status -z -uall [19ms]
2025-03-14 11:10:06.018 [info] > git for-each-ref --sort -committerdate --format %(refname) %(objectname) %(*objectname) [3ms]
2025-03-14 11:10:28.079 [info] > git show --textconv :Core/Inc/sx_1276.h [16ms]
2025-03-14 11:10:28.081 [info] > git ls-files --stage -- /home/holelulu/projects/c_cpp_projects/stm32/Core/Inc/sx_1276.h [3ms]
2025-03-14 11:10:28.095 [info] > git cat-file -s 78fcd298a079be73b18852acc941066c334f8752 [1ms]
2025-03-14 11:10:28.657 [info] > git show --textconv :Core/Src/main.c [20ms]
2025-03-14 11:10:28.658 [info] > git ls-files --stage -- /home/holelulu/projects/c_cpp_projects/stm32/Core/Src/main.c [2ms]
2025-03-14 11:10:28.675 [info] > git cat-file -s 5445d9f9417f8a419779e75187d69cc342f6d88e [2ms]
2025-03-14 11:10:29.278 [info] > git show --textconv :Core/Inc/sx_1276.h [19ms]
2025-03-14 11:10:29.280 [info] > git ls-files --stage -- /home/holelulu/projects/c_cpp_projects/stm32/Core/Inc/sx_1276.h [3ms]
2025-03-14 11:10:29.298 [info] > git cat-file -s 78fcd298a079be73b18852acc941066c334f8752 [2ms]
2025-03-14 11:10:32.456 [info] > git show --textconv :Core/Src/sx_1276.c [16ms]
2025-03-14 11:10:32.458 [info] > git ls-files --stage -- /home/holelulu/projects/c_cpp_projects/stm32/Core/Src/sx_1276.c [3ms]
2025-03-14 11:10:32.478 [info] > git cat-file -s 1c982a023b689f207c44eb26a8159238f58820f8 [3ms]
2025-03-14 11:10:35.382 [info] > git show --textconv :Core/Src/main.c [17ms]
2025-03-14 11:10:35.383 [info] > git ls-files --stage -- /home/holelulu/projects/c_cpp_projects/stm32/Core/Src/main.c [3ms]
2025-03-14 11:10:35.398 [info] > git cat-file -s 5445d9f9417f8a419779e75187d69cc342f6d88e [1ms]
2025-03-14 11:10:38.920 [info] > git config --get commit.template [15ms]
2025-03-14 11:10:38.921 [info] > git for-each-ref --format=%(refname)%00%(upstream:short)%00%(objectname)%00%(upstream:track)%00%(upstream:remotename)%00%(upstream:remoteref) refs/heads/dev refs/remotes/dev [2ms]
2025-03-14 11:10:38.948 [info] > git status -z -uall [14ms]
2025-03-14 11:10:38.949 [info] > git for-each-ref --sort -committerdate --format %(refname) %(objectname) %(*objectname) [2ms]
2025-03-14 11:11:20.272 [info] > git config --get commit.template [15ms]
2025-03-14 11:11:20.274 [info] > git for-each-ref --format=%(refname)%00%(upstream:short)%00%(objectname)%00%(upstream:track)%00%(upstream:remotename)%00%(upstream:remoteref) refs/heads/dev refs/remotes/dev [3ms]
2025-03-14 11:11:20.295 [info] > git status -z -uall [10ms]
2025-03-14 11:11:20.296 [info] > git for-each-ref --sort -committerdate --format %(refname) %(objectname) %(*objectname) [1ms]
2025-03-14 11:12:23.598 [info] > git config --get commit.template [19ms]
2025-03-14 11:12:23.600 [info] > git for-each-ref --format=%(refname)%00%(upstream:short)%00%(objectname)%00%(upstream:track)%00%(upstream:remotename)%00%(upstream:remoteref) refs/heads/dev refs/remotes/dev [3ms]
2025-03-14 11:12:23.622 [info] > git status -z -uall [10ms]
2025-03-14 11:12:23.623 [info] > git for-each-ref --sort -committerdate --format %(refname) %(objectname) %(*objectname) [1ms]
2025-03-14 11:12:28.661 [info] > git config --get commit.template [17ms]
2025-03-14 11:12:28.662 [info] > git for-each-ref --format=%(refname)%00%(upstream:short)%00%(objectname)%00%(upstream:track)%00%(upstream:remotename)%00%(upstream:remoteref) refs/heads/dev refs/remotes/dev [1ms]
2025-03-14 11:12:28.696 [info] > git status -z -uall [17ms]
2025-03-14 11:12:28.698 [info] > git for-each-ref --sort -committerdate --format %(refname) %(objectname) %(*objectname) [3ms]
2025-03-14 11:13:56.078 [info] > git config --get commit.template [2ms]
2025-03-14 11:13:56.095 [info] > git for-each-ref --format=%(refname)%00%(upstream:short)%00%(objectname)%00%(upstream:track)%00%(upstream:remotename)%00%(upstream:remoteref) refs/heads/dev refs/remotes/dev [1ms]
2025-03-14 11:13:56.113 [info] > git status -z -uall [10ms]
2025-03-14 11:13:56.115 [info] > git for-each-ref --sort -committerdate --format %(refname) %(objectname) %(*objectname) [1ms]
2025-03-14 11:14:54.731 [info] > git config --get commit.template [2ms]
2025-03-14 11:14:54.753 [info] > git for-each-ref --format=%(refname)%00%(upstream:short)%00%(objectname)%00%(upstream:track)%00%(upstream:remotename)%00%(upstream:remoteref) refs/heads/dev refs/remotes/dev [2ms]
2025-03-14 11:14:54.777 [info] > git status -z -uall [11ms]
2025-03-14 11:14:54.777 [info] > git for-each-ref --sort -committerdate --format %(refname) %(objectname) %(*objectname) [1ms]
2025-03-14 11:15:33.575 [info] > git config --get commit.template [15ms]
2025-03-14 11:15:33.578 [info] > git for-each-ref --format=%(refname)%00%(upstream:short)%00%(objectname)%00%(upstream:track)%00%(upstream:remotename)%00%(upstream:remoteref) refs/heads/dev refs/remotes/dev [4ms]
2025-03-14 11:15:33.612 [info] > git status -z -uall [17ms]
2025-03-14 11:15:33.613 [info] > git for-each-ref --sort -committerdate --format %(refname) %(objectname) %(*objectname) [3ms]
2025-03-14 11:15:38.643 [info] > git config --get commit.template [10ms]
2025-03-14 11:15:38.644 [info] > git for-each-ref --format=%(refname)%00%(upstream:short)%00%(objectname)%00%(upstream:track)%00%(upstream:remotename)%00%(upstream:remoteref) refs/heads/dev refs/remotes/dev [1ms]
2025-03-14 11:15:38.665 [info] > git status -z -uall [9ms]
2025-03-14 11:15:38.666 [info] > git for-each-ref --sort -committerdate --format %(refname) %(objectname) %(*objectname) [1ms]
2025-03-14 11:16:16.386 [info] > git config --get commit.template [2ms]
2025-03-14 11:16:16.398 [info] > git for-each-ref --format=%(refname)%00%(upstream:short)%00%(objectname)%00%(upstream:track)%00%(upstream:remotename)%00%(upstream:remoteref) refs/heads/dev refs/remotes/dev [1ms]
2025-03-14 11:16:16.417 [info] > git status -z -uall [10ms]
2025-03-14 11:16:16.418 [info] > git for-each-ref --sort -committerdate --format %(refname) %(objectname) %(*objectname) [1ms]
2025-03-14 11:17:23.620 [info] > git config --get commit.template [15ms]
2025-03-14 11:17:23.621 [info] > git for-each-ref --format=%(refname)%00%(upstream:short)%00%(objectname)%00%(upstream:track)%00%(upstream:remotename)%00%(upstream:remoteref) refs/heads/dev refs/remotes/dev [1ms]
2025-03-14 11:17:23.651 [info] > git status -z -uall [17ms]
2025-03-14 11:17:23.652 [info] > git for-each-ref --sort -committerdate --format %(refname) %(objectname) %(*objectname) [2ms]
2025-03-14 13:18:02.718 [info] > git config --get commit.template [12ms]
2025-03-14 13:18:02.718 [info] > git for-each-ref --format=%(refname)%00%(upstream:short)%00%(objectname)%00%(upstream:track)%00%(upstream:remotename)%00%(upstream:remoteref) refs/heads/dev refs/remotes/dev [1ms]
2025-03-14 13:18:02.739 [info] > git status -z -uall [10ms]
2025-03-14 13:18:02.740 [info] > git for-each-ref --sort -committerdate --format %(refname) %(objectname) %(*objectname) [2ms]
2025-03-14 13:51:39.990 [info] > git show --textconv :Core/Src/sx_1276.c [20ms]
2025-03-14 13:51:39.992 [info] > git ls-files --stage -- /home/holelulu/projects/c_cpp_projects/stm32/Core/Src/sx_1276.c [3ms]
2025-03-14 13:51:40.012 [info] > git cat-file -s 1c982a023b689f207c44eb26a8159238f58820f8 [2ms]
2025-03-14 13:53:07.971 [info] > git show --textconv :Core/Src/main.c [21ms]
2025-03-14 13:53:07.971 [info] > git ls-files --stage -- /home/holelulu/projects/c_cpp_projects/stm32/Core/Src/main.c [2ms]
2025-03-14 13:53:07.992 [info] > git cat-file -s 5445d9f9417f8a419779e75187d69cc342f6d88e [3ms]
2025-03-14 13:53:12.088 [info] > git config --get commit.template [13ms]
2025-03-14 13:53:12.090 [info] > git for-each-ref --format=%(refname)%00%(upstream:short)%00%(objectname)%00%(upstream:track)%00%(upstream:remotename)%00%(upstream:remoteref) refs/heads/dev refs/remotes/dev [2ms]
2025-03-14 13:53:12.120 [info] > git status -z -uall [17ms]
2025-03-14 13:53:12.123 [info] > git for-each-ref --sort -committerdate --format %(refname) %(objectname) %(*objectname) [4ms]
2025-03-14 14:04:44.513 [info] > git config --get commit.template [11ms]
2025-03-14 14:04:44.513 [info] > git for-each-ref --format=%(refname)%00%(upstream:short)%00%(objectname)%00%(upstream:track)%00%(upstream:remotename)%00%(upstream:remoteref) refs/heads/dev refs/remotes/dev [1ms]
2025-03-14 14:04:44.542 [info] > git status -z -uall [15ms]
2025-03-14 14:04:44.544 [info] > git for-each-ref --sort -committerdate --format %(refname) %(objectname) %(*objectname) [3ms]
2025-03-14 14:06:15.461 [info] > git config --get commit.template [14ms]
2025-03-14 14:06:15.462 [info] > git for-each-ref --format=%(refname)%00%(upstream:short)%00%(objectname)%00%(upstream:track)%00%(upstream:remotename)%00%(upstream:remoteref) refs/heads/dev refs/remotes/dev [2ms]
2025-03-14 14:06:15.491 [info] > git status -z -uall [12ms]
2025-03-14 14:06:15.492 [info] > git for-each-ref --sort -committerdate --format %(refname) %(objectname) %(*objectname) [2ms]
2025-03-14 14:06:23.362 [info] > git config --get commit.template [1ms]
2025-03-14 14:06:23.376 [info] > git for-each-ref --format=%(refname)%00%(upstream:short)%00%(objectname)%00%(upstream:track)%00%(upstream:remotename)%00%(upstream:remoteref) refs/heads/dev refs/remotes/dev [1ms]
2025-03-14 14:06:23.397 [info] > git status -z -uall [9ms]
2025-03-14 14:06:23.398 [info] > git for-each-ref --sort -committerdate --format %(refname) %(objectname) %(*objectname) [1ms]
2025-03-14 14:07:02.970 [info] > git config --get commit.template [18ms]
2025-03-14 14:07:02.972 [info] > git for-each-ref --format=%(refname)%00%(upstream:short)%00%(objectname)%00%(upstream:track)%00%(upstream:remotename)%00%(upstream:remoteref) refs/heads/dev refs/remotes/dev [3ms]
2025-03-14 14:07:02.999 [info] > git status -z -uall [14ms]
2025-03-14 14:07:03.002 [info] > git for-each-ref --sort -committerdate --format %(refname) %(objectname) %(*objectname) [4ms]
2025-03-14 14:07:17.748 [info] > git config --get commit.template [12ms]
2025-03-14 14:07:17.748 [info] > git for-each-ref --format=%(refname)%00%(upstream:short)%00%(objectname)%00%(upstream:track)%00%(upstream:remotename)%00%(upstream:remoteref) refs/heads/dev refs/remotes/dev [2ms]
2025-03-14 14:07:17.777 [info] > git status -z -uall [16ms]
2025-03-14 14:07:17.778 [info] > git for-each-ref --sort -committerdate --format %(refname) %(objectname) %(*objectname) [2ms]
2025-03-14 14:07:23.684 [info] > git show --textconv :Core/Src/sx_1276.c [14ms]
2025-03-14 14:07:23.687 [info] > git ls-files --stage -- /home/holelulu/projects/c_cpp_projects/stm32/Core/Src/sx_1276.c [3ms]
2025-03-14 14:07:23.698 [info] > git cat-file -s 1c982a023b689f207c44eb26a8159238f58820f8 [1ms]
2025-03-14 14:07:33.494 [info] > git show --textconv :Core/Src/main.c [14ms]
2025-03-14 14:07:33.496 [info] > git ls-files --stage -- /home/holelulu/projects/c_cpp_projects/stm32/Core/Src/main.c [2ms]
2025-03-14 14:07:33.512 [info] > git cat-file -s 5445d9f9417f8a419779e75187d69cc342f6d88e [1ms]
2025-03-14 14:07:46.561 [info] > git config --get commit.template [2ms]
2025-03-14 14:07:46.578 [info] > git for-each-ref --format=%(refname)%00%(upstream:short)%00%(objectname)%00%(upstream:track)%00%(upstream:remotename)%00%(upstream:remoteref) refs/heads/dev refs/remotes/dev [2ms]
2025-03-14 14:07:46.599 [info] > git status -z -uall [11ms]
2025-03-14 14:07:46.600 [info] > git for-each-ref --sort -committerdate --format %(refname) %(objectname) %(*objectname) [2ms]
2025-03-14 14:07:51.634 [info] > git config --get commit.template [16ms]
2025-03-14 14:07:51.634 [info] > git for-each-ref --format=%(refname)%00%(upstream:short)%00%(objectname)%00%(upstream:track)%00%(upstream:remotename)%00%(upstream:remoteref) refs/heads/dev refs/remotes/dev [1ms]
2025-03-14 14:07:51.668 [info] > git status -z -uall [19ms]
2025-03-14 14:07:51.670 [info] > git for-each-ref --sort -committerdate --format %(refname) %(objectname) %(*objectname) [3ms]
2025-03-14 14:08:41.890 [info] > git config --get commit.template [15ms]
2025-03-14 14:08:41.891 [info] > git for-each-ref --format=%(refname)%00%(upstream:short)%00%(objectname)%00%(upstream:track)%00%(upstream:remotename)%00%(upstream:remoteref) refs/heads/dev refs/remotes/dev [1ms]
2025-03-14 14:08:41.924 [info] > git status -z -uall [19ms]
2025-03-14 14:08:41.926 [info] > git for-each-ref --sort -committerdate --format %(refname) %(objectname) %(*objectname) [3ms]
2025-03-14 14:08:56.492 [info] > git config --get commit.template [2ms]
2025-03-14 14:08:56.507 [info] > git for-each-ref --format=%(refname)%00%(upstream:short)%00%(objectname)%00%(upstream:track)%00%(upstream:remotename)%00%(upstream:remoteref) refs/heads/dev refs/remotes/dev [2ms]
2025-03-14 14:08:56.536 [info] > git status -z -uall [15ms]
2025-03-14 14:08:56.537 [info] > git for-each-ref --sort -committerdate --format %(refname) %(objectname) %(*objectname) [1ms]
2025-03-14 14:09:34.764 [info] > git config --get commit.template [18ms]
2025-03-14 14:09:34.766 [info] > git for-each-ref --format=%(refname)%00%(upstream:short)%00%(objectname)%00%(upstream:track)%00%(upstream:remotename)%00%(upstream:remoteref) refs/heads/dev refs/remotes/dev [3ms]
2025-03-14 14:09:34.799 [info] > git status -z -uall [19ms]
2025-03-14 14:09:34.802 [info] > git for-each-ref --sort -committerdate --format %(refname) %(objectname) %(*objectname) [4ms]
2025-03-14 14:10:13.015 [info] > git config --get commit.template [18ms]
2025-03-14 14:10:13.017 [info] > git for-each-ref --format=%(refname)%00%(upstream:short)%00%(objectname)%00%(upstream:track)%00%(upstream:remotename)%00%(upstream:remoteref) refs/heads/dev refs/remotes/dev [3ms]
2025-03-14 14:10:13.047 [info] > git status -z -uall [15ms]
2025-03-14 14:10:13.048 [info] > git for-each-ref --sort -committerdate --format %(refname) %(objectname) %(*objectname) [2ms]
2025-03-14 14:10:13.473 [info] > git show --textconv :Core/Src/sx_1276.c [18ms]
2025-03-14 14:10:13.474 [info] > git ls-files --stage -- /home/holelulu/projects/c_cpp_projects/stm32/Core/Src/sx_1276.c [3ms]
2025-03-14 14:10:13.489 [info] > git cat-file -s 1c982a023b689f207c44eb26a8159238f58820f8 [1ms]
2025-03-14 14:10:18.088 [info] > git config --get commit.template [18ms]
2025-03-14 14:10:18.090 [info] > git for-each-ref --format=%(refname)%00%(upstream:short)%00%(objectname)%00%(upstream:track)%00%(upstream:remotename)%00%(upstream:remoteref) refs/heads/dev refs/remotes/dev [2ms]
2025-03-14 14:10:18.125 [info] > git status -z -uall [18ms]
2025-03-14 14:10:18.128 [info] > git for-each-ref --sort -committerdate --format %(refname) %(objectname) %(*objectname) [4ms]
2025-03-14 14:26:54.203 [info] > git show --textconv :Core/Src/main.c [20ms]
2025-03-14 14:26:54.204 [info] > git ls-files --stage -- /home/holelulu/projects/c_cpp_projects/stm32/Core/Src/main.c [2ms]
2025-03-14 14:26:54.219 [info] > git cat-file -s 5445d9f9417f8a419779e75187d69cc342f6d88e [1ms]
2025-03-14 14:27:01.173 [info] > git config --get commit.template [17ms]
2025-03-14 14:27:01.175 [info] > git for-each-ref --format=%(refname)%00%(upstream:short)%00%(objectname)%00%(upstream:track)%00%(upstream:remotename)%00%(upstream:remoteref) refs/heads/dev refs/remotes/dev [3ms]
2025-03-14 14:27:01.203 [info] > git status -z -uall [14ms]
2025-03-14 14:27:01.206 [info] > git for-each-ref --sort -committerdate --format %(refname) %(objectname) %(*objectname) [3ms]
2025-03-14 15:09:06.631 [info] > git config --get commit.template [16ms]
2025-03-14 15:09:06.632 [info] > git for-each-ref --format=%(refname)%00%(upstream:short)%00%(objectname)%00%(upstream:track)%00%(upstream:remotename)%00%(upstream:remoteref) refs/heads/dev refs/remotes/dev [3ms]
2025-03-14 15:09:06.662 [info] > git status -z -uall [16ms]
2025-03-14 15:09:06.665 [info] > git for-each-ref --sort -committerdate --format %(refname) %(objectname) %(*objectname) [4ms]
2025-03-14 15:13:24.951 [info] > git check-ignore -v -z --stdin [1ms]
2025-03-14 15:13:25.742 [info] > git show --textconv :Core/Drivers/stm32l072xx.h [20ms]
2025-03-14 15:13:25.742 [info] > git ls-files --stage -- /home/holelulu/projects/c_cpp_projects/stm32/Core/Drivers/stm32l072xx.h [4ms]
2025-03-14 15:13:25.763 [info] > git cat-file -s 18e10013de4642273649b3a2fe3c3c2d224e0f1e [7ms]
2025-03-14 15:13:25.893 [info] > git blame --root --incremental e17002ab78883d429b984ce81ecf0bc541d6a585 -- /home/holelulu/projects/c_cpp_projects/stm32/Core/Drivers/stm32l072xx.h [19ms]
2025-03-14 15:13:26.177 [info] > git show --textconv :Core/Drivers/stm32l0xx.h [13ms]
2025-03-14 15:13:26.179 [info] > git ls-files --stage -- /home/holelulu/projects/c_cpp_projects/stm32/Core/Drivers/stm32l0xx.h [2ms]
2025-03-14 15:13:26.190 [info] > git cat-file -s cfae42c3db936c596b45dfadcace77d075467a34 [1ms]
2025-03-14 15:13:27.099 [info] > git ls-files --stage -- /home/holelulu/projects/c_cpp_projects/stm32/Core/Drivers/stm32l072xx.h [2ms]
2025-03-14 15:13:27.114 [info] > git show --textconv :Core/Drivers/stm32l072xx.h [31ms]
2025-03-14 15:13:27.117 [info] > git cat-file -s 18e10013de4642273649b3a2fe3c3c2d224e0f1e [4ms]
2025-03-14 15:34:13.000 [info] > git show --textconv :Core/Src/main.c [9ms]
2025-03-14 15:34:13.001 [info] > git ls-files --stage -- /home/holelulu/projects/c_cpp_projects/stm32/Core/Src/main.c [1ms]
2025-03-14 15:34:13.015 [info] > git cat-file -s 5445d9f9417f8a419779e75187d69cc342f6d88e [2ms]
2025-03-14 15:34:13.815 [info] > git show --textconv :Core/Inc/sx_1276.h [15ms]
2025-03-14 15:34:13.817 [info] > git ls-files --stage -- /home/holelulu/projects/c_cpp_projects/stm32/Core/Inc/sx_1276.h [2ms]
2025-03-14 15:34:13.831 [info] > git cat-file -s 78fcd298a079be73b18852acc941066c334f8752 [2ms]
2025-03-14 17:03:26.440 [info] > git config --get commit.template [17ms]
2025-03-14 17:03:26.442 [info] > git for-each-ref --format=%(refname)%00%(upstream:short)%00%(objectname)%00%(upstream:track)%00%(upstream:remotename)%00%(upstream:remoteref) refs/heads/dev refs/remotes/dev [3ms]
2025-03-14 17:03:26.469 [info] > git status -z -uall [13ms]
2025-03-14 17:03:26.470 [info] > git for-each-ref --sort -committerdate --format %(refname) %(objectname) %(*objectname) [2ms]
2025-03-14 17:03:31.489 [info] > git config --get commit.template [1ms]
2025-03-14 17:03:31.503 [info] > git for-each-ref --format=%(refname)%00%(upstream:short)%00%(objectname)%00%(upstream:track)%00%(upstream:remotename)%00%(upstream:remoteref) refs/heads/dev refs/remotes/dev [2ms]
2025-03-14 17:03:31.529 [info] > git status -z -uall [14ms]
2025-03-14 17:03:31.531 [info] > git for-each-ref --sort -committerdate --format %(refname) %(objectname) %(*objectname) [3ms]
2025-03-14 17:03:40.511 [info] > git config --get commit.template [11ms]
2025-03-14 17:03:40.512 [info] > git for-each-ref --format=%(refname)%00%(upstream:short)%00%(objectname)%00%(upstream:track)%00%(upstream:remotename)%00%(upstream:remoteref) refs/heads/dev refs/remotes/dev [2ms]
2025-03-14 17:03:40.532 [info] > git status -z -uall [11ms]
2025-03-14 17:03:40.533 [info] > git for-each-ref --sort -committerdate --format %(refname) %(objectname) %(*objectname) [2ms]
2025-03-14 17:03:45.570 [info] > git config --get commit.template [18ms]
2025-03-14 17:03:45.572 [info] > git for-each-ref --format=%(refname)%00%(upstream:short)%00%(objectname)%00%(upstream:track)%00%(upstream:remotename)%00%(upstream:remoteref) refs/heads/dev refs/remotes/dev [3ms]
2025-03-14 17:03:45.604 [info] > git status -z -uall [16ms]
2025-03-14 17:03:45.605 [info] > git for-each-ref --sort -committerdate --format %(refname) %(objectname) %(*objectname) [3ms]
2025-03-14 17:03:51.416 [info] > git config --get commit.template [13ms]
2025-03-14 17:03:51.417 [info] > git for-each-ref --format=%(refname)%00%(upstream:short)%00%(objectname)%00%(upstream:track)%00%(upstream:remotename)%00%(upstream:remoteref) refs/heads/dev refs/remotes/dev [1ms]
2025-03-14 17:03:51.441 [info] > git status -z -uall [12ms]
2025-03-14 17:03:51.442 [info] > git for-each-ref --sort -committerdate --format %(refname) %(objectname) %(*objectname) [1ms]
2025-03-14 17:04:09.075 [info] > git config --get commit.template [19ms]
2025-03-14 17:04:09.077 [info] > git for-each-ref --format=%(refname)%00%(upstream:short)%00%(objectname)%00%(upstream:track)%00%(upstream:remotename)%00%(upstream:remoteref) refs/heads/dev refs/remotes/dev [3ms]
2025-03-14 17:04:09.111 [info] > git status -z -uall [17ms]
2025-03-14 17:04:09.114 [info] > git for-each-ref --sort -committerdate --format %(refname) %(objectname) %(*objectname) [4ms]
2025-03-14 17:04:17.713 [info] > git config --get commit.template [13ms]
2025-03-14 17:04:17.715 [info] > git for-each-ref --format=%(refname)%00%(upstream:short)%00%(objectname)%00%(upstream:track)%00%(upstream:remotename)%00%(upstream:remoteref) refs/heads/dev refs/remotes/dev [3ms]
2025-03-14 17:04:17.743 [info] > git status -z -uall [15ms]
2025-03-14 17:04:17.744 [info] > git for-each-ref --sort -committerdate --format %(refname) %(objectname) %(*objectname) [2ms]
2025-03-14 17:04:22.779 [info] > git config --get commit.template [16ms]
2025-03-14 17:04:22.781 [info] > git for-each-ref --format=%(refname)%00%(upstream:short)%00%(objectname)%00%(upstream:track)%00%(upstream:remotename)%00%(upstream:remoteref) refs/heads/dev refs/remotes/dev [3ms]
2025-03-14 17:04:22.805 [info] > git status -z -uall [12ms]
2025-03-14 17:04:22.808 [info] > git for-each-ref --sort -committerdate --format %(refname) %(objectname) %(*objectname) [3ms]
2025-03-14 17:04:40.729 [info] > git config --get commit.template [16ms]
2025-03-14 17:04:40.731 [info] > git for-each-ref --format=%(refname)%00%(upstream:short)%00%(objectname)%00%(upstream:track)%00%(upstream:remotename)%00%(upstream:remoteref) refs/heads/dev refs/remotes/dev [2ms]
2025-03-14 17:04:40.756 [info] > git status -z -uall [14ms]
2025-03-14 17:04:40.759 [info] > git for-each-ref --sort -committerdate --format %(refname) %(objectname) %(*objectname) [4ms]
