2025-03-15 12:07:43.509 [info] Extension host with pid 1332 started
2025-03-15 12:07:43.509 [info] Skipping acquiring lock for /home/holelulu/.config/Code - OSS/User/workspaceStorage/749bebe00a47d2f8a6d9dc5d4379af15.
2025-03-15 12:07:43.824 [info] ExtensionService#_doActivateExtension vscode.emmet, startup: false, activationEvent: 'onLanguage'
2025-03-15 12:07:43.850 [info] ExtensionService#_doActivateExtension ms-vscode.cpptools, startup: false, activationEvent: 'onLanguage:c'
2025-03-15 12:07:44.329 [info] ExtensionService#_doActivateExtension vscode.configuration-editing, startup: false, activationEvent: 'onLanguage:json'
2025-03-15 12:07:44.342 [info] ExtensionService#_doActivateExtension vscode.extension-editing, startup: false, activationEvent: 'onLanguage:json'
2025-03-15 12:07:44.355 [info] ExtensionService#_doActivateExtension vscode.json-language-features, startup: false, activationEvent: 'onLanguage:json'
2025-03-15 12:07:44.413 [info] ExtensionService#_doActivateExtension vscode.npm, startup: false, activationEvent: 'onLanguage:json'
2025-03-15 12:07:44.455 [info] ExtensionService#_doActivateExtension vscode.typescript-language-features, startup: false, activationEvent: 'onLanguage:jsonc'
2025-03-15 12:07:44.511 [info] ExtensionService#_doActivateExtension vscode.git-base, startup: true, activationEvent: '*', root cause: vscode.git
2025-03-15 12:07:44.547 [info] ExtensionService#_doActivateExtension vscode.git, startup: true, activationEvent: '*'
2025-03-15 12:07:44.620 [info] ExtensionService#_doActivateExtension vscode.github, startup: true, activationEvent: '*'
2025-03-15 12:07:44.718 [info] Eager extensions activated
2025-03-15 12:07:44.798 [info] ExtensionService#_doActivateExtension vscode.debug-auto-launch, startup: false, activationEvent: 'onStartupFinished'
2025-03-15 12:07:44.801 [info] ExtensionService#_doActivateExtension vscode.merge-conflict, startup: false, activationEvent: 'onStartupFinished'
2025-03-15 12:07:44.822 [info] ExtensionService#_doActivateExtension PKief.material-icon-theme, startup: false, activationEvent: 'onStartupFinished'
2025-03-15 12:07:45.044 [info] ExtensionService#_doActivateExtension vscode.github-authentication, startup: false, activationEvent: 'onAuthenticationRequest:github'
2025-03-15 12:32:37.719 [info] ExtensionService#_doActivateExtension ms-python.python, startup: false, activationEvent: 'onLanguage:python', root cause: ms-python.debugpy
2025-03-15 12:32:38.060 [info] ExtensionService#_doActivateExtension ms-python.debugpy, startup: false, activationEvent: 'onLanguage:python'
2025-03-15 12:32:38.120 [error] Activating extension ms-python.debugpy failed due to an error:
2025-03-15 12:32:38.120 [error] Error: Extension 'ms-python.debugpy' CANNOT use API proposal: portsAttributes.
Its package.json#enabledApiProposals-property declares:  but NOT portsAttributes.
 The missing proposal MUST be added and you must start in extension development mode or use the following command line switch: --enable-proposed-api ms-python.debugpy
	at N (file:///usr/lib/code/out/vs/workbench/api/node/extensionHostProcess.js:110:16858)
	at Object.registerPortAttributesProvider (file:///usr/lib/code/out/vs/workbench/api/node/extensionHostProcess.js:172:55654)
	at t.registerDebugger (/home/holelulu/.vscode-oss/extensions/ms-python.debugpy-2025.4.1-linux-x64/dist/extension.js:2:846581)
	at e.activate (/home/holelulu/.vscode-oss/extensions/ms-python.debugpy-2025.4.1-linux-x64/dist/extension.js:2:1098040)
	at Ow.kb (file:///usr/lib/code/out/vs/workbench/api/node/extensionHostProcess.js:116:15214)
	at Ow.jb (file:///usr/lib/code/out/vs/workbench/api/node/extensionHostProcess.js:116:14921)
	at file:///usr/lib/code/out/vs/workbench/api/node/extensionHostProcess.js:116:13079
	at async aw.n (file:///usr/lib/code/out/vs/workbench/api/node/extensionHostProcess.js:112:4447)
	at async aw.m (file:///usr/lib/code/out/vs/workbench/api/node/extensionHostProcess.js:112:4410)
	at async aw.l (file:///usr/lib/code/out/vs/workbench/api/node/extensionHostProcess.js:112:3866)
2025-03-15 12:32:39.168 [error] Error: Extension 'ms-python.python' CANNOT use API proposal: testObserver.
Its package.json#enabledApiProposals-property declares:  but NOT testObserver.
 The missing proposal MUST be added and you must start in extension development mode or use the following command line switch: --enable-proposed-api ms-python.python
	at N (file:///usr/lib/code/out/vs/workbench/api/node/extensionHostProcess.js:110:16858)
	at get testResults (file:///usr/lib/code/out/vs/workbench/api/node/extensionHostProcess.js:172:39426)
	at C.activate (/home/holelulu/.vscode-oss/extensions/ms-python.python-2025.2.0-universal/out/client/extension.js:2:908493)
	at /home/holelulu/.vscode-oss/extensions/ms-python.python-2025.2.0-universal/out/client/extension.js:2:2457
	at Array.map (<anonymous>)
	at v.activateWorkspace (/home/holelulu/.vscode-oss/extensions/ms-python.python-2025.2.0-universal/out/client/extension.js:2:2447)
2025-03-15 12:33:49.205 [error] [ms-python.python] provider FAILED
2025-03-15 12:33:49.205 [error] Error: UnboundLocalError: cannot access local variable 'start_index' where it is not associated with a value
	at ae (/home/holelulu/.vscode-oss/extensions/ms-python.python-2025.2.0-universal/out/client/extension.js:2:1974693)
	at oe (/home/holelulu/.vscode-oss/extensions/ms-python.python-2025.2.0-universal/out/client/extension.js:2:1972653)
	at Immediate.<anonymous> (/home/holelulu/.vscode-oss/extensions/ms-python.python-2025.2.0-universal/out/client/extension.js:2:1968947)
	at process.processImmediate (node:internal/timers:483:21)
2025-03-15 12:49:36.815 [error] [ms-python.python] provider FAILED
2025-03-15 12:49:36.815 [error] Error: UnboundLocalError: cannot access local variable 'start_index' where it is not associated with a value
	at ae (/home/holelulu/.vscode-oss/extensions/ms-python.python-2025.2.0-universal/out/client/extension.js:2:1974693)
	at oe (/home/holelulu/.vscode-oss/extensions/ms-python.python-2025.2.0-universal/out/client/extension.js:2:1972653)
	at Immediate.<anonymous> (/home/holelulu/.vscode-oss/extensions/ms-python.python-2025.2.0-universal/out/client/extension.js:2:1968947)
	at process.processImmediate (node:internal/timers:483:21)
2025-03-15 12:49:38.153 [error] [ms-python.python] provider FAILED
2025-03-15 12:49:38.153 [error] Error: UnboundLocalError: cannot access local variable 'start_index' where it is not associated with a value
	at ae (/home/holelulu/.vscode-oss/extensions/ms-python.python-2025.2.0-universal/out/client/extension.js:2:1974693)
	at oe (/home/holelulu/.vscode-oss/extensions/ms-python.python-2025.2.0-universal/out/client/extension.js:2:1972653)
	at Immediate.<anonymous> (/home/holelulu/.vscode-oss/extensions/ms-python.python-2025.2.0-universal/out/client/extension.js:2:1968947)
	at process.processImmediate (node:internal/timers:483:21)
2025-03-15 12:49:38.832 [error] [ms-python.python] provider FAILED
2025-03-15 12:49:38.832 [error] Error: UnboundLocalError: cannot access local variable 'start_index' where it is not associated with a value
	at ae (/home/holelulu/.vscode-oss/extensions/ms-python.python-2025.2.0-universal/out/client/extension.js:2:1974693)
	at oe (/home/holelulu/.vscode-oss/extensions/ms-python.python-2025.2.0-universal/out/client/extension.js:2:1972653)
	at Immediate.<anonymous> (/home/holelulu/.vscode-oss/extensions/ms-python.python-2025.2.0-universal/out/client/extension.js:2:1968947)
	at process.processImmediate (node:internal/timers:483:21)
2025-03-15 13:11:43.762 [error] [ms-python.python] provider FAILED
2025-03-15 13:11:43.762 [error] Error: UnboundLocalError: cannot access local variable 'end_index' where it is not associated with a value
	at ae (/home/holelulu/.vscode-oss/extensions/ms-python.python-2025.2.0-universal/out/client/extension.js:2:1974693)
	at oe (/home/holelulu/.vscode-oss/extensions/ms-python.python-2025.2.0-universal/out/client/extension.js:2:1972653)
	at Immediate.<anonymous> (/home/holelulu/.vscode-oss/extensions/ms-python.python-2025.2.0-universal/out/client/extension.js:2:1968947)
	at process.processImmediate (node:internal/timers:483:21)
2025-03-15 13:11:50.368 [error] [ms-python.python] provider FAILED
2025-03-15 13:11:50.368 [error] Error: UnboundLocalError: cannot access local variable 'end_index' where it is not associated with a value
	at ae (/home/holelulu/.vscode-oss/extensions/ms-python.python-2025.2.0-universal/out/client/extension.js:2:1974693)
	at oe (/home/holelulu/.vscode-oss/extensions/ms-python.python-2025.2.0-universal/out/client/extension.js:2:1972653)
	at Immediate.<anonymous> (/home/holelulu/.vscode-oss/extensions/ms-python.python-2025.2.0-universal/out/client/extension.js:2:1968947)
	at process.processImmediate (node:internal/timers:483:21)
2025-03-15 13:11:58.033 [error] [ms-python.python] provider FAILED
2025-03-15 13:11:58.033 [error] Error: UnboundLocalError: cannot access local variable 'end_index' where it is not associated with a value
	at ae (/home/holelulu/.vscode-oss/extensions/ms-python.python-2025.2.0-universal/out/client/extension.js:2:1974693)
	at oe (/home/holelulu/.vscode-oss/extensions/ms-python.python-2025.2.0-universal/out/client/extension.js:2:1972653)
	at Immediate.<anonymous> (/home/holelulu/.vscode-oss/extensions/ms-python.python-2025.2.0-universal/out/client/extension.js:2:1968947)
	at process.processImmediate (node:internal/timers:483:21)
2025-03-15 13:12:09.201 [error] [ms-python.python] provider FAILED
2025-03-15 13:12:09.201 [error] Error: UnboundLocalError: cannot access local variable 'end_index' where it is not associated with a value
	at ae (/home/holelulu/.vscode-oss/extensions/ms-python.python-2025.2.0-universal/out/client/extension.js:2:1974693)
	at oe (/home/holelulu/.vscode-oss/extensions/ms-python.python-2025.2.0-universal/out/client/extension.js:2:1972653)
	at Immediate.<anonymous> (/home/holelulu/.vscode-oss/extensions/ms-python.python-2025.2.0-universal/out/client/extension.js:2:1968947)
	at process.processImmediate (node:internal/timers:483:21)
2025-03-15 13:12:12.641 [error] [ms-python.python] provider FAILED
2025-03-15 13:12:12.641 [error] Error: UnboundLocalError: cannot access local variable 'end_index' where it is not associated with a value
	at ae (/home/holelulu/.vscode-oss/extensions/ms-python.python-2025.2.0-universal/out/client/extension.js:2:1974693)
	at oe (/home/holelulu/.vscode-oss/extensions/ms-python.python-2025.2.0-universal/out/client/extension.js:2:1972653)
	at Immediate.<anonymous> (/home/holelulu/.vscode-oss/extensions/ms-python.python-2025.2.0-universal/out/client/extension.js:2:1968947)
	at process.processImmediate (node:internal/timers:483:21)
