2025-03-12 20:45:40.191 [info] [main] Log level: Info
2025-03-12 20:45:40.191 [info] [main] Validating found git in: "git"
2025-03-12 20:45:40.191 [info] [main] Using git "2.48.1" from "git"
2025-03-12 20:45:40.191 [info] [Model][doInitialScan] Initial repository scan started
2025-03-12 20:45:40.191 [info] > git rev-parse --show-toplevel [46ms]
2025-03-12 20:45:40.223 [info] > git rev-parse --git-dir --git-common-dir [14ms]
2025-03-12 20:45:40.234 [info] [Model][openRepository] Opened repository: /home/holelulu/projects/c_cpp_projects/stm32
2025-03-12 20:45:40.259 [info] > git rev-parse --show-toplevel [9ms]
2025-03-12 20:45:40.260 [info] > git config --get commit.template [16ms]
2025-03-12 20:45:40.278 [info] > git rev-parse --show-toplevel [9ms]
2025-03-12 20:45:40.285 [info] > git for-each-ref --format=%(refname)%00%(upstream:short)%00%(objectname)%00%(upstream:track)%00%(upstream:remotename)%00%(upstream:remoteref) refs/heads/dev refs/remotes/dev [9ms]
2025-03-12 20:45:40.304 [info] > git status -z -uall [11ms]
2025-03-12 20:45:40.305 [info] > git rev-parse --show-toplevel [20ms]
2025-03-12 20:45:40.322 [info] > git for-each-ref --sort -committerdate --format %(refname) %(objectname) %(*objectname) [19ms]
2025-03-12 20:45:40.357 [info] > git for-each-ref --format=%(refname)%00%(upstream:short)%00%(objectname)%00%(upstream:track)%00%(upstream:remotename)%00%(upstream:remoteref) refs/heads/dev refs/remotes/dev [15ms]
2025-03-12 20:45:40.369 [info] > git rev-parse --show-toplevel [57ms]
2025-03-12 20:45:40.379 [info] > git config --get commit.template [26ms]
2025-03-12 20:45:40.380 [info] > git rev-parse --show-toplevel [3ms]
2025-03-12 20:45:40.381 [info] [Model][doInitialScan] Initial repository scan completed - repositories (1), closed repositories (0), parent repositories (0), unsafe repositories (0)
2025-03-12 20:45:40.381 [info] > git config --get --local branch.dev.vscode-merge-base [13ms]
2025-03-12 20:45:40.424 [info] > git for-each-ref --format=%(refname)%00%(upstream:short)%00%(objectname)%00%(upstream:track)%00%(upstream:remotename)%00%(upstream:remoteref) refs/heads/origin/dev refs/remotes/origin/dev [31ms]
2025-03-12 20:45:40.428 [info] > git for-each-ref --format=%(refname)%00%(upstream:short)%00%(objectname)%00%(upstream:track)%00%(upstream:remotename)%00%(upstream:remoteref) refs/heads/dev refs/remotes/dev [4ms]
2025-03-12 20:45:40.450 [info] > git status -z -uall [14ms]
2025-03-12 20:45:40.453 [info] > git for-each-ref --sort -committerdate --format %(refname) %(objectname) %(*objectname) [5ms]
2025-03-12 20:45:40.576 [info] > git show --textconv :Core/Src/sx_1276.c [10ms]
2025-03-12 20:45:40.577 [info] > git ls-files --stage -- /home/holelulu/projects/c_cpp_projects/stm32/Core/Src/sx_1276.c [2ms]
2025-03-12 20:45:40.587 [info] > git cat-file -s abb73c1291844574cdd7cca0a7dde02d2bcd8933 [2ms]
2025-03-12 20:45:40.619 [info] > git blame --root --incremental 092ba91c038d7e695d135e064a4f7dfeb484e0c6 -- /home/holelulu/projects/c_cpp_projects/stm32/Core/Src/sx_1276.c [13ms]
2025-03-12 20:45:40.948 [info] > git check-ignore -v -z --stdin [31ms]
2025-03-12 20:46:04.619 [info] > git config --get commit.template [11ms]
2025-03-12 20:46:04.637 [info] > git ls-files --stage -- /home/holelulu/projects/c_cpp_projects/stm32/Core/Src/sx_1276.c [19ms]
2025-03-12 20:46:04.655 [info] > git for-each-ref --format=%(refname)%00%(upstream:short)%00%(objectname)%00%(upstream:track)%00%(upstream:remotename)%00%(upstream:remoteref) refs/heads/dev refs/remotes/dev [19ms]
2025-03-12 20:46:04.675 [info] > git status -z -uall [10ms]
2025-03-12 20:46:04.676 [info] > git cat-file -s 70a53ce5e0b51b7895de58f71b05f3df4f25cf2f [22ms]
2025-03-12 20:46:04.677 [info] > git for-each-ref --sort -committerdate --format %(refname) %(objectname) %(*objectname) [2ms]
2025-03-12 20:46:04.704 [info] > git blame --root --incremental da2f87cb74f1c78d014aba5e4847e08489998828 -- /home/holelulu/projects/c_cpp_projects/stm32/Core/Src/sx_1276.c [17ms]
2025-03-12 20:46:04.707 [info] > git show --textconv :Core/Src/sx_1276.c [6ms]
2025-03-12 20:47:48.757 [info] > git config --get commit.template [19ms]
2025-03-12 20:47:48.759 [info] > git for-each-ref --format=%(refname)%00%(upstream:short)%00%(objectname)%00%(upstream:track)%00%(upstream:remotename)%00%(upstream:remoteref) refs/heads/dev refs/remotes/dev [4ms]
2025-03-12 20:47:48.796 [info] > git status -z -uall [19ms]
2025-03-12 20:47:48.798 [info] > git for-each-ref --sort -committerdate --format %(refname) %(objectname) %(*objectname) [4ms]
2025-03-12 20:48:07.532 [info] > git config --get commit.template [1ms]
2025-03-12 20:48:07.549 [info] > git for-each-ref --format=%(refname)%00%(upstream:short)%00%(objectname)%00%(upstream:track)%00%(upstream:remotename)%00%(upstream:remoteref) refs/heads/dev refs/remotes/dev [2ms]
2025-03-12 20:48:07.576 [info] > git status -z -uall [12ms]
2025-03-12 20:48:07.577 [info] > git for-each-ref --sort -committerdate --format %(refname) %(objectname) %(*objectname) [2ms]
2025-03-12 21:34:55.772 [info] > git config --get commit.template [11ms]
2025-03-12 21:34:55.772 [info] > git for-each-ref --format=%(refname)%00%(upstream:short)%00%(objectname)%00%(upstream:track)%00%(upstream:remotename)%00%(upstream:remoteref) refs/heads/dev refs/remotes/dev [1ms]
2025-03-12 21:34:55.793 [info] > git status -z -uall [9ms]
2025-03-12 21:34:55.794 [info] > git for-each-ref --sort -committerdate --format %(refname) %(objectname) %(*objectname) [2ms]
2025-03-12 21:35:49.002 [info] > git config --get commit.template [1ms]
2025-03-12 21:35:49.016 [info] > git for-each-ref --format=%(refname)%00%(upstream:short)%00%(objectname)%00%(upstream:track)%00%(upstream:remotename)%00%(upstream:remoteref) refs/heads/dev refs/remotes/dev [1ms]
2025-03-12 21:35:49.044 [info] > git status -z -uall [15ms]
2025-03-12 21:35:49.045 [info] > git for-each-ref --sort -committerdate --format %(refname) %(objectname) %(*objectname) [2ms]
2025-03-12 21:35:54.074 [info] > git config --get commit.template [9ms]
2025-03-12 21:35:54.074 [info] > git for-each-ref --format=%(refname)%00%(upstream:short)%00%(objectname)%00%(upstream:track)%00%(upstream:remotename)%00%(upstream:remoteref) refs/heads/dev refs/remotes/dev [1ms]
2025-03-12 21:35:54.092 [info] > git status -z -uall [9ms]
2025-03-12 21:35:54.093 [info] > git for-each-ref --sort -committerdate --format %(refname) %(objectname) %(*objectname) [1ms]
2025-03-12 21:36:44.423 [info] > git config --get commit.template [1ms]
2025-03-12 21:36:44.444 [info] > git for-each-ref --format=%(refname)%00%(upstream:short)%00%(objectname)%00%(upstream:track)%00%(upstream:remotename)%00%(upstream:remoteref) refs/heads/dev refs/remotes/dev [4ms]
2025-03-12 21:36:44.468 [info] > git status -z -uall [11ms]
2025-03-12 21:36:44.470 [info] > git for-each-ref --sort -committerdate --format %(refname) %(objectname) %(*objectname) [3ms]
2025-03-12 21:36:49.504 [info] > git config --get commit.template [13ms]
2025-03-12 21:36:49.505 [info] > git for-each-ref --format=%(refname)%00%(upstream:short)%00%(objectname)%00%(upstream:track)%00%(upstream:remotename)%00%(upstream:remoteref) refs/heads/dev refs/remotes/dev [2ms]
2025-03-12 21:36:49.535 [info] > git status -z -uall [14ms]
2025-03-12 21:36:49.537 [info] > git for-each-ref --sort -committerdate --format %(refname) %(objectname) %(*objectname) [2ms]
2025-03-12 21:36:54.575 [info] > git config --get commit.template [17ms]
2025-03-12 21:36:54.578 [info] > git for-each-ref --format=%(refname)%00%(upstream:short)%00%(objectname)%00%(upstream:track)%00%(upstream:remotename)%00%(upstream:remoteref) refs/heads/dev refs/remotes/dev [3ms]
2025-03-12 21:36:54.606 [info] > git status -z -uall [16ms]
2025-03-12 21:36:54.606 [info] > git for-each-ref --sort -committerdate --format %(refname) %(objectname) %(*objectname) [3ms]
2025-03-12 21:36:59.881 [info] > git config --get commit.template [19ms]
2025-03-12 21:36:59.882 [info] > git for-each-ref --format=%(refname)%00%(upstream:short)%00%(objectname)%00%(upstream:track)%00%(upstream:remotename)%00%(upstream:remoteref) refs/heads/dev refs/remotes/dev [2ms]
2025-03-12 21:36:59.910 [info] > git status -z -uall [14ms]
2025-03-12 21:36:59.913 [info] > git for-each-ref --sort -committerdate --format %(refname) %(objectname) %(*objectname) [3ms]
2025-03-12 21:37:04.952 [info] > git config --get commit.template [17ms]
2025-03-12 21:37:04.954 [info] > git for-each-ref --format=%(refname)%00%(upstream:short)%00%(objectname)%00%(upstream:track)%00%(upstream:remotename)%00%(upstream:remoteref) refs/heads/dev refs/remotes/dev [2ms]
2025-03-12 21:37:04.983 [info] > git status -z -uall [16ms]
2025-03-12 21:37:04.984 [info] > git for-each-ref --sort -committerdate --format %(refname) %(objectname) %(*objectname) [3ms]
2025-03-12 21:37:49.191 [info] > git show --textconv :Core/Inc/sx_1276.h [15ms]
2025-03-12 21:37:49.193 [info] > git ls-files --stage -- /home/holelulu/projects/c_cpp_projects/stm32/Core/Inc/sx_1276.h [3ms]
2025-03-12 21:37:49.209 [info] > git cat-file -s 320b04698693822a0b2b5d34eb4a3b6c917614a7 [2ms]
2025-03-12 21:37:49.241 [info] > git blame --root --incremental da2f87cb74f1c78d014aba5e4847e08489998828 -- /home/holelulu/projects/c_cpp_projects/stm32/Core/Inc/sx_1276.h [12ms]
2025-03-12 21:38:04.234 [info] > git config --get commit.template [19ms]
2025-03-12 21:38:04.236 [info] > git for-each-ref --format=%(refname)%00%(upstream:short)%00%(objectname)%00%(upstream:track)%00%(upstream:remotename)%00%(upstream:remoteref) refs/heads/dev refs/remotes/dev [3ms]
2025-03-12 21:38:04.267 [info] > git status -z -uall [14ms]
2025-03-12 21:38:04.269 [info] > git for-each-ref --sort -committerdate --format %(refname) %(objectname) %(*objectname) [3ms]
2025-03-12 21:38:08.908 [info] > git show --textconv :Core/Src/sx_1276.c [20ms]
2025-03-12 21:38:08.910 [info] > git ls-files --stage -- /home/holelulu/projects/c_cpp_projects/stm32/Core/Src/sx_1276.c [3ms]
2025-03-12 21:38:08.930 [info] > git cat-file -s 70a53ce5e0b51b7895de58f71b05f3df4f25cf2f [3ms]
2025-03-12 21:38:09.312 [info] > git config --get commit.template [18ms]
2025-03-12 21:38:09.314 [info] > git for-each-ref --format=%(refname)%00%(upstream:short)%00%(objectname)%00%(upstream:track)%00%(upstream:remotename)%00%(upstream:remoteref) refs/heads/dev refs/remotes/dev [3ms]
2025-03-12 21:38:09.349 [info] > git status -z -uall [18ms]
2025-03-12 21:38:09.353 [info] > git for-each-ref --sort -committerdate --format %(refname) %(objectname) %(*objectname) [5ms]
2025-03-12 21:38:15.208 [info] > git config --get commit.template [19ms]
2025-03-12 21:38:15.210 [info] > git for-each-ref --format=%(refname)%00%(upstream:short)%00%(objectname)%00%(upstream:track)%00%(upstream:remotename)%00%(upstream:remoteref) refs/heads/dev refs/remotes/dev [3ms]
2025-03-12 21:38:15.247 [info] > git status -z -uall [21ms]
2025-03-12 21:38:15.251 [info] > git for-each-ref --sort -committerdate --format %(refname) %(objectname) %(*objectname) [6ms]
2025-03-12 21:38:39.441 [info] > git config --get commit.template [17ms]
2025-03-12 21:38:39.443 [info] > git for-each-ref --format=%(refname)%00%(upstream:short)%00%(objectname)%00%(upstream:track)%00%(upstream:remotename)%00%(upstream:remoteref) refs/heads/dev refs/remotes/dev [3ms]
2025-03-12 21:38:39.471 [info] > git status -z -uall [15ms]
2025-03-12 21:38:39.472 [info] > git for-each-ref --sort -committerdate --format %(refname) %(objectname) %(*objectname) [2ms]
2025-03-12 21:38:44.514 [info] > git config --get commit.template [19ms]
2025-03-12 21:38:44.516 [info] > git for-each-ref --format=%(refname)%00%(upstream:short)%00%(objectname)%00%(upstream:track)%00%(upstream:remotename)%00%(upstream:remoteref) refs/heads/dev refs/remotes/dev [3ms]
2025-03-12 21:38:44.547 [info] > git status -z -uall [18ms]
2025-03-12 21:38:44.550 [info] > git for-each-ref --sort -committerdate --format %(refname) %(objectname) %(*objectname) [4ms]
2025-03-12 21:38:53.316 [info] > git config --get commit.template [20ms]
2025-03-12 21:38:53.318 [info] > git for-each-ref --format=%(refname)%00%(upstream:short)%00%(objectname)%00%(upstream:track)%00%(upstream:remotename)%00%(upstream:remoteref) refs/heads/dev refs/remotes/dev [4ms]
2025-03-12 21:38:53.348 [info] > git status -z -uall [15ms]
2025-03-12 21:38:53.350 [info] > git for-each-ref --sort -committerdate --format %(refname) %(objectname) %(*objectname) [4ms]
2025-03-12 21:39:09.083 [info] > git config --get commit.template [16ms]
2025-03-12 21:39:09.083 [info] > git for-each-ref --format=%(refname)%00%(upstream:short)%00%(objectname)%00%(upstream:track)%00%(upstream:remotename)%00%(upstream:remoteref) refs/heads/dev refs/remotes/dev [1ms]
2025-03-12 21:39:09.117 [info] > git status -z -uall [19ms]
2025-03-12 21:39:09.120 [info] > git for-each-ref --sort -committerdate --format %(refname) %(objectname) %(*objectname) [4ms]
2025-03-12 21:39:14.159 [info] > git config --get commit.template [18ms]
2025-03-12 21:39:14.160 [info] > git for-each-ref --format=%(refname)%00%(upstream:short)%00%(objectname)%00%(upstream:track)%00%(upstream:remotename)%00%(upstream:remoteref) refs/heads/dev refs/remotes/dev [2ms]
2025-03-12 21:39:14.188 [info] > git status -z -uall [14ms]
2025-03-12 21:39:14.192 [info] > git for-each-ref --sort -committerdate --format %(refname) %(objectname) %(*objectname) [5ms]
2025-03-12 21:39:19.230 [info] > git config --get commit.template [18ms]
2025-03-12 21:39:19.232 [info] > git for-each-ref --format=%(refname)%00%(upstream:short)%00%(objectname)%00%(upstream:track)%00%(upstream:remotename)%00%(upstream:remoteref) refs/heads/dev refs/remotes/dev [3ms]
2025-03-12 21:39:19.267 [info] > git status -z -uall [18ms]
2025-03-12 21:39:19.271 [info] > git for-each-ref --sort -committerdate --format %(refname) %(objectname) %(*objectname) [4ms]
2025-03-12 21:39:24.297 [info] > git config --get commit.template [2ms]
2025-03-12 21:39:24.314 [info] > git for-each-ref --format=%(refname)%00%(upstream:short)%00%(objectname)%00%(upstream:track)%00%(upstream:remotename)%00%(upstream:remoteref) refs/heads/dev refs/remotes/dev [2ms]
2025-03-12 21:39:24.342 [info] > git status -z -uall [11ms]
2025-03-12 21:39:24.343 [info] > git for-each-ref --sort -committerdate --format %(refname) %(objectname) %(*objectname) [2ms]
2025-03-12 21:39:29.383 [info] > git config --get commit.template [19ms]
2025-03-12 21:39:29.384 [info] > git for-each-ref --format=%(refname)%00%(upstream:short)%00%(objectname)%00%(upstream:track)%00%(upstream:remotename)%00%(upstream:remoteref) refs/heads/dev refs/remotes/dev [3ms]
2025-03-12 21:39:29.415 [info] > git status -z -uall [14ms]
2025-03-12 21:39:29.419 [info] > git for-each-ref --sort -committerdate --format %(refname) %(objectname) %(*objectname) [4ms]
2025-03-12 21:39:42.552 [info] > git show --textconv :Core/Src/main.c [15ms]
2025-03-12 21:39:42.554 [info] > git ls-files --stage -- /home/holelulu/projects/c_cpp_projects/stm32/Core/Src/main.c [2ms]
2025-03-12 21:39:42.567 [info] > git cat-file -s e14c3b42ece04eedf77244c73225f7f6ef3288ac [2ms]
2025-03-12 21:39:42.608 [info] > git blame --root --incremental da2f87cb74f1c78d014aba5e4847e08489998828 -- /home/holelulu/projects/c_cpp_projects/stm32/Core/Src/main.c [15ms]
2025-03-12 21:39:49.864 [info] > git config --get commit.template [16ms]
2025-03-12 21:39:49.866 [info] > git for-each-ref --format=%(refname)%00%(upstream:short)%00%(objectname)%00%(upstream:track)%00%(upstream:remotename)%00%(upstream:remoteref) refs/heads/dev refs/remotes/dev [3ms]
2025-03-12 21:39:49.894 [info] > git status -z -uall [15ms]
2025-03-12 21:39:49.895 [info] > git for-each-ref --sort -committerdate --format %(refname) %(objectname) %(*objectname) [2ms]
2025-03-12 21:39:56.244 [info] > git config --get commit.template [16ms]
2025-03-12 21:39:56.245 [info] > git for-each-ref --format=%(refname)%00%(upstream:short)%00%(objectname)%00%(upstream:track)%00%(upstream:remotename)%00%(upstream:remoteref) refs/heads/dev refs/remotes/dev [2ms]
2025-03-12 21:39:56.277 [info] > git status -z -uall [17ms]
2025-03-12 21:39:56.278 [info] > git for-each-ref --sort -committerdate --format %(refname) %(objectname) %(*objectname) [2ms]
2025-03-12 21:40:09.362 [info] > git config --get commit.template [14ms]
2025-03-12 21:40:09.362 [info] > git for-each-ref --format=%(refname)%00%(upstream:short)%00%(objectname)%00%(upstream:track)%00%(upstream:remotename)%00%(upstream:remoteref) refs/heads/dev refs/remotes/dev [1ms]
2025-03-12 21:40:09.399 [info] > git status -z -uall [19ms]
2025-03-12 21:40:09.402 [info] > git for-each-ref --sort -committerdate --format %(refname) %(objectname) %(*objectname) [4ms]
2025-03-12 21:40:13.747 [info] > git show --textconv :Core/Src/sx_1276.c [18ms]
2025-03-12 21:40:13.747 [info] > git ls-files --stage -- /home/holelulu/projects/c_cpp_projects/stm32/Core/Src/sx_1276.c [2ms]
2025-03-12 21:40:13.767 [info] > git cat-file -s 70a53ce5e0b51b7895de58f71b05f3df4f25cf2f [4ms]
2025-03-12 21:40:14.439 [info] > git config --get commit.template [15ms]
2025-03-12 21:40:14.440 [info] > git for-each-ref --format=%(refname)%00%(upstream:short)%00%(objectname)%00%(upstream:track)%00%(upstream:remotename)%00%(upstream:remoteref) refs/heads/dev refs/remotes/dev [2ms]
2025-03-12 21:40:14.475 [info] > git status -z -uall [18ms]
2025-03-12 21:40:14.477 [info] > git for-each-ref --sort -committerdate --format %(refname) %(objectname) %(*objectname) [3ms]
2025-03-12 21:40:14.886 [info] > git show --textconv :Core/Src/main.c [15ms]
2025-03-12 21:40:14.887 [info] > git ls-files --stage -- /home/holelulu/projects/c_cpp_projects/stm32/Core/Src/main.c [2ms]
2025-03-12 21:40:14.904 [info] > git cat-file -s e14c3b42ece04eedf77244c73225f7f6ef3288ac [4ms]
2025-03-12 21:40:15.885 [info] > git show --textconv :Core/Src/sx_1276.c [20ms]
2025-03-12 21:40:15.887 [info] > git ls-files --stage -- /home/holelulu/projects/c_cpp_projects/stm32/Core/Src/sx_1276.c [3ms]
2025-03-12 21:40:15.905 [info] > git cat-file -s 70a53ce5e0b51b7895de58f71b05f3df4f25cf2f [3ms]
2025-03-12 21:40:22.207 [info] > git config --get commit.template [13ms]
2025-03-12 21:40:22.208 [info] > git for-each-ref --format=%(refname)%00%(upstream:short)%00%(objectname)%00%(upstream:track)%00%(upstream:remotename)%00%(upstream:remoteref) refs/heads/dev refs/remotes/dev [1ms]
2025-03-12 21:40:22.232 [info] > git status -z -uall [11ms]
2025-03-12 21:40:22.234 [info] > git for-each-ref --sort -committerdate --format %(refname) %(objectname) %(*objectname) [2ms]
2025-03-12 21:40:40.431 [info] > git config --get commit.template [20ms]
2025-03-12 21:40:40.433 [info] > git for-each-ref --format=%(refname)%00%(upstream:short)%00%(objectname)%00%(upstream:track)%00%(upstream:remotename)%00%(upstream:remoteref) refs/heads/dev refs/remotes/dev [3ms]
2025-03-12 21:40:40.468 [info] > git status -z -uall [18ms]
2025-03-12 21:40:40.470 [info] > git for-each-ref --sort -committerdate --format %(refname) %(objectname) %(*objectname) [3ms]
2025-03-12 21:40:50.403 [info] > git config --get commit.template [14ms]
2025-03-12 21:40:50.406 [info] > git for-each-ref --format=%(refname)%00%(upstream:short)%00%(objectname)%00%(upstream:track)%00%(upstream:remotename)%00%(upstream:remoteref) refs/heads/dev refs/remotes/dev [4ms]
2025-03-12 21:40:50.434 [info] > git status -z -uall [15ms]
2025-03-12 21:40:50.435 [info] > git for-each-ref --sort -committerdate --format %(refname) %(objectname) %(*objectname) [2ms]
2025-03-12 21:40:55.469 [info] > git config --get commit.template [13ms]
2025-03-12 21:40:55.471 [info] > git for-each-ref --format=%(refname)%00%(upstream:short)%00%(objectname)%00%(upstream:track)%00%(upstream:remotename)%00%(upstream:remoteref) refs/heads/dev refs/remotes/dev [2ms]
2025-03-12 21:40:55.497 [info] > git status -z -uall [13ms]
2025-03-12 21:40:55.500 [info] > git for-each-ref --sort -committerdate --format %(refname) %(objectname) %(*objectname) [4ms]
2025-03-12 21:41:16.473 [info] > git show --textconv :Core/Src/main.c [18ms]
2025-03-12 21:41:16.475 [info] > git ls-files --stage -- /home/holelulu/projects/c_cpp_projects/stm32/Core/Src/main.c [3ms]
2025-03-12 21:41:16.495 [info] > git cat-file -s e14c3b42ece04eedf77244c73225f7f6ef3288ac [3ms]
2025-03-12 21:41:41.557 [info] > git config --get commit.template [16ms]
2025-03-12 21:41:41.559 [info] > git for-each-ref --format=%(refname)%00%(upstream:short)%00%(objectname)%00%(upstream:track)%00%(upstream:remotename)%00%(upstream:remoteref) refs/heads/dev refs/remotes/dev [3ms]
2025-03-12 21:41:41.586 [info] > git status -z -uall [14ms]
2025-03-12 21:41:41.589 [info] > git for-each-ref --sort -committerdate --format %(refname) %(objectname) %(*objectname) [3ms]
2025-03-12 21:47:47.810 [info] > git config --get commit.template [2ms]
2025-03-12 21:47:47.835 [info] > git for-each-ref --format=%(refname)%00%(upstream:short)%00%(objectname)%00%(upstream:track)%00%(upstream:remotename)%00%(upstream:remoteref) refs/heads/dev refs/remotes/dev [5ms]
2025-03-12 21:47:47.875 [info] > git status -z -uall [20ms]
2025-03-12 21:47:47.875 [info] > git for-each-ref --sort -committerdate --format %(refname) %(objectname) %(*objectname) [5ms]
2025-03-12 21:47:48.047 [info] > git show --textconv :Core/Src/sx_1276.c [10ms]
2025-03-12 21:47:48.048 [info] > git ls-files --stage -- /home/holelulu/projects/c_cpp_projects/stm32/Core/Src/sx_1276.c [2ms]
2025-03-12 21:47:48.060 [info] > git cat-file -s 70a53ce5e0b51b7895de58f71b05f3df4f25cf2f [2ms]
