2025-03-15 12:07:44.861 [info] [main] Log level: Info
2025-03-15 12:07:44.861 [info] [main] Validating found git in: "git"
2025-03-15 12:07:44.861 [info] [main] Using git "2.48.1" from "git"
2025-03-15 12:07:44.861 [info] [Model][doInitialScan] Initial repository scan started
2025-03-15 12:07:44.861 [info] > git rev-parse --show-toplevel [60ms]
2025-03-15 12:07:44.882 [info] > git rev-parse --git-dir --git-common-dir [13ms]
2025-03-15 12:07:44.892 [info] [Model][openRepository] Opened repository: /home/holelulu/projects/c_cpp_projects/stm32
2025-03-15 12:07:44.914 [info] > git rev-parse --show-toplevel [5ms]
2025-03-15 12:07:44.915 [info] > git config --get commit.template [13ms]
2025-03-15 12:07:44.935 [info] > git for-each-ref --format=%(refname)%00%(upstream:short)%00%(objectname)%00%(upstream:track)%00%(upstream:remotename)%00%(upstream:remoteref) refs/heads/dev refs/remotes/dev [3ms]
2025-03-15 12:07:44.952 [info] > git rev-parse --show-toplevel [29ms]
2025-03-15 12:07:44.964 [info] > git status -z -uall [21ms]
2025-03-15 12:07:44.964 [info] > git for-each-ref --sort -committerdate --format %(refname) %(objectname) %(*objectname) [12ms]
2025-03-15 12:07:45.001 [info] > git for-each-ref --format=%(refname)%00%(upstream:short)%00%(objectname)%00%(upstream:track)%00%(upstream:remotename)%00%(upstream:remoteref) refs/heads/dev refs/remotes/dev [13ms]
2025-03-15 12:07:45.010 [info] > git rev-parse --show-toplevel [47ms]
2025-03-15 12:07:45.026 [info] > git config --get --local branch.dev.vscode-merge-base [17ms]
2025-03-15 12:07:45.037 [info] > git config --get commit.template [36ms]
2025-03-15 12:07:45.044 [info] > git rev-parse --show-toplevel [20ms]
2025-03-15 12:07:45.094 [info] > git for-each-ref --format=%(refname)%00%(upstream:short)%00%(objectname)%00%(upstream:track)%00%(upstream:remotename)%00%(upstream:remoteref) refs/heads/origin/dev refs/remotes/origin/dev [57ms]
2025-03-15 12:07:45.097 [info] > git rev-parse --show-toplevel [4ms]
2025-03-15 12:07:45.098 [info] [Model][doInitialScan] Initial repository scan completed - repositories (1), closed repositories (0), parent repositories (0), unsafe repositories (0)
2025-03-15 12:07:45.098 [info] > git for-each-ref --format=%(refname)%00%(upstream:short)%00%(objectname)%00%(upstream:track)%00%(upstream:remotename)%00%(upstream:remoteref) refs/heads/dev refs/remotes/dev [14ms]
2025-03-15 12:07:45.115 [info] > git status -z -uall [10ms]
2025-03-15 12:07:45.117 [info] > git for-each-ref --sort -committerdate --format %(refname) %(objectname) %(*objectname) [4ms]
2025-03-15 12:07:45.225 [info] > git show --textconv :Core/Inc/sx_1276.h [11ms]
2025-03-15 12:07:45.229 [info] > git ls-files --stage -- /home/holelulu/projects/c_cpp_projects/stm32/Core/Inc/sx_1276.h [5ms]
2025-03-15 12:07:45.237 [info] > git cat-file -s 78fcd298a079be73b18852acc941066c334f8752 [1ms]
2025-03-15 12:07:45.298 [info] > git blame --root --incremental e17002ab78883d429b984ce81ecf0bc541d6a585 -- /home/holelulu/projects/c_cpp_projects/stm32/Core/Inc/sx_1276.h [35ms]
2025-03-15 12:07:45.639 [info] > git check-ignore -v -z --stdin [35ms]
2025-03-15 12:12:39.396 [info] > git show --textconv :Core/Src/sx_1276.c [18ms]
2025-03-15 12:12:39.400 [info] > git ls-files --stage -- /home/holelulu/projects/c_cpp_projects/stm32/Core/Src/sx_1276.c [6ms]
2025-03-15 12:12:39.413 [info] > git cat-file -s 1c982a023b689f207c44eb26a8159238f58820f8 [2ms]
2025-03-15 12:12:39.456 [info] > git blame --root --incremental e17002ab78883d429b984ce81ecf0bc541d6a585 -- /home/holelulu/projects/c_cpp_projects/stm32/Core/Src/sx_1276.c [15ms]
2025-03-15 12:12:39.789 [info] > git check-ignore -v -z --stdin [2ms]
2025-03-15 12:12:41.042 [info] > git show --textconv :Core/Inc/sx_1276.h [18ms]
2025-03-15 12:12:41.044 [info] > git ls-files --stage -- /home/holelulu/projects/c_cpp_projects/stm32/Core/Inc/sx_1276.h [4ms]
2025-03-15 12:12:41.059 [info] > git cat-file -s 78fcd298a079be73b18852acc941066c334f8752 [2ms]
2025-03-15 12:16:56.594 [info] > git check-ignore -v -z --stdin [3ms]
2025-03-15 12:32:30.381 [info] > git config --get commit.template [15ms]
2025-03-15 12:32:30.382 [info] > git for-each-ref --format=%(refname)%00%(upstream:short)%00%(objectname)%00%(upstream:track)%00%(upstream:remotename)%00%(upstream:remoteref) refs/heads/dev refs/remotes/dev [3ms]
2025-03-15 12:32:30.420 [info] > git status -z -uall [20ms]
2025-03-15 12:32:30.422 [info] > git for-each-ref --sort -committerdate --format %(refname) %(objectname) %(*objectname) [3ms]
2025-03-15 12:32:35.462 [info] > git config --get commit.template [17ms]
2025-03-15 12:32:35.463 [info] > git for-each-ref --format=%(refname)%00%(upstream:short)%00%(objectname)%00%(upstream:track)%00%(upstream:remotename)%00%(upstream:remoteref) refs/heads/dev refs/remotes/dev [3ms]
2025-03-15 12:32:35.492 [info] > git status -z -uall [15ms]
2025-03-15 12:32:35.493 [info] > git for-each-ref --sort -committerdate --format %(refname) %(objectname) %(*objectname) [2ms]
2025-03-15 12:32:37.393 [info] > git check-ignore -v -z --stdin [3ms]
2025-03-15 12:32:53.087 [info] > git config --get commit.template [14ms]
2025-03-15 12:32:53.088 [info] > git for-each-ref --format=%(refname)%00%(upstream:short)%00%(objectname)%00%(upstream:track)%00%(upstream:remotename)%00%(upstream:remoteref) refs/heads/dev refs/remotes/dev [2ms]
2025-03-15 12:32:53.109 [info] > git status -z -uall [11ms]
2025-03-15 12:32:53.110 [info] > git for-each-ref --sort -committerdate --format %(refname) %(objectname) %(*objectname) [2ms]
2025-03-15 12:33:00.441 [info] > git config --get commit.template [15ms]
2025-03-15 12:33:00.441 [info] > git for-each-ref --format=%(refname)%00%(upstream:short)%00%(objectname)%00%(upstream:track)%00%(upstream:remotename)%00%(upstream:remoteref) refs/heads/dev refs/remotes/dev [2ms]
2025-03-15 12:33:00.469 [info] > git status -z -uall [15ms]
2025-03-15 12:33:00.471 [info] > git for-each-ref --sort -committerdate --format %(refname) %(objectname) %(*objectname) [2ms]
2025-03-15 12:33:11.924 [info] > git config --get commit.template [19ms]
2025-03-15 12:33:11.926 [info] > git for-each-ref --format=%(refname)%00%(upstream:short)%00%(objectname)%00%(upstream:track)%00%(upstream:remotename)%00%(upstream:remoteref) refs/heads/dev refs/remotes/dev [3ms]
2025-03-15 12:33:11.956 [info] > git status -z -uall [16ms]
2025-03-15 12:33:11.958 [info] > git for-each-ref --sort -committerdate --format %(refname) %(objectname) %(*objectname) [4ms]
2025-03-15 12:34:11.522 [info] > git config --get commit.template [19ms]
2025-03-15 12:34:11.524 [info] > git for-each-ref --format=%(refname)%00%(upstream:short)%00%(objectname)%00%(upstream:track)%00%(upstream:remotename)%00%(upstream:remoteref) refs/heads/dev refs/remotes/dev [3ms]
2025-03-15 12:34:11.557 [info] > git status -z -uall [16ms]
2025-03-15 12:34:11.559 [info] > git for-each-ref --sort -committerdate --format %(refname) %(objectname) %(*objectname) [3ms]
2025-03-15 12:34:29.291 [info] > git config --get commit.template [18ms]
2025-03-15 12:34:29.292 [info] > git for-each-ref --format=%(refname)%00%(upstream:short)%00%(objectname)%00%(upstream:track)%00%(upstream:remotename)%00%(upstream:remoteref) refs/heads/dev refs/remotes/dev [3ms]
2025-03-15 12:34:29.319 [info] > git status -z -uall [14ms]
2025-03-15 12:34:29.322 [info] > git for-each-ref --sort -committerdate --format %(refname) %(objectname) %(*objectname) [3ms]
2025-03-15 12:34:35.156 [info] > git config --get commit.template [17ms]
2025-03-15 12:34:35.157 [info] > git for-each-ref --format=%(refname)%00%(upstream:short)%00%(objectname)%00%(upstream:track)%00%(upstream:remotename)%00%(upstream:remoteref) refs/heads/dev refs/remotes/dev [3ms]
2025-03-15 12:34:35.188 [info] > git status -z -uall [14ms]
2025-03-15 12:34:35.191 [info] > git for-each-ref --sort -committerdate --format %(refname) %(objectname) %(*objectname) [3ms]
2025-03-15 12:34:47.537 [info] > git config --get commit.template [15ms]
2025-03-15 12:34:47.538 [info] > git for-each-ref --format=%(refname)%00%(upstream:short)%00%(objectname)%00%(upstream:track)%00%(upstream:remotename)%00%(upstream:remoteref) refs/heads/dev refs/remotes/dev [3ms]
2025-03-15 12:34:47.573 [info] > git status -z -uall [19ms]
2025-03-15 12:34:47.575 [info] > git for-each-ref --sort -committerdate --format %(refname) %(objectname) %(*objectname) [3ms]
2025-03-15 12:34:53.151 [info] > git config --get commit.template [14ms]
2025-03-15 12:34:53.152 [info] > git for-each-ref --format=%(refname)%00%(upstream:short)%00%(objectname)%00%(upstream:track)%00%(upstream:remotename)%00%(upstream:remoteref) refs/heads/dev refs/remotes/dev [2ms]
2025-03-15 12:34:53.181 [info] > git status -z -uall [16ms]
2025-03-15 12:34:53.182 [info] > git for-each-ref --sort -committerdate --format %(refname) %(objectname) %(*objectname) [2ms]
2025-03-15 12:35:05.028 [info] > git config --get commit.template [16ms]
2025-03-15 12:35:05.029 [info] > git for-each-ref --format=%(refname)%00%(upstream:short)%00%(objectname)%00%(upstream:track)%00%(upstream:remotename)%00%(upstream:remoteref) refs/heads/dev refs/remotes/dev [2ms]
2025-03-15 12:35:05.052 [info] > git status -z -uall [13ms]
2025-03-15 12:35:05.055 [info] > git for-each-ref --sort -committerdate --format %(refname) %(objectname) %(*objectname) [3ms]
2025-03-15 12:35:10.090 [info] > git config --get commit.template [15ms]
2025-03-15 12:35:10.091 [info] > git for-each-ref --format=%(refname)%00%(upstream:short)%00%(objectname)%00%(upstream:track)%00%(upstream:remotename)%00%(upstream:remoteref) refs/heads/dev refs/remotes/dev [2ms]
2025-03-15 12:35:10.126 [info] > git status -z -uall [18ms]
2025-03-15 12:35:10.128 [info] > git for-each-ref --sort -committerdate --format %(refname) %(objectname) %(*objectname) [4ms]
2025-03-15 12:35:15.170 [info] > git config --get commit.template [19ms]
2025-03-15 12:35:15.172 [info] > git for-each-ref --format=%(refname)%00%(upstream:short)%00%(objectname)%00%(upstream:track)%00%(upstream:remotename)%00%(upstream:remoteref) refs/heads/dev refs/remotes/dev [3ms]
2025-03-15 12:35:15.206 [info] > git status -z -uall [17ms]
2025-03-15 12:35:15.207 [info] > git for-each-ref --sort -committerdate --format %(refname) %(objectname) %(*objectname) [3ms]
2025-03-15 12:35:33.820 [info] > git config --get commit.template [11ms]
2025-03-15 12:35:33.821 [info] > git for-each-ref --format=%(refname)%00%(upstream:short)%00%(objectname)%00%(upstream:track)%00%(upstream:remotename)%00%(upstream:remoteref) refs/heads/dev refs/remotes/dev [1ms]
2025-03-15 12:35:33.839 [info] > git status -z -uall [10ms]
2025-03-15 12:35:33.840 [info] > git for-each-ref --sort -committerdate --format %(refname) %(objectname) %(*objectname) [2ms]
2025-03-15 12:35:54.359 [info] > git config --get commit.template [19ms]
2025-03-15 12:35:54.361 [info] > git for-each-ref --format=%(refname)%00%(upstream:short)%00%(objectname)%00%(upstream:track)%00%(upstream:remotename)%00%(upstream:remoteref) refs/heads/dev refs/remotes/dev [3ms]
2025-03-15 12:35:54.399 [info] > git status -z -uall [20ms]
2025-03-15 12:35:54.402 [info] > git for-each-ref --sort -committerdate --format %(refname) %(objectname) %(*objectname) [4ms]
2025-03-15 12:36:04.650 [info] > git config --get commit.template [21ms]
2025-03-15 12:36:04.652 [info] > git for-each-ref --format=%(refname)%00%(upstream:short)%00%(objectname)%00%(upstream:track)%00%(upstream:remotename)%00%(upstream:remoteref) refs/heads/dev refs/remotes/dev [3ms]
2025-03-15 12:36:04.679 [info] > git status -z -uall [12ms]
2025-03-15 12:36:04.681 [info] > git for-each-ref --sort -committerdate --format %(refname) %(objectname) %(*objectname) [2ms]
2025-03-15 12:36:09.704 [info] > git config --get commit.template [3ms]
2025-03-15 12:36:09.725 [info] > git for-each-ref --format=%(refname)%00%(upstream:short)%00%(objectname)%00%(upstream:track)%00%(upstream:remotename)%00%(upstream:remoteref) refs/heads/dev refs/remotes/dev [3ms]
2025-03-15 12:36:09.762 [info] > git status -z -uall [19ms]
2025-03-15 12:36:09.764 [info] > git for-each-ref --sort -committerdate --format %(refname) %(objectname) %(*objectname) [3ms]
2025-03-15 12:36:29.323 [info] > git config --get commit.template [15ms]
2025-03-15 12:36:29.325 [info] > git for-each-ref --format=%(refname)%00%(upstream:short)%00%(objectname)%00%(upstream:track)%00%(upstream:remotename)%00%(upstream:remoteref) refs/heads/dev refs/remotes/dev [3ms]
2025-03-15 12:36:29.357 [info] > git status -z -uall [15ms]
2025-03-15 12:36:29.358 [info] > git for-each-ref --sort -committerdate --format %(refname) %(objectname) %(*objectname) [2ms]
2025-03-15 12:36:43.543 [info] > git config --get commit.template [14ms]
2025-03-15 12:36:43.546 [info] > git for-each-ref --format=%(refname)%00%(upstream:short)%00%(objectname)%00%(upstream:track)%00%(upstream:remotename)%00%(upstream:remoteref) refs/heads/dev refs/remotes/dev [3ms]
2025-03-15 12:36:43.583 [info] > git status -z -uall [20ms]
2025-03-15 12:36:43.585 [info] > git for-each-ref --sort -committerdate --format %(refname) %(objectname) %(*objectname) [4ms]
2025-03-15 12:36:56.366 [info] > git config --get commit.template [21ms]
2025-03-15 12:36:56.367 [info] > git for-each-ref --format=%(refname)%00%(upstream:short)%00%(objectname)%00%(upstream:track)%00%(upstream:remotename)%00%(upstream:remoteref) refs/heads/dev refs/remotes/dev [3ms]
2025-03-15 12:36:56.396 [info] > git status -z -uall [18ms]
2025-03-15 12:36:56.397 [info] > git for-each-ref --sort -committerdate --format %(refname) %(objectname) %(*objectname) [4ms]
2025-03-15 12:37:01.427 [info] > git config --get commit.template [2ms]
2025-03-15 12:37:01.449 [info] > git for-each-ref --format=%(refname)%00%(upstream:short)%00%(objectname)%00%(upstream:track)%00%(upstream:remotename)%00%(upstream:remoteref) refs/heads/dev refs/remotes/dev [2ms]
2025-03-15 12:37:01.467 [info] > git status -z -uall [9ms]
2025-03-15 12:37:01.469 [info] > git for-each-ref --sort -committerdate --format %(refname) %(objectname) %(*objectname) [1ms]
2025-03-15 12:37:22.727 [info] > git show --textconv :.gitignore [21ms]
2025-03-15 12:37:22.730 [info] > git ls-files --stage -- /home/holelulu/projects/c_cpp_projects/stm32/.gitignore [3ms]
2025-03-15 12:37:22.747 [info] > git cat-file -s 11d529ef31905e95a5319b12490e12d70cc78644 [3ms]
2025-03-15 12:37:23.171 [info] > git blame --root --incremental e17002ab78883d429b984ce81ecf0bc541d6a585 -- /home/holelulu/projects/c_cpp_projects/stm32/.gitignore [15ms]
2025-03-15 12:37:27.432 [info] > git check-ignore -v -z --stdin [2ms]
2025-03-15 12:37:27.888 [info] > git config --get commit.template [16ms]
2025-03-15 12:37:27.889 [info] > git for-each-ref --format=%(refname)%00%(upstream:short)%00%(objectname)%00%(upstream:track)%00%(upstream:remotename)%00%(upstream:remoteref) refs/heads/dev refs/remotes/dev [2ms]
2025-03-15 12:37:27.920 [info] > git status -z -uall [16ms]
2025-03-15 12:37:27.921 [info] > git for-each-ref --sort -committerdate --format %(refname) %(objectname) %(*objectname) [4ms]
2025-03-15 12:38:00.178 [info] > git config --get commit.template [14ms]
2025-03-15 12:38:00.180 [info] > git for-each-ref --format=%(refname)%00%(upstream:short)%00%(objectname)%00%(upstream:track)%00%(upstream:remotename)%00%(upstream:remoteref) refs/heads/dev refs/remotes/dev [2ms]
2025-03-15 12:38:00.207 [info] > git status -z -uall [14ms]
2025-03-15 12:38:00.208 [info] > git for-each-ref --sort -committerdate --format %(refname) %(objectname) %(*objectname) [2ms]
2025-03-15 12:38:13.833 [info] > git config --get commit.template [15ms]
2025-03-15 12:38:13.834 [info] > git for-each-ref --format=%(refname)%00%(upstream:short)%00%(objectname)%00%(upstream:track)%00%(upstream:remotename)%00%(upstream:remoteref) refs/heads/dev refs/remotes/dev [2ms]
2025-03-15 12:38:13.854 [info] > git status -z -uall [11ms]
2025-03-15 12:38:13.855 [info] > git for-each-ref --sort -committerdate --format %(refname) %(objectname) %(*objectname) [2ms]
2025-03-15 12:38:16.051 [info] > git check-ignore -v -z --stdin [2ms]
2025-03-15 12:38:16.770 [info] > git show --textconv :Core/Src/sx_1276.c [15ms]
2025-03-15 12:38:16.771 [info] > git ls-files --stage -- /home/holelulu/projects/c_cpp_projects/stm32/Core/Src/sx_1276.c [3ms]
2025-03-15 12:38:16.783 [info] > git cat-file -s 1c982a023b689f207c44eb26a8159238f58820f8 [2ms]
2025-03-15 12:38:27.080 [info] > git show --textconv :Core/Src/sx_1276.c [17ms]
2025-03-15 12:38:27.080 [info] > git ls-files --stage -- /home/holelulu/projects/c_cpp_projects/stm32/Core/Src/sx_1276.c [2ms]
2025-03-15 12:38:27.092 [info] > git cat-file -s 1c982a023b689f207c44eb26a8159238f58820f8 [2ms]
2025-03-15 12:43:25.605 [info] > git check-ignore -v -z --stdin [2ms]
2025-03-15 12:43:49.330 [info] > git config --get commit.template [15ms]
2025-03-15 12:43:49.330 [info] > git for-each-ref --format=%(refname)%00%(upstream:short)%00%(objectname)%00%(upstream:track)%00%(upstream:remotename)%00%(upstream:remoteref) refs/heads/dev refs/remotes/dev [3ms]
2025-03-15 12:43:49.357 [info] > git status -z -uall [16ms]
2025-03-15 12:43:49.357 [info] > git for-each-ref --sort -committerdate --format %(refname) %(objectname) %(*objectname) [2ms]
2025-03-15 12:43:54.397 [info] > git config --get commit.template [16ms]
2025-03-15 12:43:54.398 [info] > git for-each-ref --format=%(refname)%00%(upstream:short)%00%(objectname)%00%(upstream:track)%00%(upstream:remotename)%00%(upstream:remoteref) refs/heads/dev refs/remotes/dev [3ms]
2025-03-15 12:43:54.426 [info] > git status -z -uall [15ms]
2025-03-15 12:43:54.428 [info] > git for-each-ref --sort -committerdate --format %(refname) %(objectname) %(*objectname) [2ms]
2025-03-15 12:44:32.039 [info] > git config --get commit.template [1ms]
2025-03-15 12:44:32.051 [info] > git for-each-ref --format=%(refname)%00%(upstream:short)%00%(objectname)%00%(upstream:track)%00%(upstream:remotename)%00%(upstream:remoteref) refs/heads/dev refs/remotes/dev [1ms]
2025-03-15 12:44:32.086 [info] > git status -z -uall [25ms]
2025-03-15 12:44:32.086 [info] > git check-ignore -v -z --stdin [1ms]
2025-03-15 12:44:32.087 [info] > git for-each-ref --sort -committerdate --format %(refname) %(objectname) %(*objectname) [14ms]
2025-03-15 12:44:39.893 [info] > git config --get commit.template [16ms]
2025-03-15 12:44:39.894 [info] > git for-each-ref --format=%(refname)%00%(upstream:short)%00%(objectname)%00%(upstream:track)%00%(upstream:remotename)%00%(upstream:remoteref) refs/heads/dev refs/remotes/dev [2ms]
2025-03-15 12:44:39.914 [info] > git status -z -uall [12ms]
2025-03-15 12:44:39.914 [info] > git for-each-ref --sort -committerdate --format %(refname) %(objectname) %(*objectname) [1ms]
2025-03-15 12:45:20.165 [info] > git config --get commit.template [11ms]
2025-03-15 12:45:20.166 [info] > git for-each-ref --format=%(refname)%00%(upstream:short)%00%(objectname)%00%(upstream:track)%00%(upstream:remotename)%00%(upstream:remoteref) refs/heads/dev refs/remotes/dev [2ms]
2025-03-15 12:45:20.196 [info] > git status -z -uall [14ms]
2025-03-15 12:45:20.198 [info] > git for-each-ref --sort -committerdate --format %(refname) %(objectname) %(*objectname) [2ms]
2025-03-15 12:45:25.237 [info] > git config --get commit.template [17ms]
2025-03-15 12:45:25.238 [info] > git for-each-ref --format=%(refname)%00%(upstream:short)%00%(objectname)%00%(upstream:track)%00%(upstream:remotename)%00%(upstream:remoteref) refs/heads/dev refs/remotes/dev [2ms]
2025-03-15 12:45:25.272 [info] > git status -z -uall [20ms]
2025-03-15 12:45:25.274 [info] > git for-each-ref --sort -committerdate --format %(refname) %(objectname) %(*objectname) [3ms]
2025-03-15 12:45:58.173 [info] > git show --textconv :Core/Src/sx_1276.c [14ms]
2025-03-15 12:45:58.175 [info] > git ls-files --stage -- /home/holelulu/projects/c_cpp_projects/stm32/Core/Src/sx_1276.c [4ms]
2025-03-15 12:45:58.189 [info] > git cat-file -s 1c982a023b689f207c44eb26a8159238f58820f8 [2ms]
2025-03-15 12:46:01.506 [info] > git show --textconv :Core/Src/sx_1276.c [17ms]
2025-03-15 12:46:01.506 [info] > git ls-files --stage -- /home/holelulu/projects/c_cpp_projects/stm32/Core/Src/sx_1276.c [2ms]
2025-03-15 12:46:01.523 [info] > git cat-file -s 1c982a023b689f207c44eb26a8159238f58820f8 [4ms]
2025-03-15 12:46:04.231 [info] > git show --textconv :Core/Src/main.c [12ms]
2025-03-15 12:46:04.233 [info] > git ls-files --stage -- /home/holelulu/projects/c_cpp_projects/stm32/Core/Src/main.c [2ms]
2025-03-15 12:46:04.245 [info] > git cat-file -s 5445d9f9417f8a419779e75187d69cc342f6d88e [2ms]
2025-03-15 12:46:04.282 [info] > git blame --root --incremental e17002ab78883d429b984ce81ecf0bc541d6a585 -- /home/holelulu/projects/c_cpp_projects/stm32/Core/Src/main.c [17ms]
2025-03-15 12:46:09.436 [info] > git show --textconv :Core/Inc/sx_1276.h [20ms]
2025-03-15 12:46:09.438 [info] > git ls-files --stage -- /home/holelulu/projects/c_cpp_projects/stm32/Core/Inc/sx_1276.h [4ms]
2025-03-15 12:46:09.454 [info] > git cat-file -s 78fcd298a079be73b18852acc941066c334f8752 [2ms]
2025-03-15 12:46:09.810 [info] > git check-ignore -v -z --stdin [3ms]
2025-03-15 12:48:41.315 [info] > git config --get commit.template [20ms]
2025-03-15 12:48:41.317 [info] > git for-each-ref --format=%(refname)%00%(upstream:short)%00%(objectname)%00%(upstream:track)%00%(upstream:remotename)%00%(upstream:remoteref) refs/heads/dev refs/remotes/dev [3ms]
2025-03-15 12:48:41.351 [info] > git status -z -uall [19ms]
2025-03-15 12:48:41.354 [info] > git for-each-ref --sort -committerdate --format %(refname) %(objectname) %(*objectname) [2ms]
2025-03-15 12:48:46.390 [info] > git config --get commit.template [14ms]
2025-03-15 12:48:46.391 [info] > git for-each-ref --format=%(refname)%00%(upstream:short)%00%(objectname)%00%(upstream:track)%00%(upstream:remotename)%00%(upstream:remoteref) refs/heads/dev refs/remotes/dev [2ms]
2025-03-15 12:48:46.423 [info] > git status -z -uall [18ms]
2025-03-15 12:48:46.425 [info] > git for-each-ref --sort -committerdate --format %(refname) %(objectname) %(*objectname) [3ms]
2025-03-15 12:48:51.461 [info] > git config --get commit.template [15ms]
2025-03-15 12:48:51.462 [info] > git for-each-ref --format=%(refname)%00%(upstream:short)%00%(objectname)%00%(upstream:track)%00%(upstream:remotename)%00%(upstream:remoteref) refs/heads/dev refs/remotes/dev [2ms]
2025-03-15 12:48:51.497 [info] > git status -z -uall [18ms]
2025-03-15 12:48:51.498 [info] > git for-each-ref --sort -committerdate --format %(refname) %(objectname) %(*objectname) [4ms]
2025-03-15 12:48:56.537 [info] > git config --get commit.template [18ms]
2025-03-15 12:48:56.538 [info] > git for-each-ref --format=%(refname)%00%(upstream:short)%00%(objectname)%00%(upstream:track)%00%(upstream:remotename)%00%(upstream:remoteref) refs/heads/dev refs/remotes/dev [2ms]
2025-03-15 12:48:56.570 [info] > git status -z -uall [18ms]
2025-03-15 12:48:56.573 [info] > git for-each-ref --sort -committerdate --format %(refname) %(objectname) %(*objectname) [3ms]
2025-03-15 12:49:17.226 [info] > git config --get commit.template [22ms]
2025-03-15 12:49:17.228 [info] > git for-each-ref --format=%(refname)%00%(upstream:short)%00%(objectname)%00%(upstream:track)%00%(upstream:remotename)%00%(upstream:remoteref) refs/heads/dev refs/remotes/dev [3ms]
2025-03-15 12:49:17.264 [info] > git status -z -uall [19ms]
2025-03-15 12:49:17.266 [info] > git for-each-ref --sort -committerdate --format %(refname) %(objectname) %(*objectname) [3ms]
2025-03-15 12:49:22.303 [info] > git config --get commit.template [14ms]
2025-03-15 12:49:22.304 [info] > git for-each-ref --format=%(refname)%00%(upstream:short)%00%(objectname)%00%(upstream:track)%00%(upstream:remotename)%00%(upstream:remoteref) refs/heads/dev refs/remotes/dev [2ms]
2025-03-15 12:49:22.341 [info] > git status -z -uall [19ms]
2025-03-15 12:49:22.343 [info] > git for-each-ref --sort -committerdate --format %(refname) %(objectname) %(*objectname) [3ms]
2025-03-15 12:49:37.951 [info] > git config --get commit.template [14ms]
2025-03-15 12:49:37.952 [info] > git for-each-ref --format=%(refname)%00%(upstream:short)%00%(objectname)%00%(upstream:track)%00%(upstream:remotename)%00%(upstream:remoteref) refs/heads/dev refs/remotes/dev [2ms]
2025-03-15 12:49:37.979 [info] > git status -z -uall [15ms]
2025-03-15 12:49:37.980 [info] > git for-each-ref --sort -committerdate --format %(refname) %(objectname) %(*objectname) [2ms]
2025-03-15 12:49:43.019 [info] > git config --get commit.template [18ms]
2025-03-15 12:49:43.020 [info] > git for-each-ref --format=%(refname)%00%(upstream:short)%00%(objectname)%00%(upstream:track)%00%(upstream:remotename)%00%(upstream:remoteref) refs/heads/dev refs/remotes/dev [3ms]
2025-03-15 12:49:43.054 [info] > git status -z -uall [18ms]
2025-03-15 12:49:43.056 [info] > git for-each-ref --sort -committerdate --format %(refname) %(objectname) %(*objectname) [3ms]
2025-03-15 12:49:53.092 [info] > git config --get commit.template [17ms]
2025-03-15 12:49:53.093 [info] > git for-each-ref --format=%(refname)%00%(upstream:short)%00%(objectname)%00%(upstream:track)%00%(upstream:remotename)%00%(upstream:remoteref) refs/heads/dev refs/remotes/dev [2ms]
2025-03-15 12:49:53.125 [info] > git status -z -uall [18ms]
2025-03-15 12:49:53.128 [info] > git for-each-ref --sort -committerdate --format %(refname) %(objectname) %(*objectname) [3ms]
2025-03-15 12:50:34.105 [info] > git config --get commit.template [19ms]
2025-03-15 12:50:34.106 [info] > git for-each-ref --format=%(refname)%00%(upstream:short)%00%(objectname)%00%(upstream:track)%00%(upstream:remotename)%00%(upstream:remoteref) refs/heads/dev refs/remotes/dev [3ms]
2025-03-15 12:50:34.144 [info] > git status -z -uall [20ms]
2025-03-15 12:50:34.147 [info] > git for-each-ref --sort -committerdate --format %(refname) %(objectname) %(*objectname) [5ms]
2025-03-15 12:50:39.181 [info] > git config --get commit.template [15ms]
2025-03-15 12:50:39.183 [info] > git for-each-ref --format=%(refname)%00%(upstream:short)%00%(objectname)%00%(upstream:track)%00%(upstream:remotename)%00%(upstream:remoteref) refs/heads/dev refs/remotes/dev [3ms]
2025-03-15 12:50:39.215 [info] > git status -z -uall [18ms]
2025-03-15 12:50:39.218 [info] > git for-each-ref --sort -committerdate --format %(refname) %(objectname) %(*objectname) [4ms]
2025-03-15 12:50:44.259 [info] > git config --get commit.template [18ms]
2025-03-15 12:50:44.261 [info] > git for-each-ref --format=%(refname)%00%(upstream:short)%00%(objectname)%00%(upstream:track)%00%(upstream:remotename)%00%(upstream:remoteref) refs/heads/dev refs/remotes/dev [2ms]
2025-03-15 12:50:44.298 [info] > git status -z -uall [21ms]
2025-03-15 12:50:44.299 [info] > git for-each-ref --sort -committerdate --format %(refname) %(objectname) %(*objectname) [3ms]
2025-03-15 12:50:55.706 [info] > git config --get commit.template [2ms]
2025-03-15 12:50:55.723 [info] > git for-each-ref --format=%(refname)%00%(upstream:short)%00%(objectname)%00%(upstream:track)%00%(upstream:remotename)%00%(upstream:remoteref) refs/heads/dev refs/remotes/dev [2ms]
2025-03-15 12:50:55.751 [info] > git status -z -uall [15ms]
2025-03-15 12:50:55.753 [info] > git for-each-ref --sort -committerdate --format %(refname) %(objectname) %(*objectname) [2ms]
2025-03-15 12:51:00.776 [info] > git config --get commit.template [2ms]
2025-03-15 12:51:00.794 [info] > git for-each-ref --format=%(refname)%00%(upstream:short)%00%(objectname)%00%(upstream:track)%00%(upstream:remotename)%00%(upstream:remoteref) refs/heads/dev refs/remotes/dev [1ms]
2025-03-15 12:51:00.824 [info] > git status -z -uall [16ms]
2025-03-15 12:51:00.825 [info] > git for-each-ref --sort -committerdate --format %(refname) %(objectname) %(*objectname) [2ms]
2025-03-15 12:51:07.968 [info] > git config --get commit.template [17ms]
2025-03-15 12:51:07.970 [info] > git for-each-ref --format=%(refname)%00%(upstream:short)%00%(objectname)%00%(upstream:track)%00%(upstream:remotename)%00%(upstream:remoteref) refs/heads/dev refs/remotes/dev [3ms]
2025-03-15 12:51:08.000 [info] > git status -z -uall [14ms]
2025-03-15 12:51:08.003 [info] > git for-each-ref --sort -committerdate --format %(refname) %(objectname) %(*objectname) [4ms]
2025-03-15 12:51:29.082 [info] > git config --get commit.template [21ms]
2025-03-15 12:51:29.083 [info] > git for-each-ref --format=%(refname)%00%(upstream:short)%00%(objectname)%00%(upstream:track)%00%(upstream:remotename)%00%(upstream:remoteref) refs/heads/dev refs/remotes/dev [3ms]
2025-03-15 12:51:29.120 [info] > git status -z -uall [19ms]
2025-03-15 12:51:29.123 [info] > git for-each-ref --sort -committerdate --format %(refname) %(objectname) %(*objectname) [4ms]
2025-03-15 12:51:36.284 [info] > git config --get commit.template [17ms]
2025-03-15 12:51:36.286 [info] > git for-each-ref --format=%(refname)%00%(upstream:short)%00%(objectname)%00%(upstream:track)%00%(upstream:remotename)%00%(upstream:remoteref) refs/heads/dev refs/remotes/dev [3ms]
2025-03-15 12:51:36.318 [info] > git status -z -uall [18ms]
2025-03-15 12:51:36.321 [info] > git for-each-ref --sort -committerdate --format %(refname) %(objectname) %(*objectname) [3ms]
2025-03-15 12:52:05.668 [info] > git config --get commit.template [19ms]
2025-03-15 12:52:05.669 [info] > git for-each-ref --format=%(refname)%00%(upstream:short)%00%(objectname)%00%(upstream:track)%00%(upstream:remotename)%00%(upstream:remoteref) refs/heads/dev refs/remotes/dev [3ms]
2025-03-15 12:52:05.696 [info] > git status -z -uall [14ms]
2025-03-15 12:52:05.699 [info] > git for-each-ref --sort -committerdate --format %(refname) %(objectname) %(*objectname) [4ms]
2025-03-15 12:52:16.898 [info] > git config --get commit.template [19ms]
2025-03-15 12:52:16.900 [info] > git for-each-ref --format=%(refname)%00%(upstream:short)%00%(objectname)%00%(upstream:track)%00%(upstream:remotename)%00%(upstream:remoteref) refs/heads/dev refs/remotes/dev [3ms]
2025-03-15 12:52:16.934 [info] > git status -z -uall [17ms]
2025-03-15 12:52:16.936 [info] > git for-each-ref --sort -committerdate --format %(refname) %(objectname) %(*objectname) [3ms]
2025-03-15 12:52:41.209 [info] > git config --get commit.template [18ms]
2025-03-15 12:52:41.211 [info] > git for-each-ref --format=%(refname)%00%(upstream:short)%00%(objectname)%00%(upstream:track)%00%(upstream:remotename)%00%(upstream:remoteref) refs/heads/dev refs/remotes/dev [3ms]
2025-03-15 12:52:41.240 [info] > git status -z -uall [15ms]
2025-03-15 12:52:41.241 [info] > git for-each-ref --sort -committerdate --format %(refname) %(objectname) %(*objectname) [2ms]
2025-03-15 12:52:49.571 [info] > git config --get commit.template [19ms]
2025-03-15 12:52:49.574 [info] > git for-each-ref --format=%(refname)%00%(upstream:short)%00%(objectname)%00%(upstream:track)%00%(upstream:remotename)%00%(upstream:remoteref) refs/heads/dev refs/remotes/dev [4ms]
2025-03-15 12:52:49.608 [info] > git status -z -uall [20ms]
2025-03-15 12:52:49.610 [info] > git for-each-ref --sort -committerdate --format %(refname) %(objectname) %(*objectname) [4ms]
2025-03-15 12:52:57.094 [info] > git config --get commit.template [15ms]
2025-03-15 12:52:57.096 [info] > git for-each-ref --format=%(refname)%00%(upstream:short)%00%(objectname)%00%(upstream:track)%00%(upstream:remotename)%00%(upstream:remoteref) refs/heads/dev refs/remotes/dev [3ms]
2025-03-15 12:52:57.128 [info] > git status -z -uall [18ms]
2025-03-15 12:52:57.130 [info] > git for-each-ref --sort -committerdate --format %(refname) %(objectname) %(*objectname) [3ms]
2025-03-15 12:54:11.092 [info] > git config --get commit.template [17ms]
2025-03-15 12:54:11.092 [info] > git for-each-ref --format=%(refname)%00%(upstream:short)%00%(objectname)%00%(upstream:track)%00%(upstream:remotename)%00%(upstream:remoteref) refs/heads/dev refs/remotes/dev [1ms]
2025-03-15 12:54:11.122 [info] > git status -z -uall [15ms]
2025-03-15 12:54:11.125 [info] > git for-each-ref --sort -committerdate --format %(refname) %(objectname) %(*objectname) [3ms]
2025-03-15 12:54:20.508 [info] > git for-each-ref --format=%(refname)%00%(upstream:short)%00%(objectname)%00%(upstream:track)%00%(upstream:remotename)%00%(upstream:remoteref) refs/heads/dev refs/remotes/dev [2ms]
2025-03-15 12:54:20.508 [info] > git config --get commit.template [18ms]
2025-03-15 12:54:20.530 [info] > git status -z -uall [11ms]
2025-03-15 12:54:20.531 [info] > git for-each-ref --sort -committerdate --format %(refname) %(objectname) %(*objectname) [2ms]
2025-03-15 12:54:31.339 [info] > git config --get commit.template [17ms]
2025-03-15 12:54:31.339 [info] > git for-each-ref --format=%(refname)%00%(upstream:short)%00%(objectname)%00%(upstream:track)%00%(upstream:remotename)%00%(upstream:remoteref) refs/heads/dev refs/remotes/dev [1ms]
2025-03-15 12:54:31.369 [info] > git status -z -uall [16ms]
2025-03-15 12:54:31.370 [info] > git for-each-ref --sort -committerdate --format %(refname) %(objectname) %(*objectname) [3ms]
2025-03-15 12:55:17.574 [info] > git config --get commit.template [19ms]
2025-03-15 12:55:17.576 [info] > git for-each-ref --format=%(refname)%00%(upstream:short)%00%(objectname)%00%(upstream:track)%00%(upstream:remotename)%00%(upstream:remoteref) refs/heads/dev refs/remotes/dev [3ms]
2025-03-15 12:55:17.612 [info] > git status -z -uall [19ms]
2025-03-15 12:55:17.614 [info] > git for-each-ref --sort -committerdate --format %(refname) %(objectname) %(*objectname) [3ms]
2025-03-15 12:55:58.725 [info] > git for-each-ref --format=%(refname)%00%(upstream:short)%00%(objectname)%00%(upstream:track)%00%(upstream:remotename)%00%(upstream:remoteref) refs/heads/dev refs/remotes/dev [2ms]
2025-03-15 12:55:58.725 [info] > git config --get commit.template [15ms]
2025-03-15 12:55:58.758 [info] > git status -z -uall [18ms]
2025-03-15 12:55:58.760 [info] > git for-each-ref --sort -committerdate --format %(refname) %(objectname) %(*objectname) [3ms]
2025-03-15 12:56:03.796 [info] > git config --get commit.template [15ms]
2025-03-15 12:56:03.797 [info] > git for-each-ref --format=%(refname)%00%(upstream:short)%00%(objectname)%00%(upstream:track)%00%(upstream:remotename)%00%(upstream:remoteref) refs/heads/dev refs/remotes/dev [1ms]
2025-03-15 12:56:03.825 [info] > git status -z -uall [15ms]
2025-03-15 12:56:03.827 [info] > git for-each-ref --sort -committerdate --format %(refname) %(objectname) %(*objectname) [3ms]
2025-03-15 12:56:08.866 [info] > git config --get commit.template [16ms]
2025-03-15 12:56:08.867 [info] > git for-each-ref --format=%(refname)%00%(upstream:short)%00%(objectname)%00%(upstream:track)%00%(upstream:remotename)%00%(upstream:remoteref) refs/heads/dev refs/remotes/dev [2ms]
2025-03-15 12:56:08.900 [info] > git status -z -uall [18ms]
2025-03-15 12:56:08.903 [info] > git for-each-ref --sort -committerdate --format %(refname) %(objectname) %(*objectname) [4ms]
2025-03-15 12:56:22.197 [info] > git config --get commit.template [16ms]
2025-03-15 12:56:22.197 [info] > git for-each-ref --format=%(refname)%00%(upstream:short)%00%(objectname)%00%(upstream:track)%00%(upstream:remotename)%00%(upstream:remoteref) refs/heads/dev refs/remotes/dev [1ms]
2025-03-15 12:56:22.232 [info] > git status -z -uall [18ms]
2025-03-15 12:56:22.234 [info] > git for-each-ref --sort -committerdate --format %(refname) %(objectname) %(*objectname) [3ms]
2025-03-15 12:56:30.780 [info] > git config --get commit.template [18ms]
2025-03-15 12:56:30.783 [info] > git for-each-ref --format=%(refname)%00%(upstream:short)%00%(objectname)%00%(upstream:track)%00%(upstream:remotename)%00%(upstream:remoteref) refs/heads/dev refs/remotes/dev [3ms]
2025-03-15 12:56:30.810 [info] > git status -z -uall [14ms]
2025-03-15 12:56:30.814 [info] > git for-each-ref --sort -committerdate --format %(refname) %(objectname) %(*objectname) [3ms]
2025-03-15 12:56:47.599 [info] > git config --get commit.template [20ms]
2025-03-15 12:56:47.601 [info] > git for-each-ref --format=%(refname)%00%(upstream:short)%00%(objectname)%00%(upstream:track)%00%(upstream:remotename)%00%(upstream:remoteref) refs/heads/dev refs/remotes/dev [3ms]
2025-03-15 12:56:47.630 [info] > git status -z -uall [11ms]
2025-03-15 12:56:47.631 [info] > git for-each-ref --sort -committerdate --format %(refname) %(objectname) %(*objectname) [2ms]
2025-03-15 12:57:46.335 [info] > git config --get commit.template [19ms]
2025-03-15 12:57:46.337 [info] > git for-each-ref --format=%(refname)%00%(upstream:short)%00%(objectname)%00%(upstream:track)%00%(upstream:remotename)%00%(upstream:remoteref) refs/heads/dev refs/remotes/dev [3ms]
2025-03-15 12:57:46.372 [info] > git status -z -uall [18ms]
2025-03-15 12:57:46.375 [info] > git for-each-ref --sort -committerdate --format %(refname) %(objectname) %(*objectname) [4ms]
2025-03-15 12:58:03.444 [info] > git config --get commit.template [15ms]
2025-03-15 12:58:03.446 [info] > git for-each-ref --format=%(refname)%00%(upstream:short)%00%(objectname)%00%(upstream:track)%00%(upstream:remotename)%00%(upstream:remoteref) refs/heads/dev refs/remotes/dev [3ms]
2025-03-15 12:58:03.472 [info] > git status -z -uall [13ms]
2025-03-15 12:58:03.475 [info] > git for-each-ref --sort -committerdate --format %(refname) %(objectname) %(*objectname) [4ms]
2025-03-15 12:59:04.597 [info] > git config --get commit.template [17ms]
2025-03-15 12:59:04.599 [info] > git for-each-ref --format=%(refname)%00%(upstream:short)%00%(objectname)%00%(upstream:track)%00%(upstream:remotename)%00%(upstream:remoteref) refs/heads/dev refs/remotes/dev [3ms]
2025-03-15 12:59:04.632 [info] > git status -z -uall [19ms]
2025-03-15 12:59:04.634 [info] > git for-each-ref --sort -committerdate --format %(refname) %(objectname) %(*objectname) [4ms]
2025-03-15 12:59:09.674 [info] > git config --get commit.template [18ms]
2025-03-15 12:59:09.676 [info] > git for-each-ref --format=%(refname)%00%(upstream:short)%00%(objectname)%00%(upstream:track)%00%(upstream:remotename)%00%(upstream:remoteref) refs/heads/dev refs/remotes/dev [3ms]
2025-03-15 12:59:09.709 [info] > git status -z -uall [17ms]
2025-03-15 12:59:09.712 [info] > git for-each-ref --sort -committerdate --format %(refname) %(objectname) %(*objectname) [3ms]
2025-03-15 12:59:28.490 [info] > git config --get commit.template [18ms]
2025-03-15 12:59:28.492 [info] > git for-each-ref --format=%(refname)%00%(upstream:short)%00%(objectname)%00%(upstream:track)%00%(upstream:remotename)%00%(upstream:remoteref) refs/heads/dev refs/remotes/dev [3ms]
2025-03-15 12:59:28.528 [info] > git status -z -uall [19ms]
2025-03-15 12:59:28.529 [info] > git for-each-ref --sort -committerdate --format %(refname) %(objectname) %(*objectname) [3ms]
2025-03-15 12:59:39.653 [info] > git config --get commit.template [15ms]
2025-03-15 12:59:39.653 [info] > git for-each-ref --format=%(refname)%00%(upstream:short)%00%(objectname)%00%(upstream:track)%00%(upstream:remotename)%00%(upstream:remoteref) refs/heads/dev refs/remotes/dev [1ms]
2025-03-15 12:59:39.688 [info] > git status -z -uall [18ms]
2025-03-15 12:59:39.690 [info] > git for-each-ref --sort -committerdate --format %(refname) %(objectname) %(*objectname) [3ms]
2025-03-15 13:00:12.139 [info] > git config --get commit.template [18ms]
2025-03-15 13:00:12.141 [info] > git for-each-ref --format=%(refname)%00%(upstream:short)%00%(objectname)%00%(upstream:track)%00%(upstream:remotename)%00%(upstream:remoteref) refs/heads/dev refs/remotes/dev [3ms]
2025-03-15 13:00:12.177 [info] > git status -z -uall [19ms]
2025-03-15 13:00:12.180 [info] > git for-each-ref --sort -committerdate --format %(refname) %(objectname) %(*objectname) [4ms]
2025-03-15 13:00:54.492 [info] > git config --get commit.template [16ms]
2025-03-15 13:00:54.493 [info] > git for-each-ref --format=%(refname)%00%(upstream:short)%00%(objectname)%00%(upstream:track)%00%(upstream:remotename)%00%(upstream:remoteref) refs/heads/dev refs/remotes/dev [2ms]
2025-03-15 13:00:54.519 [info] > git status -z -uall [11ms]
2025-03-15 13:00:54.520 [info] > git for-each-ref --sort -committerdate --format %(refname) %(objectname) %(*objectname) [2ms]
2025-03-15 13:01:04.055 [info] > git config --get commit.template [1ms]
2025-03-15 13:01:04.070 [info] > git for-each-ref --format=%(refname)%00%(upstream:short)%00%(objectname)%00%(upstream:track)%00%(upstream:remotename)%00%(upstream:remoteref) refs/heads/dev refs/remotes/dev [2ms]
2025-03-15 13:01:04.101 [info] > git status -z -uall [14ms]
2025-03-15 13:01:04.103 [info] > git for-each-ref --sort -committerdate --format %(refname) %(objectname) %(*objectname) [3ms]
2025-03-15 13:05:05.839 [info] > git config --get commit.template [21ms]
2025-03-15 13:05:05.841 [info] > git for-each-ref --format=%(refname)%00%(upstream:short)%00%(objectname)%00%(upstream:track)%00%(upstream:remotename)%00%(upstream:remoteref) refs/heads/dev refs/remotes/dev [2ms]
2025-03-15 13:05:05.864 [info] > git status -z -uall [11ms]
2025-03-15 13:05:05.866 [info] > git for-each-ref --sort -committerdate --format %(refname) %(objectname) %(*objectname) [3ms]
2025-03-15 13:12:09.846 [info] > git config --get commit.template [13ms]
2025-03-15 13:12:09.849 [info] > git for-each-ref --format=%(refname)%00%(upstream:short)%00%(objectname)%00%(upstream:track)%00%(upstream:remotename)%00%(upstream:remoteref) refs/heads/dev refs/remotes/dev [3ms]
2025-03-15 13:12:09.881 [info] > git status -z -uall [19ms]
2025-03-15 13:12:09.884 [info] > git for-each-ref --sort -committerdate --format %(refname) %(objectname) %(*objectname) [4ms]
2025-03-15 13:12:17.227 [info] > git config --get commit.template [17ms]
2025-03-15 13:12:17.229 [info] > git for-each-ref --format=%(refname)%00%(upstream:short)%00%(objectname)%00%(upstream:track)%00%(upstream:remotename)%00%(upstream:remoteref) refs/heads/dev refs/remotes/dev [3ms]
2025-03-15 13:12:17.256 [info] > git status -z -uall [14ms]
2025-03-15 13:12:17.257 [info] > git for-each-ref --sort -committerdate --format %(refname) %(objectname) %(*objectname) [2ms]
2025-03-15 13:12:27.237 [info] > git config --get commit.template [19ms]
2025-03-15 13:12:27.239 [info] > git for-each-ref --format=%(refname)%00%(upstream:short)%00%(objectname)%00%(upstream:track)%00%(upstream:remotename)%00%(upstream:remoteref) refs/heads/dev refs/remotes/dev [3ms]
2025-03-15 13:12:27.271 [info] > git status -z -uall [19ms]
2025-03-15 13:12:27.274 [info] > git for-each-ref --sort -committerdate --format %(refname) %(objectname) %(*objectname) [3ms]
2025-03-15 13:12:40.713 [info] > git config --get commit.template [19ms]
2025-03-15 13:12:40.715 [info] > git for-each-ref --format=%(refname)%00%(upstream:short)%00%(objectname)%00%(upstream:track)%00%(upstream:remotename)%00%(upstream:remoteref) refs/heads/dev refs/remotes/dev [3ms]
2025-03-15 13:12:40.751 [info] > git status -z -uall [19ms]
2025-03-15 13:12:40.753 [info] > git for-each-ref --sort -committerdate --format %(refname) %(objectname) %(*objectname) [3ms]
2025-03-15 13:13:39.198 [info] > git config --get commit.template [19ms]
2025-03-15 13:13:39.200 [info] > git for-each-ref --format=%(refname)%00%(upstream:short)%00%(objectname)%00%(upstream:track)%00%(upstream:remotename)%00%(upstream:remoteref) refs/heads/dev refs/remotes/dev [3ms]
2025-03-15 13:13:39.236 [info] > git status -z -uall [17ms]
2025-03-15 13:13:39.239 [info] > git for-each-ref --sort -committerdate --format %(refname) %(objectname) %(*objectname) [3ms]
2025-03-15 13:13:44.277 [info] > git config --get commit.template [15ms]
2025-03-15 13:13:44.279 [info] > git for-each-ref --format=%(refname)%00%(upstream:short)%00%(objectname)%00%(upstream:track)%00%(upstream:remotename)%00%(upstream:remoteref) refs/heads/dev refs/remotes/dev [3ms]
2025-03-15 13:13:44.308 [info] > git status -z -uall [14ms]
2025-03-15 13:13:44.310 [info] > git for-each-ref --sort -committerdate --format %(refname) %(objectname) %(*objectname) [3ms]
2025-03-15 13:17:34.049 [info] > git show --textconv :Core/Src/sx_1276.c [20ms]
2025-03-15 13:17:34.051 [info] > git ls-files --stage -- /home/holelulu/projects/c_cpp_projects/stm32/Core/Src/sx_1276.c [3ms]
2025-03-15 13:17:34.067 [info] > git cat-file -s 1c982a023b689f207c44eb26a8159238f58820f8 [1ms]
2025-03-15 13:21:33.532 [info] > git config --get commit.template [16ms]
2025-03-15 13:21:33.534 [info] > git for-each-ref --format=%(refname)%00%(upstream:short)%00%(objectname)%00%(upstream:track)%00%(upstream:remotename)%00%(upstream:remoteref) refs/heads/dev refs/remotes/dev [3ms]
2025-03-15 13:21:33.564 [info] > git status -z -uall [16ms]
2025-03-15 13:21:33.567 [info] > git for-each-ref --sort -committerdate --format %(refname) %(objectname) %(*objectname) [3ms]
2025-03-15 13:21:48.199 [info] > git config --get commit.template [17ms]
2025-03-15 13:21:48.202 [info] > git for-each-ref --format=%(refname)%00%(upstream:short)%00%(objectname)%00%(upstream:track)%00%(upstream:remotename)%00%(upstream:remoteref) refs/heads/dev refs/remotes/dev [3ms]
2025-03-15 13:21:48.233 [info] > git status -z -uall [18ms]
2025-03-15 13:21:48.235 [info] > git for-each-ref --sort -committerdate --format %(refname) %(objectname) %(*objectname) [3ms]
