2024-11-09 15:24:19.843 [info] Getting Manifest... ms-python.python
2024-11-09 15:24:20.886 [info] Installing extension: ms-python.python {"isMachineScoped":false,"installPreReleaseVersion":false,"pinned":false,"profileLocation":{"$mid":1,"external":"vscode-userdata:/home/holelulu/.vscode-oss/extensions/extensions.json","path":"/home/holelulu/.vscode-oss/extensions/extensions.json","scheme":"vscode-userdata"},"installOnlyNewlyAddedFromExtensionPack":true,"isApplicationScoped":false,"productVersion":{"version":"1.95.1","date":"2024-11-01T17:20:55.708Z"}}
2024-11-09 15:24:21.092 [info] Getting Manifest... ms-python.debugpy
2024-11-09 15:24:21.436 [info] Installing extension: ms-python.debugpy {"isMachineScoped":false,"installPreReleaseVersion":false,"pinned":false,"profileLocation":{"$mid":1,"external":"vscode-userdata:/home/holelulu/.vscode-oss/extensions/extensions.json","path":"/home/holelulu/.vscode-oss/extensions/extensions.json","scheme":"vscode-userdata"},"installOnlyNewlyAddedFromExtensionPack":true,"isApplicationScoped":false,"productVersion":{"version":"1.95.1","date":"2024-11-01T17:20:55.708Z"},"context":{"dependecyOrPackExtensionInstall":true}}
2024-11-09 15:24:56.476 [error] Could not load vsce-sign module Cannot find package '@vscode/vsce-sign' imported from /usr/lib/code/out/vs/code/electron-utility/sharedProcess/sharedProcessMain.js
2024-11-09 15:24:56.478 [info] Extension signature verification is not done: ms-python.python
2024-11-09 15:24:58.190 [info] Extracted extension to file:///home/holelulu/.vscode-oss/extensions/ms-python.python-2024.18.0-universal: ms-python.python
2024-11-09 15:24:58.202 [info] Renamed to /home/holelulu/.vscode-oss/extensions/ms-python.python-2024.18.0-universal
2024-11-09 15:24:58.293 [error] [uncaught exception in sharedProcess]: Error: ENOENT: no such file or directory, stat '/home/holelulu/.vscode-oss/extensions/extensions.json.vsctmp': EntryNotFound (FileSystemError): Error: ENOENT: no such file or directory, stat '/home/holelulu/.vscode-oss/extensions/extensions.json.vsctmp'
    at hm.create (file:///usr/lib/code/out/vs/code/electron-utility/sharedProcess/sharedProcessMain.js:35:39254)
    at Es (file:///usr/lib/code/out/vs/code/electron-utility/sharedProcess/sharedProcessMain.js:35:39361)
    at Fr.ib (file:///usr/lib/code/out/vs/code/electron-utility/sharedProcess/sharedProcessMain.js:71:22677)
    at Fr.stat (file:///usr/lib/code/out/vs/code/electron-utility/sharedProcess/sharedProcessMain.js:71:16010)
    at async Zl.stat (file:///usr/lib/code/out/vs/code/electron-utility/sharedProcess/sharedProcessMain.js:70:84491)
    at async Jl.yb (file:///usr/lib/code/out/vs/code/electron-utility/sharedProcess/sharedProcessMain.js:70:66605)
2024-11-09 15:24:59.606 [error] Could not load vsce-sign module Cannot find package '@vscode/vsce-sign' imported from /usr/lib/code/out/vs/code/electron-utility/sharedProcess/sharedProcessMain.js
2024-11-09 15:24:59.607 [info] Extension signature verification is not done: ms-python.debugpy
2024-11-09 15:25:00.337 [info] Extracted extension to file:///home/holelulu/.vscode-oss/extensions/ms-python.debugpy-2024.12.0-linux-x64: ms-python.debugpy
2024-11-09 15:25:00.346 [info] Renamed to /home/holelulu/.vscode-oss/extensions/ms-python.debugpy-2024.12.0-linux-x64
2024-11-09 15:25:00.363 [info] Extension installed successfully: ms-python.python vscode-userdata:/home/holelulu/.vscode-oss/extensions/extensions.json
2024-11-09 15:25:00.364 [info] Extension installed successfully: ms-python.debugpy vscode-userdata:/home/holelulu/.vscode-oss/extensions/extensions.json
2024-11-09 15:25:00.429 [error] [uncaught exception in sharedProcess]: Error: ENOENT: no such file or directory, stat '/home/holelulu/.vscode-oss/extensions/extensions.json.vsctmp': EntryNotFound (FileSystemError): Error: ENOENT: no such file or directory, stat '/home/holelulu/.vscode-oss/extensions/extensions.json.vsctmp'
    at hm.create (file:///usr/lib/code/out/vs/code/electron-utility/sharedProcess/sharedProcessMain.js:35:39254)
    at Es (file:///usr/lib/code/out/vs/code/electron-utility/sharedProcess/sharedProcessMain.js:35:39361)
    at Fr.ib (file:///usr/lib/code/out/vs/code/electron-utility/sharedProcess/sharedProcessMain.js:71:22677)
    at Fr.stat (file:///usr/lib/code/out/vs/code/electron-utility/sharedProcess/sharedProcessMain.js:71:16010)
    at async Zl.stat (file:///usr/lib/code/out/vs/code/electron-utility/sharedProcess/sharedProcessMain.js:70:84491)
    at async Jl.yb (file:///usr/lib/code/out/vs/code/electron-utility/sharedProcess/sharedProcessMain.js:70:66605)
