2025-03-10 16:10:26.260 [info] [main] Log level: Info
2025-03-10 16:10:26.260 [info] [main] Validating found git in: "git"
2025-03-10 16:10:26.260 [info] [main] Using git "2.48.1" from "git"
2025-03-10 16:10:26.260 [info] [Model][doInitialScan] Initial repository scan started
2025-03-10 16:10:26.260 [info] > git rev-parse --show-toplevel [57ms]
2025-03-10 16:10:26.260 [info] > git rev-parse --git-dir --git-common-dir [11ms]
2025-03-10 16:10:26.260 [info] [Model][openRepository] Opened repository: /home/holelulu/projects/c_cpp_projects/stm32
2025-03-10 16:10:26.290 [info] > git rev-parse --show-toplevel [14ms]
2025-03-10 16:10:26.290 [info] > git config --get commit.template [23ms]
2025-03-10 16:10:26.316 [info] > git rev-parse --show-toplevel [11ms]
2025-03-10 16:10:26.325 [info] > git for-each-ref --format=%(refname)%00%(upstream:short)%00%(objectname)%00%(upstream:track)%00%(upstream:remotename)%00%(upstream:remoteref) refs/heads/dev refs/remotes/dev [11ms]
2025-03-10 16:10:26.344 [info] > git status -z -uall [11ms]
2025-03-10 16:10:26.345 [info] > git rev-parse --show-toplevel [20ms]
2025-03-10 16:10:26.353 [info] > git for-each-ref --sort -committerdate --format %(refname) %(objectname) %(*objectname) [10ms]
2025-03-10 16:10:26.391 [info] > git rev-parse --show-toplevel [39ms]
2025-03-10 16:10:26.403 [info] > git for-each-ref --format=%(refname)%00%(upstream:short)%00%(objectname)%00%(upstream:track)%00%(upstream:remotename)%00%(upstream:remoteref) refs/heads/dev refs/remotes/dev [26ms]
2025-03-10 16:10:26.422 [info] > git rev-parse --show-toplevel [20ms]
2025-03-10 16:10:26.422 [info] [Model][doInitialScan] Initial repository scan completed - repositories (1), closed repositories (0), parent repositories (0), unsafe repositories (0)
2025-03-10 16:10:26.423 [info] > git config --get commit.template [32ms]
2025-03-10 16:10:26.431 [info] > git config --get --local branch.dev.vscode-merge-base [19ms]
2025-03-10 16:10:26.465 [info] > git for-each-ref --format=%(refname)%00%(upstream:short)%00%(objectname)%00%(upstream:track)%00%(upstream:remotename)%00%(upstream:remoteref) refs/heads/origin/dev refs/remotes/origin/dev [26ms]
2025-03-10 16:10:26.466 [info] > git for-each-ref --format=%(refname)%00%(upstream:short)%00%(objectname)%00%(upstream:track)%00%(upstream:remotename)%00%(upstream:remoteref) refs/heads/dev refs/remotes/dev [36ms]
2025-03-10 16:10:26.486 [info] > git status -z -uall [10ms]
2025-03-10 16:10:26.486 [info] > git for-each-ref --sort -committerdate --format %(refname) %(objectname) %(*objectname) [3ms]
2025-03-10 16:10:26.610 [info] > git show --textconv :Core/Src/sx_1276.c [14ms]
2025-03-10 16:10:26.614 [info] > git ls-files --stage -- /home/holelulu/projects/c_cpp_projects/stm32/Core/Src/sx_1276.c [5ms]
2025-03-10 16:10:26.628 [info] > git cat-file -s d45ab33bb186f128ecb59db140f2ec698fb7f250 [4ms]
2025-03-10 16:10:27.036 [info] > git check-ignore -v -z --stdin [10ms]
2025-03-10 16:10:27.065 [info] > git blame --root --incremental 08da9c02e5e0397988aebc748ca5728ef35c1437 -- /home/holelulu/projects/c_cpp_projects/stm32/Core/Src/sx_1276.c [15ms]
2025-03-10 16:12:41.324 [info] > git config --get commit.template [14ms]
2025-03-10 16:12:41.334 [info] > git ls-files --stage -- /home/holelulu/projects/c_cpp_projects/stm32/Core/Src/sx_1276.c [11ms]
2025-03-10 16:12:41.342 [info] > git for-each-ref --format=%(refname)%00%(upstream:short)%00%(objectname)%00%(upstream:track)%00%(upstream:remotename)%00%(upstream:remoteref) refs/heads/dev refs/remotes/dev [9ms]
2025-03-10 16:12:41.362 [info] > git status -z -uall [9ms]
2025-03-10 16:12:41.362 [info] > git cat-file -s d2fa64069950c33d593b3eb33148c784c71655d4 [21ms]
2025-03-10 16:12:41.363 [info] > git for-each-ref --sort -committerdate --format %(refname) %(objectname) %(*objectname) [2ms]
2025-03-10 16:12:41.392 [info] > git blame --root --incremental 95baf2e5a1e007eb8aa15345fbb1c7f6cbd12010 -- /home/holelulu/projects/c_cpp_projects/stm32/Core/Src/sx_1276.c [13ms]
2025-03-10 16:12:41.394 [info] > git show --textconv :Core/Src/sx_1276.c [4ms]
2025-03-10 16:13:26.825 [info] > git show --textconv :Core/Src/main.c [21ms]
2025-03-10 16:13:26.828 [info] > git ls-files --stage -- /home/holelulu/projects/c_cpp_projects/stm32/Core/Src/main.c [3ms]
2025-03-10 16:13:26.847 [info] > git cat-file -s b208fc53875861f2bad019f298a2232c97110f05 [5ms]
2025-03-10 16:13:26.908 [info] > git blame --root --incremental 95baf2e5a1e007eb8aa15345fbb1c7f6cbd12010 -- /home/holelulu/projects/c_cpp_projects/stm32/Core/Src/main.c [18ms]
2025-03-10 16:13:48.774 [info] > git show --textconv :Core/Src/sx_1276.c [13ms]
2025-03-10 16:13:48.775 [info] > git ls-files --stage -- /home/holelulu/projects/c_cpp_projects/stm32/Core/Src/sx_1276.c [2ms]
2025-03-10 16:13:48.785 [info] > git cat-file -s d2fa64069950c33d593b3eb33148c784c71655d4 [2ms]
2025-03-10 16:20:11.125 [info] > git config --get commit.template [1ms]
2025-03-10 16:20:11.144 [info] > git for-each-ref --format=%(refname)%00%(upstream:short)%00%(objectname)%00%(upstream:track)%00%(upstream:remotename)%00%(upstream:remoteref) refs/heads/dev refs/remotes/dev [3ms]
2025-03-10 16:20:11.177 [info] > git status -z -uall [19ms]
2025-03-10 16:20:11.179 [info] > git for-each-ref --sort -committerdate --format %(refname) %(objectname) %(*objectname) [3ms]
2025-03-10 16:20:31.222 [info] > git config --get commit.template [3ms]
2025-03-10 16:20:31.238 [info] > git for-each-ref --format=%(refname)%00%(upstream:short)%00%(objectname)%00%(upstream:track)%00%(upstream:remotename)%00%(upstream:remoteref) refs/heads/dev refs/remotes/dev [3ms]
2025-03-10 16:20:31.267 [info] > git status -z -uall [16ms]
2025-03-10 16:20:31.269 [info] > git for-each-ref --sort -committerdate --format %(refname) %(objectname) %(*objectname) [3ms]
2025-03-10 16:20:46.566 [info] > git config --get commit.template [16ms]
2025-03-10 16:20:46.568 [info] > git for-each-ref --format=%(refname)%00%(upstream:short)%00%(objectname)%00%(upstream:track)%00%(upstream:remotename)%00%(upstream:remoteref) refs/heads/dev refs/remotes/dev [5ms]
2025-03-10 16:20:46.602 [info] > git status -z -uall [17ms]
2025-03-10 16:20:46.605 [info] > git for-each-ref --sort -committerdate --format %(refname) %(objectname) %(*objectname) [4ms]
2025-03-10 16:20:57.917 [info] > git config --get commit.template [14ms]
2025-03-10 16:20:57.920 [info] > git for-each-ref --format=%(refname)%00%(upstream:short)%00%(objectname)%00%(upstream:track)%00%(upstream:remotename)%00%(upstream:remoteref) refs/heads/dev refs/remotes/dev [2ms]
2025-03-10 16:20:57.940 [info] > git status -z -uall [11ms]
2025-03-10 16:20:57.941 [info] > git for-each-ref --sort -committerdate --format %(refname) %(objectname) %(*objectname) [2ms]
2025-03-10 16:21:11.270 [info] > git config --get commit.template [43ms]
2025-03-10 16:21:11.285 [info] > git for-each-ref --format=%(refname)%00%(upstream:short)%00%(objectname)%00%(upstream:track)%00%(upstream:remotename)%00%(upstream:remoteref) refs/heads/dev refs/remotes/dev [2ms]
2025-03-10 16:21:11.303 [info] > git status -z -uall [9ms]
2025-03-10 16:21:11.305 [info] > git for-each-ref --sort -committerdate --format %(refname) %(objectname) %(*objectname) [3ms]
2025-03-10 16:21:16.327 [info] > git config --get commit.template [1ms]
2025-03-10 16:21:16.343 [info] > git for-each-ref --format=%(refname)%00%(upstream:short)%00%(objectname)%00%(upstream:track)%00%(upstream:remotename)%00%(upstream:remoteref) refs/heads/dev refs/remotes/dev [1ms]
2025-03-10 16:21:16.371 [info] > git status -z -uall [15ms]
2025-03-10 16:21:16.372 [info] > git for-each-ref --sort -committerdate --format %(refname) %(objectname) %(*objectname) [2ms]
2025-03-10 16:21:16.900 [info] > git show --textconv :Core/Src/main.c [12ms]
2025-03-10 16:21:16.900 [info] > git ls-files --stage -- /home/holelulu/projects/c_cpp_projects/stm32/Core/Src/main.c [1ms]
2025-03-10 16:21:16.911 [info] > git cat-file -s b208fc53875861f2bad019f298a2232c97110f05 [1ms]
2025-03-10 16:21:22.756 [info] > git config --get commit.template [19ms]
2025-03-10 16:21:22.759 [info] > git for-each-ref --format=%(refname)%00%(upstream:short)%00%(objectname)%00%(upstream:track)%00%(upstream:remotename)%00%(upstream:remoteref) refs/heads/dev refs/remotes/dev [3ms]
2025-03-10 16:21:22.789 [info] > git status -z -uall [15ms]
2025-03-10 16:21:22.791 [info] > git for-each-ref --sort -committerdate --format %(refname) %(objectname) %(*objectname) [3ms]
2025-03-10 16:22:27.507 [info] > git show --textconv :Core/Src/sx_1276.c [16ms]
2025-03-10 16:22:27.509 [info] > git ls-files --stage -- /home/holelulu/projects/c_cpp_projects/stm32/Core/Src/sx_1276.c [3ms]
2025-03-10 16:22:27.520 [info] > git cat-file -s d2fa64069950c33d593b3eb33148c784c71655d4 [2ms]
2025-03-10 16:23:05.612 [info] > git config --get commit.template [17ms]
2025-03-10 16:23:05.615 [info] > git for-each-ref --format=%(refname)%00%(upstream:short)%00%(objectname)%00%(upstream:track)%00%(upstream:remotename)%00%(upstream:remoteref) refs/heads/dev refs/remotes/dev [3ms]
2025-03-10 16:23:05.649 [info] > git status -z -uall [16ms]
2025-03-10 16:23:05.650 [info] > git for-each-ref --sort -committerdate --format %(refname) %(objectname) %(*objectname) [2ms]
2025-03-10 16:23:10.689 [info] > git config --get commit.template [16ms]
2025-03-10 16:23:10.691 [info] > git for-each-ref --format=%(refname)%00%(upstream:short)%00%(objectname)%00%(upstream:track)%00%(upstream:remotename)%00%(upstream:remoteref) refs/heads/dev refs/remotes/dev [3ms]
2025-03-10 16:23:10.719 [info] > git status -z -uall [14ms]
2025-03-10 16:23:10.722 [info] > git for-each-ref --sort -committerdate --format %(refname) %(objectname) %(*objectname) [4ms]
2025-03-10 16:23:15.263 [info] > git show --textconv :Core/Inc/sx_1276.h [19ms]
2025-03-10 16:23:15.265 [info] > git ls-files --stage -- /home/holelulu/projects/c_cpp_projects/stm32/Core/Inc/sx_1276.h [3ms]
2025-03-10 16:23:15.283 [info] > git cat-file -s 54cc113976c154f5209551e5a988c58e675a9507 [4ms]
2025-03-10 16:23:15.344 [info] > git blame --root --incremental 95baf2e5a1e007eb8aa15345fbb1c7f6cbd12010 -- /home/holelulu/projects/c_cpp_projects/stm32/Core/Inc/sx_1276.h [17ms]
2025-03-10 16:23:23.906 [info] > git config --get commit.template [1ms]
2025-03-10 16:23:23.926 [info] > git for-each-ref --format=%(refname)%00%(upstream:short)%00%(objectname)%00%(upstream:track)%00%(upstream:remotename)%00%(upstream:remoteref) refs/heads/dev refs/remotes/dev [2ms]
2025-03-10 16:23:23.952 [info] > git status -z -uall [11ms]
2025-03-10 16:23:23.953 [info] > git for-each-ref --sort -committerdate --format %(refname) %(objectname) %(*objectname) [2ms]
2025-03-10 16:23:26.475 [info] > git show --textconv :Core/Src/sx_1276.c [22ms]
2025-03-10 16:23:26.478 [info] > git ls-files --stage -- /home/holelulu/projects/c_cpp_projects/stm32/Core/Src/sx_1276.c [3ms]
2025-03-10 16:23:26.489 [info] > git cat-file -s d2fa64069950c33d593b3eb33148c784c71655d4 [2ms]
2025-03-10 16:23:27.076 [info] > git show --textconv :Core/Src/main.c [19ms]
2025-03-10 16:23:27.077 [info] > git ls-files --stage -- /home/holelulu/projects/c_cpp_projects/stm32/Core/Src/main.c [3ms]
2025-03-10 16:23:27.094 [info] > git cat-file -s b208fc53875861f2bad019f298a2232c97110f05 [1ms]
2025-03-10 16:23:41.566 [info] > git config --get commit.template [20ms]
2025-03-10 16:23:41.568 [info] > git for-each-ref --format=%(refname)%00%(upstream:short)%00%(objectname)%00%(upstream:track)%00%(upstream:remotename)%00%(upstream:remoteref) refs/heads/dev refs/remotes/dev [4ms]
2025-03-10 16:23:41.603 [info] > git status -z -uall [18ms]
2025-03-10 16:23:41.606 [info] > git for-each-ref --sort -committerdate --format %(refname) %(objectname) %(*objectname) [4ms]
2025-03-10 16:23:57.629 [info] > git config --get commit.template [16ms]
2025-03-10 16:23:57.629 [info] > git for-each-ref --format=%(refname)%00%(upstream:short)%00%(objectname)%00%(upstream:track)%00%(upstream:remotename)%00%(upstream:remoteref) refs/heads/dev refs/remotes/dev [2ms]
2025-03-10 16:23:57.662 [info] > git status -z -uall [19ms]
2025-03-10 16:23:57.664 [info] > git for-each-ref --sort -committerdate --format %(refname) %(objectname) %(*objectname) [4ms]
2025-03-10 16:24:02.706 [info] > git config --get commit.template [18ms]
2025-03-10 16:24:02.708 [info] > git for-each-ref --format=%(refname)%00%(upstream:short)%00%(objectname)%00%(upstream:track)%00%(upstream:remotename)%00%(upstream:remoteref) refs/heads/dev refs/remotes/dev [3ms]
2025-03-10 16:24:02.735 [info] > git status -z -uall [14ms]
2025-03-10 16:24:02.738 [info] > git for-each-ref --sort -committerdate --format %(refname) %(objectname) %(*objectname) [3ms]
2025-03-10 16:25:07.262 [info] > git config --get commit.template [15ms]
2025-03-10 16:25:07.262 [info] > git for-each-ref --format=%(refname)%00%(upstream:short)%00%(objectname)%00%(upstream:track)%00%(upstream:remotename)%00%(upstream:remoteref) refs/heads/dev refs/remotes/dev [1ms]
2025-03-10 16:25:07.286 [info] > git status -z -uall [12ms]
2025-03-10 16:25:07.287 [info] > git for-each-ref --sort -committerdate --format %(refname) %(objectname) %(*objectname) [2ms]
2025-03-10 16:25:07.411 [info] > git show --textconv :Core/Src/sx_1276.c [16ms]
2025-03-10 16:25:07.412 [info] > git ls-files --stage -- /home/holelulu/projects/c_cpp_projects/stm32/Core/Src/sx_1276.c [2ms]
2025-03-10 16:25:07.431 [info] > git cat-file -s d2fa64069950c33d593b3eb33148c784c71655d4 [3ms]
2025-03-10 16:25:19.085 [info] > git config --get commit.template [16ms]
2025-03-10 16:25:19.085 [info] > git for-each-ref --format=%(refname)%00%(upstream:short)%00%(objectname)%00%(upstream:track)%00%(upstream:remotename)%00%(upstream:remoteref) refs/heads/dev refs/remotes/dev [1ms]
2025-03-10 16:25:19.124 [info] > git status -z -uall [21ms]
2025-03-10 16:25:19.126 [info] > git for-each-ref --sort -committerdate --format %(refname) %(objectname) %(*objectname) [4ms]
2025-03-10 16:25:21.023 [info] > git show --textconv :Core/Src/main.c [18ms]
2025-03-10 16:25:21.026 [info] > git ls-files --stage -- /home/holelulu/projects/c_cpp_projects/stm32/Core/Src/main.c [4ms]
2025-03-10 16:25:21.044 [info] > git cat-file -s b208fc53875861f2bad019f298a2232c97110f05 [3ms]
2025-03-10 16:25:42.661 [info] > git config --get commit.template [18ms]
2025-03-10 16:25:42.663 [info] > git for-each-ref --format=%(refname)%00%(upstream:short)%00%(objectname)%00%(upstream:track)%00%(upstream:remotename)%00%(upstream:remoteref) refs/heads/dev refs/remotes/dev [2ms]
2025-03-10 16:25:42.684 [info] > git status -z -uall [11ms]
2025-03-10 16:25:42.685 [info] > git for-each-ref --sort -committerdate --format %(refname) %(objectname) %(*objectname) [2ms]
2025-03-10 16:25:48.706 [info] > git config --get commit.template [16ms]
2025-03-10 16:25:48.708 [info] > git for-each-ref --format=%(refname)%00%(upstream:short)%00%(objectname)%00%(upstream:track)%00%(upstream:remotename)%00%(upstream:remoteref) refs/heads/dev refs/remotes/dev [2ms]
2025-03-10 16:25:48.737 [info] > git status -z -uall [17ms]
2025-03-10 16:25:48.740 [info] > git for-each-ref --sort -committerdate --format %(refname) %(objectname) %(*objectname) [5ms]
2025-03-10 16:26:03.844 [info] > git config --get commit.template [14ms]
2025-03-10 16:26:03.845 [info] > git for-each-ref --format=%(refname)%00%(upstream:short)%00%(objectname)%00%(upstream:track)%00%(upstream:remotename)%00%(upstream:remoteref) refs/heads/dev refs/remotes/dev [2ms]
2025-03-10 16:26:03.863 [info] > git status -z -uall [10ms]
2025-03-10 16:26:03.864 [info] > git for-each-ref --sort -committerdate --format %(refname) %(objectname) %(*objectname) [2ms]
2025-03-10 16:26:03.963 [info] > git show --textconv :Core/Src/sx_1276.c [16ms]
2025-03-10 16:26:03.965 [info] > git ls-files --stage -- /home/holelulu/projects/c_cpp_projects/stm32/Core/Src/sx_1276.c [3ms]
2025-03-10 16:26:03.982 [info] > git cat-file -s d2fa64069950c33d593b3eb33148c784c71655d4 [3ms]
2025-03-10 16:26:12.026 [info] > git show --textconv :Core/Src/main.c [19ms]
2025-03-10 16:26:12.028 [info] > git ls-files --stage -- /home/holelulu/projects/c_cpp_projects/stm32/Core/Src/main.c [3ms]
2025-03-10 16:26:12.046 [info] > git cat-file -s b208fc53875861f2bad019f298a2232c97110f05 [2ms]
2025-03-10 16:26:16.759 [info] > git show --textconv :Core/Src/sx_1276.c [18ms]
2025-03-10 16:26:16.761 [info] > git ls-files --stage -- /home/holelulu/projects/c_cpp_projects/stm32/Core/Src/sx_1276.c [3ms]
2025-03-10 16:26:16.778 [info] > git cat-file -s d2fa64069950c33d593b3eb33148c784c71655d4 [1ms]
2025-03-10 16:26:26.417 [info] > git show --textconv :Core/Src/main.c [17ms]
2025-03-10 16:26:26.420 [info] > git ls-files --stage -- /home/holelulu/projects/c_cpp_projects/stm32/Core/Src/main.c [4ms]
2025-03-10 16:26:26.440 [info] > git cat-file -s b208fc53875861f2bad019f298a2232c97110f05 [3ms]
2025-03-10 16:26:31.712 [info] > git config --get commit.template [19ms]
2025-03-10 16:26:31.714 [info] > git for-each-ref --format=%(refname)%00%(upstream:short)%00%(objectname)%00%(upstream:track)%00%(upstream:remotename)%00%(upstream:remoteref) refs/heads/dev refs/remotes/dev [3ms]
2025-03-10 16:26:31.747 [info] > git status -z -uall [16ms]
2025-03-10 16:26:31.748 [info] > git for-each-ref --sort -committerdate --format %(refname) %(objectname) %(*objectname) [2ms]
2025-03-10 18:46:48.192 [info] > git show --textconv :Core/Src/sx_1276.c [9ms]
2025-03-10 18:46:48.193 [info] > git ls-files --stage -- /home/holelulu/projects/c_cpp_projects/stm32/Core/Src/sx_1276.c [2ms]
2025-03-10 18:46:48.203 [info] > git cat-file -s d2fa64069950c33d593b3eb33148c784c71655d4 [1ms]
2025-03-10 22:06:02.365 [info] > git config --get commit.template [2ms]
2025-03-10 22:06:02.386 [info] > git for-each-ref --format=%(refname)%00%(upstream:short)%00%(objectname)%00%(upstream:track)%00%(upstream:remotename)%00%(upstream:remoteref) refs/heads/dev refs/remotes/dev [4ms]
2025-03-10 22:06:02.421 [info] > git status -z -uall [16ms]
2025-03-10 22:06:02.422 [info] > git for-each-ref --sort -committerdate --format %(refname) %(objectname) %(*objectname) [2ms]
2025-03-10 22:13:35.541 [info] > git config --get commit.template [17ms]
2025-03-10 22:13:35.542 [info] > git for-each-ref --format=%(refname)%00%(upstream:short)%00%(objectname)%00%(upstream:track)%00%(upstream:remotename)%00%(upstream:remoteref) refs/heads/dev refs/remotes/dev [3ms]
2025-03-10 22:13:35.568 [info] > git status -z -uall [13ms]
2025-03-10 22:13:35.569 [info] > git for-each-ref --sort -committerdate --format %(refname) %(objectname) %(*objectname) [2ms]
2025-03-10 22:15:47.216 [info] > git config --get commit.template [17ms]
2025-03-10 22:15:47.218 [info] > git for-each-ref --format=%(refname)%00%(upstream:short)%00%(objectname)%00%(upstream:track)%00%(upstream:remotename)%00%(upstream:remoteref) refs/heads/dev refs/remotes/dev [3ms]
2025-03-10 22:15:47.245 [info] > git status -z -uall [13ms]
2025-03-10 22:15:47.247 [info] > git for-each-ref --sort -committerdate --format %(refname) %(objectname) %(*objectname) [3ms]
2025-03-10 22:15:55.130 [info] > git config --get commit.template [13ms]
2025-03-10 22:15:55.131 [info] > git for-each-ref --format=%(refname)%00%(upstream:short)%00%(objectname)%00%(upstream:track)%00%(upstream:remotename)%00%(upstream:remoteref) refs/heads/dev refs/remotes/dev [2ms]
2025-03-10 22:15:55.159 [info] > git status -z -uall [17ms]
2025-03-10 22:15:55.162 [info] > git for-each-ref --sort -committerdate --format %(refname) %(objectname) %(*objectname) [4ms]
2025-03-10 22:16:04.466 [info] > git config --get commit.template [18ms]
2025-03-10 22:16:04.468 [info] > git for-each-ref --format=%(refname)%00%(upstream:short)%00%(objectname)%00%(upstream:track)%00%(upstream:remotename)%00%(upstream:remoteref) refs/heads/dev refs/remotes/dev [3ms]
2025-03-10 22:16:04.493 [info] > git status -z -uall [12ms]
2025-03-10 22:16:04.494 [info] > git for-each-ref --sort -committerdate --format %(refname) %(objectname) %(*objectname) [2ms]
2025-03-10 22:23:23.543 [info] > git config --get commit.template [13ms]
2025-03-10 22:23:23.543 [info] > git for-each-ref --format=%(refname)%00%(upstream:short)%00%(objectname)%00%(upstream:track)%00%(upstream:remotename)%00%(upstream:remoteref) refs/heads/dev refs/remotes/dev [1ms]
2025-03-10 22:23:23.570 [info] > git status -z -uall [15ms]
2025-03-10 22:23:23.572 [info] > git for-each-ref --sort -committerdate --format %(refname) %(objectname) %(*objectname) [3ms]
2025-03-10 22:23:31.923 [info] > git config --get commit.template [18ms]
2025-03-10 22:23:31.925 [info] > git for-each-ref --format=%(refname)%00%(upstream:short)%00%(objectname)%00%(upstream:track)%00%(upstream:remotename)%00%(upstream:remoteref) refs/heads/dev refs/remotes/dev [3ms]
2025-03-10 22:23:31.958 [info] > git status -z -uall [17ms]
2025-03-10 22:23:31.961 [info] > git for-each-ref --sort -committerdate --format %(refname) %(objectname) %(*objectname) [4ms]
2025-03-10 22:24:18.523 [info] > git config --get commit.template [17ms]
2025-03-10 22:24:18.525 [info] > git for-each-ref --format=%(refname)%00%(upstream:short)%00%(objectname)%00%(upstream:track)%00%(upstream:remotename)%00%(upstream:remoteref) refs/heads/dev refs/remotes/dev [2ms]
2025-03-10 22:24:18.559 [info] > git status -z -uall [18ms]
2025-03-10 22:24:18.562 [info] > git for-each-ref --sort -committerdate --format %(refname) %(objectname) %(*objectname) [4ms]
2025-03-10 22:25:28.362 [info] > git config --get commit.template [16ms]
2025-03-10 22:25:28.364 [info] > git for-each-ref --format=%(refname)%00%(upstream:short)%00%(objectname)%00%(upstream:track)%00%(upstream:remotename)%00%(upstream:remoteref) refs/heads/dev refs/remotes/dev [3ms]
2025-03-10 22:25:28.389 [info] > git status -z -uall [13ms]
2025-03-10 22:25:28.391 [info] > git for-each-ref --sort -committerdate --format %(refname) %(objectname) %(*objectname) [3ms]
2025-03-10 22:26:58.596 [info] > git show --textconv :Core/Src/main.c [18ms]
2025-03-10 22:26:58.599 [info] > git ls-files --stage -- /home/holelulu/projects/c_cpp_projects/stm32/Core/Src/main.c [4ms]
2025-03-10 22:26:58.613 [info] > git cat-file -s b208fc53875861f2bad019f298a2232c97110f05 [2ms]
2025-03-10 22:27:45.764 [info] > git show --textconv :Core/Src/sx_1276.c [11ms]
2025-03-10 22:27:45.765 [info] > git ls-files --stage -- /home/holelulu/projects/c_cpp_projects/stm32/Core/Src/sx_1276.c [2ms]
2025-03-10 22:27:45.775 [info] > git cat-file -s d2fa64069950c33d593b3eb33148c784c71655d4 [1ms]
2025-03-10 22:27:58.634 [info] > git config --get commit.template [19ms]
2025-03-10 22:27:58.636 [info] > git for-each-ref --format=%(refname)%00%(upstream:short)%00%(objectname)%00%(upstream:track)%00%(upstream:remotename)%00%(upstream:remoteref) refs/heads/dev refs/remotes/dev [4ms]
2025-03-10 22:27:58.670 [info] > git status -z -uall [18ms]
2025-03-10 22:27:58.673 [info] > git for-each-ref --sort -committerdate --format %(refname) %(objectname) %(*objectname) [3ms]
2025-03-10 22:28:03.707 [info] > git config --get commit.template [14ms]
2025-03-10 22:28:03.708 [info] > git for-each-ref --format=%(refname)%00%(upstream:short)%00%(objectname)%00%(upstream:track)%00%(upstream:remotename)%00%(upstream:remoteref) refs/heads/dev refs/remotes/dev [3ms]
2025-03-10 22:28:03.736 [info] > git status -z -uall [15ms]
2025-03-10 22:28:03.737 [info] > git for-each-ref --sort -committerdate --format %(refname) %(objectname) %(*objectname) [2ms]
2025-03-10 22:30:41.020 [info] > git config --get commit.template [17ms]
2025-03-10 22:30:41.022 [info] > git for-each-ref --format=%(refname)%00%(upstream:short)%00%(objectname)%00%(upstream:track)%00%(upstream:remotename)%00%(upstream:remoteref) refs/heads/dev refs/remotes/dev [3ms]
2025-03-10 22:30:41.056 [info] > git status -z -uall [18ms]
2025-03-10 22:30:41.059 [info] > git for-each-ref --sort -committerdate --format %(refname) %(objectname) %(*objectname) [4ms]
2025-03-10 22:31:25.494 [info] > git config --get commit.template [19ms]
2025-03-10 22:31:25.496 [info] > git for-each-ref --format=%(refname)%00%(upstream:short)%00%(objectname)%00%(upstream:track)%00%(upstream:remotename)%00%(upstream:remoteref) refs/heads/dev refs/remotes/dev [3ms]
2025-03-10 22:31:25.529 [info] > git status -z -uall [17ms]
2025-03-10 22:31:25.532 [info] > git for-each-ref --sort -committerdate --format %(refname) %(objectname) %(*objectname) [4ms]
2025-03-10 22:38:10.252 [info] > git config --get commit.template [18ms]
2025-03-10 22:38:10.254 [info] > git for-each-ref --format=%(refname)%00%(upstream:short)%00%(objectname)%00%(upstream:track)%00%(upstream:remotename)%00%(upstream:remoteref) refs/heads/dev refs/remotes/dev [3ms]
2025-03-10 22:38:10.288 [info] > git status -z -uall [17ms]
2025-03-10 22:38:10.290 [info] > git for-each-ref --sort -committerdate --format %(refname) %(objectname) %(*objectname) [3ms]
2025-03-10 22:38:15.327 [info] > git config --get commit.template [15ms]
2025-03-10 22:38:15.327 [info] > git for-each-ref --format=%(refname)%00%(upstream:short)%00%(objectname)%00%(upstream:track)%00%(upstream:remotename)%00%(upstream:remoteref) refs/heads/dev refs/remotes/dev [1ms]
2025-03-10 22:38:15.353 [info] > git status -z -uall [14ms]
2025-03-10 22:38:15.355 [info] > git for-each-ref --sort -committerdate --format %(refname) %(objectname) %(*objectname) [2ms]
2025-03-10 22:39:22.464 [info] > git config --get commit.template [17ms]
2025-03-10 22:39:22.466 [info] > git for-each-ref --format=%(refname)%00%(upstream:short)%00%(objectname)%00%(upstream:track)%00%(upstream:remotename)%00%(upstream:remoteref) refs/heads/dev refs/remotes/dev [3ms]
2025-03-10 22:39:22.501 [info] > git status -z -uall [19ms]
2025-03-10 22:39:22.502 [info] > git for-each-ref --sort -committerdate --format %(refname) %(objectname) %(*objectname) [3ms]
2025-03-10 22:41:08.512 [info] > git config --get commit.template [2ms]
2025-03-10 22:41:08.533 [info] > git for-each-ref --format=%(refname)%00%(upstream:short)%00%(objectname)%00%(upstream:track)%00%(upstream:remotename)%00%(upstream:remoteref) refs/heads/dev refs/remotes/dev [3ms]
2025-03-10 22:41:08.566 [info] > git status -z -uall [19ms]
2025-03-10 22:41:08.569 [info] > git for-each-ref --sort -committerdate --format %(refname) %(objectname) %(*objectname) [5ms]
2025-03-10 22:41:13.607 [info] > git config --get commit.template [18ms]
2025-03-10 22:41:13.608 [info] > git for-each-ref --format=%(refname)%00%(upstream:short)%00%(objectname)%00%(upstream:track)%00%(upstream:remotename)%00%(upstream:remoteref) refs/heads/dev refs/remotes/dev [2ms]
2025-03-10 22:41:13.638 [info] > git status -z -uall [14ms]
2025-03-10 22:41:13.639 [info] > git for-each-ref --sort -committerdate --format %(refname) %(objectname) %(*objectname) [2ms]
2025-03-10 22:45:20.199 [info] > git config --get commit.template [17ms]
2025-03-10 22:45:20.200 [info] > git for-each-ref --format=%(refname)%00%(upstream:short)%00%(objectname)%00%(upstream:track)%00%(upstream:remotename)%00%(upstream:remoteref) refs/heads/dev refs/remotes/dev [2ms]
2025-03-10 22:45:20.231 [info] > git status -z -uall [14ms]
2025-03-10 22:45:20.235 [info] > git for-each-ref --sort -committerdate --format %(refname) %(objectname) %(*objectname) [4ms]
2025-03-10 22:53:37.173 [info] > git log --format=%H%n%aN%n%aE%n%at%n%ct%n%P%n%D%n%B -z --shortstat --diff-merges=first-parent -n50 --skip=0 --topo-order --decorate=full --stdin [243ms]
2025-03-10 22:53:37.964 [info] > git show --textconv HEAD:Core/Src/main.c [20ms]
2025-03-10 22:53:37.965 [info] > git ls-tree -l HEAD -- /home/holelulu/projects/c_cpp_projects/stm32/Core/Src/main.c [3ms]
2025-03-10 22:53:41.288 [info] > git show --textconv HEAD:Core/Inc/sx_1276.h [15ms]
2025-03-10 22:53:41.290 [info] > git ls-tree -l HEAD -- /home/holelulu/projects/c_cpp_projects/stm32/Core/Inc/sx_1276.h [3ms]
2025-03-10 22:53:59.101 [info] > git show --textconv :Core/Src/sx_1276.c [18ms]
2025-03-10 22:53:59.103 [info] > git ls-files --stage -- /home/holelulu/projects/c_cpp_projects/stm32/Core/Src/sx_1276.c [3ms]
2025-03-10 22:53:59.117 [info] > git cat-file -s d2fa64069950c33d593b3eb33148c784c71655d4 [2ms]
