2024-11-09 15:25:01.124 [warning] Dir "/home/holelulu/projects/algotrader/.pixi/envs" is not watchable (directory does not exist)
2024-11-09 15:25:01.155 [error] Unable to check if shell integration is active [Error: Extension 'ms-python.python' CANNOT use API proposal: terminalDataWriteEvent.
Its package.json#enabledApiProposals-property declares:  but NOT terminalDataWriteEvent.
 The missing proposal MUST be added and you must start in extension development mode or use the following command line switch: --enable-proposed-api ms-python.python
	at R (file:///usr/lib/code/out/vs/workbench/api/node/extensionHostProcess.js:112:16578)
	at a.onDidWriteTerminalData (file:///usr/lib/code/out/vs/workbench/api/node/extensionHostProcess.js:156:46120)
	at new v (/home/holelulu/.vscode-oss/extensions/ms-python.python-2024.18.0-universal/out/client/extension.js:2:909813)
	at ge (/home/holelulu/.vscode-oss/extensions/ms-python.python-2024.18.0-universal/out/client/extension.js:2:1759387)
	at /home/holelulu/.vscode-oss/extensions/ms-python.python-2024.18.0-universal/out/client/extension.js:2:1762751
	at /home/holelulu/.vscode-oss/extensions/ms-python.python-2024.18.0-universal/out/client/extension.js:2:1762779
	at Se (/home/holelulu/.vscode-oss/extensions/ms-python.python-2024.18.0-universal/out/client/extension.js:2:1762846)
	at /home/holelulu/.vscode-oss/extensions/ms-python.python-2024.18.0-universal/out/client/extension.js:2:1763326
	at we (/home/holelulu/.vscode-oss/extensions/ms-python.python-2024.18.0-universal/out/client/extension.js:2:1763267)
	at Pe (/home/holelulu/.vscode-oss/extensions/ms-python.python-2024.18.0-universal/out/client/extension.js:2:1763301)
	at /home/holelulu/.vscode-oss/extensions/ms-python.python-2024.18.0-universal/out/client/extension.js:2:1760540
	at /home/holelulu/.vscode-oss/extensions/ms-python.python-2024.18.0-universal/out/client/extension.js:2:1762145
	at Array.reduce (<anonymous>)
	at /home/holelulu/.vscode-oss/extensions/ms-python.python-2024.18.0-universal/out/client/extension.js:2:1762117
	at /home/holelulu/.vscode-oss/extensions/ms-python.python-2024.18.0-universal/out/client/extension.js:2:1762399
	at /home/holelulu/.vscode-oss/extensions/ms-python.python-2024.18.0-universal/out/client/extension.js:2:1762779
	at Se (/home/holelulu/.vscode-oss/extensions/ms-python.python-2024.18.0-universal/out/client/extension.js:2:1762846)
	at /home/holelulu/.vscode-oss/extensions/ms-python.python-2024.18.0-universal/out/client/extension.js:2:1763326
	at we (/home/holelulu/.vscode-oss/extensions/ms-python.python-2024.18.0-universal/out/client/extension.js:2:1763267)
	at Pe (/home/holelulu/.vscode-oss/extensions/ms-python.python-2024.18.0-universal/out/client/extension.js:2:1763301)
	at /home/holelulu/.vscode-oss/extensions/ms-python.python-2024.18.0-universal/out/client/extension.js:2:1760540
	at /home/holelulu/.vscode-oss/extensions/ms-python.python-2024.18.0-universal/out/client/extension.js:2:1790210
	at /home/holelulu/.vscode-oss/extensions/ms-python.python-2024.18.0-universal/out/client/extension.js:2:1790231
	at e._get (/home/holelulu/.vscode-oss/extensions/ms-python.python-2024.18.0-universal/out/client/extension.js:2:1789244)
	at e._getButThrowIfAsync (/home/holelulu/.vscode-oss/extensions/ms-python.python-2024.18.0-universal/out/client/extension.js:2:1789304)
	at e.get (/home/holelulu/.vscode-oss/extensions/ms-python.python-2024.18.0-universal/out/client/extension.js:2:1785013)
	at e.dynamicValue (/home/holelulu/.vscode-oss/extensions/ms-python.python-2024.18.0-universal/out/client/extension.js:2:1774746)
	at /home/holelulu/.vscode-oss/extensions/ms-python.python-2024.18.0-universal/out/client/extension.js:2:1760923
	at Ee (/home/holelulu/.vscode-oss/extensions/ms-python.python-2024.18.0-universal/out/client/extension.js:2:1761179)
	at Se (/home/holelulu/.vscode-oss/extensions/ms-python.python-2024.18.0-universal/out/client/extension.js:2:1762895)
	at /home/holelulu/.vscode-oss/extensions/ms-python.python-2024.18.0-universal/out/client/extension.js:2:1763326
	at we (/home/holelulu/.vscode-oss/extensions/ms-python.python-2024.18.0-universal/out/client/extension.js:2:1763267)
	at Pe (/home/holelulu/.vscode-oss/extensions/ms-python.python-2024.18.0-universal/out/client/extension.js:2:1763301)
	at /home/holelulu/.vscode-oss/extensions/ms-python.python-2024.18.0-universal/out/client/extension.js:2:1760540
	at /home/holelulu/.vscode-oss/extensions/ms-python.python-2024.18.0-universal/out/client/extension.js:2:1760474
	at Array.map (<anonymous>)
	at /home/holelulu/.vscode-oss/extensions/ms-python.python-2024.18.0-universal/out/client/extension.js:2:1760445
	at /home/holelulu/.vscode-oss/extensions/ms-python.python-2024.18.0-universal/out/client/extension.js:2:1762145
	at Array.reduce (<anonymous>)
	at /home/holelulu/.vscode-oss/extensions/ms-python.python-2024.18.0-universal/out/client/extension.js:2:1762117
	at /home/holelulu/.vscode-oss/extensions/ms-python.python-2024.18.0-universal/out/client/extension.js:2:1762399
	at /home/holelulu/.vscode-oss/extensions/ms-python.python-2024.18.0-universal/out/client/extension.js:2:1762779
	at Se (/home/holelulu/.vscode-oss/extensions/ms-python.python-2024.18.0-universal/out/client/extension.js:2:1762846)
	at /home/holelulu/.vscode-oss/extensions/ms-python.python-2024.18.0-universal/out/client/extension.js:2:1763326
	at we (/home/holelulu/.vscode-oss/extensions/ms-python.python-2024.18.0-universal/out/client/extension.js:2:1763267)
	at Pe (/home/holelulu/.vscode-oss/extensions/ms-python.python-2024.18.0-universal/out/client/extension.js:2:1763301)
	at /home/holelulu/.vscode-oss/extensions/ms-python.python-2024.18.0-universal/out/client/extension.js:2:1760540
	at /home/holelulu/.vscode-oss/extensions/ms-python.python-2024.18.0-universal/out/client/extension.js:2:1790210
	at /home/holelulu/.vscode-oss/extensions/ms-python.python-2024.18.0-universal/out/client/extension.js:2:1790231
	at e._get (/home/holelulu/.vscode-oss/extensions/ms-python.python-2024.18.0-universal/out/client/extension.js:2:1789244)
	at e._getButThrowIfAsync (/home/holelulu/.vscode-oss/extensions/ms-python.python-2024.18.0-universal/out/client/extension.js:2:1789304)
	at e.get (/home/holelulu/.vscode-oss/extensions/ms-python.python-2024.18.0-universal/out/client/extension.js:2:1785013)
	at a.get (/home/holelulu/.vscode-oss/extensions/ms-python.python-2024.18.0-universal/out/client/extension.js:2:525791)
	at /home/holelulu/.vscode-oss/extensions/ms-python.python-2024.18.0-universal/out/client/extension.js:2:441383
	at async t.activateComponents (/home/holelulu/.vscode-oss/extensions/ms-python.python-2024.18.0-universal/out/client/extension.js:2:439663)
	at async /home/holelulu/.vscode-oss/extensions/ms-python.python-2024.18.0-universal/out/client/extension.js:2:2717119
	at async e (/home/holelulu/.vscode-oss/extensions/ms-python.python-2024.18.0-universal/out/client/extension.js:2:2716651)
	at async B0.n (file:///usr/lib/code/out/vs/workbench/api/node/extensionHostProcess.js:114:4447)
	at async B0.m (file:///usr/lib/code/out/vs/workbench/api/node/extensionHostProcess.js:114:4410)
	at async B0.l (file:///usr/lib/code/out/vs/workbench/api/node/extensionHostProcess.js:114:3866)]
2024-11-09 15:25:01.163 [info] Starting Environment refresh
2024-11-09 15:25:01.163 [info] Searching for interpreters in posix paths locator
2024-11-09 15:25:01.169 [info] Searching for pyenv environments
2024-11-09 15:25:01.169 [info] Searching for conda environments
2024-11-09 15:25:01.170 [info] Searching for global virtual environments
2024-11-09 15:25:01.170 [info] Searching for custom virtual environments
2024-11-09 15:25:01.179 [info] pyenv is not installed
2024-11-09 15:25:01.179 [info] Finished searching for pyenv environments: 15 milliseconds
2024-11-09 15:25:01.179 [info] Finished searching for custom virtual envs: 14 milliseconds
2024-11-09 15:25:01.192 [info] > conda info --json
2024-11-09 15:25:01.205 [info] > hatch env show --json
2024-11-09 15:25:01.205 [info] cwd: .
2024-11-09 15:25:01.218 [info] > pyenv which python
2024-11-09 15:25:01.218 [info] cwd: .
2024-11-09 15:25:01.219 [info] Finished searching for global virtual envs: 54 milliseconds
2024-11-09 15:25:01.304 [info] Found: /bin/python --> /bin/python3.12
2024-11-09 15:25:01.305 [info] Found: /bin/python3 --> /bin/python3.12
2024-11-09 15:25:01.306 [info] Found: /bin/python3.12 --> /bin/python3.12
2024-11-09 15:25:01.335 [info] > ./venv/bin/python -I ~/.vscode-oss/extensions/ms-python.python-2024.18.0-universal/python_files/get_output_via_markers.py ~/.vscode-oss/extensions/ms-python.python-2024.18.0-universal/python_files/interpreterInfo.py
2024-11-09 15:25:01.351 [info] Found: /sbin/python --> /sbin/python3.12
2024-11-09 15:25:01.352 [info] Found: /sbin/python3 --> /sbin/python3.12
2024-11-09 15:25:01.352 [info] Found: /sbin/python3.12 --> /sbin/python3.12
2024-11-09 15:25:01.362 [info] Found: /usr/bin/python --> /usr/bin/python3.12
2024-11-09 15:25:01.363 [info] Found: /usr/bin/python3 --> /usr/bin/python3.12
2024-11-09 15:25:01.363 [info] Found: /usr/bin/python3.12 --> /usr/bin/python3.12
2024-11-09 15:25:01.402 [info] Found: /usr/sbin/python --> /usr/sbin/python3.12
2024-11-09 15:25:01.402 [info] Found: /usr/sbin/python3 --> /usr/sbin/python3.12
2024-11-09 15:25:01.402 [info] Found: /usr/sbin/python3.12 --> /usr/sbin/python3.12
2024-11-09 15:25:01.418 [info] > /bin/python -I ~/.vscode-oss/extensions/ms-python.python-2024.18.0-universal/python_files/get_output_via_markers.py ~/.vscode-oss/extensions/ms-python.python-2024.18.0-universal/python_files/interpreterInfo.py
2024-11-09 15:25:01.430 [info] Finished searching for interpreters in posix paths locator: 268 milliseconds
2024-11-09 15:25:01.434 [info] Environments refresh paths discovered (event): 273 milliseconds
2024-11-09 15:25:01.434 [info] Environments refresh paths discovered: 273 milliseconds
2024-11-09 15:25:01.445 [info] > /sbin/python -I ~/.vscode-oss/extensions/ms-python.python-2024.18.0-universal/python_files/get_output_via_markers.py ~/.vscode-oss/extensions/ms-python.python-2024.18.0-universal/python_files/interpreterInfo.py
2024-11-09 15:25:01.467 [info] > /usr/bin/python -I ~/.vscode-oss/extensions/ms-python.python-2024.18.0-universal/python_files/get_output_via_markers.py ~/.vscode-oss/extensions/ms-python.python-2024.18.0-universal/python_files/interpreterInfo.py
2024-11-09 15:25:01.490 [info] > /usr/sbin/python -I ~/.vscode-oss/extensions/ms-python.python-2024.18.0-universal/python_files/get_output_via_markers.py ~/.vscode-oss/extensions/ms-python.python-2024.18.0-universal/python_files/interpreterInfo.py
2024-11-09 15:25:01.525 [info] Environments refresh finished (event): 363 milliseconds
2024-11-09 15:25:01.538 [info] Environment refresh took 376 milliseconds
2024-11-09 15:25:01.544 [info] Python interpreter path: ./venv/bin/python
2024-11-09 15:25:01.550 [error] [
  'Failed to activate a workspace, Class name = v, completed in 389ms, has a falsy return value, Arg 1: <Uri:/home/holelulu/projects/algotrader>, Arg 2: {"started":1731165901086}, Return Value: undefined',
  [Error: Extension 'ms-python.python' CANNOT use API proposal: testObserver.
  Its package.json#enabledApiProposals-property declares:  but NOT testObserver.
   The missing proposal MUST be added and you must start in extension development mode or use the following command line switch: --enable-proposed-api ms-python.python
  	at R (file:///usr/lib/code/out/vs/workbench/api/node/extensionHostProcess.js:112:16578)
  	at get testResults (file:///usr/lib/code/out/vs/workbench/api/node/extensionHostProcess.js:156:39418)
  	at C.activate (/home/holelulu/.vscode-oss/extensions/ms-python.python-2024.18.0-universal/out/client/extension.js:2:945676)
  	at /home/holelulu/.vscode-oss/extensions/ms-python.python-2024.18.0-universal/out/client/extension.js:2:2457
  	at Array.map (<anonymous>)
  	at v.activateWorkspace (/home/holelulu/.vscode-oss/extensions/ms-python.python-2024.18.0-universal/out/client/extension.js:2:2447)]
]
2024-11-09 15:25:01.550 [error] Failure during activation. [Error: Extension 'ms-python.python' CANNOT use API proposal: testObserver.
Its package.json#enabledApiProposals-property declares:  but NOT testObserver.
 The missing proposal MUST be added and you must start in extension development mode or use the following command line switch: --enable-proposed-api ms-python.python
	at R (file:///usr/lib/code/out/vs/workbench/api/node/extensionHostProcess.js:112:16578)
	at get testResults (file:///usr/lib/code/out/vs/workbench/api/node/extensionHostProcess.js:156:39418)
	at C.activate (/home/holelulu/.vscode-oss/extensions/ms-python.python-2024.18.0-universal/out/client/extension.js:2:945676)
	at /home/holelulu/.vscode-oss/extensions/ms-python.python-2024.18.0-universal/out/client/extension.js:2:2457
	at Array.map (<anonymous>)
	at v.activateWorkspace (/home/holelulu/.vscode-oss/extensions/ms-python.python-2024.18.0-universal/out/client/extension.js:2:2447)]
2024-11-09 15:25:01.550 [error] sendStartupTelemetry() failed. [Error: Extension 'ms-python.python' CANNOT use API proposal: testObserver.
Its package.json#enabledApiProposals-property declares:  but NOT testObserver.
 The missing proposal MUST be added and you must start in extension development mode or use the following command line switch: --enable-proposed-api ms-python.python
	at R (file:///usr/lib/code/out/vs/workbench/api/node/extensionHostProcess.js:112:16578)
	at get testResults (file:///usr/lib/code/out/vs/workbench/api/node/extensionHostProcess.js:156:39418)
	at C.activate (/home/holelulu/.vscode-oss/extensions/ms-python.python-2024.18.0-universal/out/client/extension.js:2:945676)
	at /home/holelulu/.vscode-oss/extensions/ms-python.python-2024.18.0-universal/out/client/extension.js:2:2457
	at Array.map (<anonymous>)
	at v.activateWorkspace (/home/holelulu/.vscode-oss/extensions/ms-python.python-2024.18.0-universal/out/client/extension.js:2:2447)]
2024-11-09 15:25:02.704 [info] Starting Jedi language server for algotrader.
2024-11-09 15:26:04.097 [info] Discover tests for workspace name: algotrader - uri: /home/holelulu/projects/algotrader/dataset/model_evaluation.py
