2024-11-09 15:23:52.818 [info] [main] Log level: Info
2024-11-09 15:23:52.818 [info] [main] Validating found git in: "git"
2024-11-09 15:23:52.818 [info] [main] Using git "2.47.0" from "git"
2024-11-09 15:23:52.818 [info] [Model][doInitialScan] Initial repository scan started
2024-11-09 15:23:52.818 [info] > git rev-parse --show-toplevel [7ms]
2024-11-09 15:23:52.818 [info] > git rev-parse --git-dir --git-common-dir [6ms]
2024-11-09 15:23:52.818 [info] [Model][openRepository] Opened repository: /home/holelulu/projects/algotrader
2024-11-09 15:23:52.832 [info] > git config --get commit.template [7ms]
2024-11-09 15:23:52.871 [info] > git for-each-ref --format=%(refname)%00%(upstream:short)%00%(objectname)%00%(upstream:track)%00%(upstream:remotename)%00%(upstream:remoteref) refs/heads/dev refs/remotes/dev [27ms]
2024-11-09 15:23:52.918 [info] > git rev-parse --show-toplevel [24ms]
2024-11-09 15:23:52.929 [info] > git for-each-ref --sort -committerdate --format %(refname) %(objectname) %(*objectname) [12ms]
2024-11-09 15:23:52.931 [info] > git rev-parse --show-toplevel [3ms]
2024-11-09 15:23:52.939 [info] > git rev-parse --show-toplevel [2ms]
2024-11-09 15:23:52.952 [info] > git rev-parse --show-toplevel [2ms]
2024-11-09 15:23:52.964 [info] > git rev-parse --show-toplevel [2ms]
2024-11-09 15:23:52.973 [info] > git rev-parse --show-toplevel [1ms]
2024-11-09 15:23:52.985 [info] > git rev-parse --show-toplevel [1ms]
2024-11-09 15:23:53.002 [info] > git rev-parse --show-toplevel [3ms]
2024-11-09 15:23:53.019 [info] > git rev-parse --show-toplevel [3ms]
2024-11-09 15:23:53.034 [info] > git status -z -uall [128ms]
2024-11-09 15:23:53.066 [info] > git for-each-ref --format=%(refname)%00%(upstream:short)%00%(objectname)%00%(upstream:track)%00%(upstream:remotename)%00%(upstream:remoteref) refs/heads/dev refs/remotes/dev [13ms]
2024-11-09 15:23:53.074 [info] > git rev-parse --show-toplevel [42ms]
2024-11-09 15:23:53.074 [info] [Model][doInitialScan] Initial repository scan completed - repositories (1), closed repositories (0), parent repositories (0), unsafe repositories (0)
2024-11-09 15:23:53.077 [info] > git config --local branch.dev.vscode-merge-base [3ms]
2024-11-09 15:23:53.084 [info] > git config --get commit.template [17ms]
2024-11-09 15:23:53.133 [info] > git for-each-ref --format=%(refname)%00%(upstream:short)%00%(objectname)%00%(upstream:track)%00%(upstream:remotename)%00%(upstream:remoteref) refs/heads/origin/dev refs/remotes/origin/dev [50ms]
2024-11-09 15:23:53.161 [info] > git merge-base refs/heads/dev refs/remotes/origin/dev [18ms]
2024-11-09 15:23:53.172 [info] > git for-each-ref --format=%(refname)%00%(upstream:short)%00%(objectname)%00%(upstream:track)%00%(upstream:remotename)%00%(upstream:remoteref) refs/heads/dev refs/remotes/dev [40ms]
2024-11-09 15:23:53.195 [info] > git diff --name-status -z --diff-filter=ADMR b735c40ee2a2071e3a8f21dc906a9224183b2237...refs/remotes/origin/dev [23ms]
2024-11-09 15:23:53.198 [info] > git for-each-ref --sort -committerdate --format %(refname) %(objectname) %(*objectname) [4ms]
2024-11-09 15:23:53.282 [info] > git status -z -uall [99ms]
2024-11-09 15:23:53.364 [info] > git check-ignore -v -z --stdin [3ms]
2024-11-09 15:23:56.628 [info] > git check-ignore -v -z --stdin [3ms]
2024-11-09 15:23:57.155 [info] > git show --textconv :.vscode/launch.json [9ms]
2024-11-09 15:23:57.156 [info] > git ls-files --stage -- /home/holelulu/projects/algotrader/.vscode/launch.json [3ms]
2024-11-09 15:24:05.712 [info] > git config --get commit.template [3ms]
2024-11-09 15:24:05.730 [info] > git for-each-ref --format=%(refname)%00%(upstream:short)%00%(objectname)%00%(upstream:track)%00%(upstream:remotename)%00%(upstream:remoteref) refs/heads/dev refs/remotes/dev [3ms]
2024-11-09 15:24:05.759 [info] > git for-each-ref --sort -committerdate --format %(refname) %(objectname) %(*objectname) [4ms]
2024-11-09 15:24:05.840 [info] > git status -z -uall [99ms]
2024-11-09 15:24:26.140 [info] > git show --textconv :logger.py [17ms]
2024-11-09 15:24:26.142 [info] > git ls-files --stage -- /home/holelulu/projects/algotrader/logger.py [3ms]
2024-11-09 15:24:26.160 [info] > git cat-file -s aaa506e69b56f7e560a72655042d29a082f6c69d [4ms]
2024-11-09 15:24:27.727 [info] > git show --textconv :globals.py [15ms]
2024-11-09 15:24:27.730 [info] > git ls-files --stage -- /home/holelulu/projects/algotrader/globals.py [4ms]
2024-11-09 15:24:27.750 [info] > git cat-file -s 7f43632c43ef423dad2b22596c65ec6bb9cd7b84 [4ms]
2024-11-09 15:24:28.836 [info] > git show --textconv :offline.py [16ms]
2024-11-09 15:24:28.839 [info] > git ls-files --stage -- /home/holelulu/projects/algotrader/offline.py [4ms]
2024-11-09 15:24:28.854 [info] > git cat-file -s f5d4d874dd8e0539f86474c0cfae72733a3e5dd3 [2ms]
2024-11-09 15:24:29.160 [info] > git show --textconv :main.py [16ms]
2024-11-09 15:24:29.163 [info] > git ls-files --stage -- /home/holelulu/projects/algotrader/main.py [3ms]
2024-11-09 15:24:29.180 [info] > git cat-file -s 056f742cb0f75a18f4b560d430bd98e61b0b4512 [4ms]
2024-11-09 15:24:32.574 [info] > git check-ignore -v -z --stdin [2ms]
2024-11-09 15:24:38.741 [info] > git show --textconv :.vscode/launch.json [19ms]
2024-11-09 15:24:38.743 [info] > git ls-files --stage -- /home/holelulu/projects/algotrader/.vscode/launch.json [5ms]
2024-11-09 15:24:41.964 [info] > git config --get commit.template [13ms]
2024-11-09 15:24:41.965 [info] > git for-each-ref --format=%(refname)%00%(upstream:short)%00%(objectname)%00%(upstream:track)%00%(upstream:remotename)%00%(upstream:remoteref) refs/heads/dev refs/remotes/dev [3ms]
2024-11-09 15:24:41.994 [info] > git for-each-ref --sort -committerdate --format %(refname) %(objectname) %(*objectname) [2ms]
2024-11-09 15:24:42.083 [info] > git status -z -uall [103ms]
2024-11-09 15:24:49.715 [info] > git show --textconv :globals.py [17ms]
2024-11-09 15:24:49.717 [info] > git ls-files --stage -- /home/holelulu/projects/algotrader/globals.py [4ms]
2024-11-09 15:24:49.740 [info] > git cat-file -s 7f43632c43ef423dad2b22596c65ec6bb9cd7b84 [5ms]
2024-11-09 15:24:52.728 [info] > git show --textconv :main.py [16ms]
2024-11-09 15:24:52.731 [info] > git ls-files --stage -- /home/holelulu/projects/algotrader/main.py [3ms]
2024-11-09 15:24:52.751 [info] > git cat-file -s 056f742cb0f75a18f4b560d430bd98e61b0b4512 [4ms]
2024-11-09 15:24:55.551 [info] > git check-ignore -v -z --stdin [2ms]
2024-11-09 15:24:56.200 [info] > git show --textconv :dataset/model_evaluation.py [17ms]
2024-11-09 15:24:56.202 [info] > git ls-files --stage -- /home/holelulu/projects/algotrader/dataset/model_evaluation.py [4ms]
2024-11-09 15:25:00.221 [info] > git for-each-ref --format=%(refname)%00%(upstream:short)%00%(objectname)%00%(upstream:track)%00%(upstream:remotename)%00%(upstream:remoteref) refs/heads/dev refs/remotes/dev [9ms]
2024-11-09 15:25:00.222 [info] > git config --get commit.template [22ms]
2024-11-09 15:25:00.250 [info] > git for-each-ref --sort -committerdate --format %(refname) %(objectname) %(*objectname) [2ms]
2024-11-09 15:25:00.365 [info] > git status -z -uall [127ms]
2024-11-09 15:25:00.461 [info] > git log --format=%H%n%aN%n%aE%n%at%n%ct%n%P%n%D%n%B -z --shortstat --diff-merges=first-parent -n50 --skip=0 --topo-order --decorate=full --stdin [280ms]
2024-11-09 15:25:00.785 [info] > git check-ignore -v -z --stdin [1ms]
2024-11-09 15:25:04.665 [info] > git show --textconv HEAD:jsons/.~lock.statistics_buy.csv# [17ms]
2024-11-09 15:25:04.666 [info] > git ls-tree -l HEAD -- /home/holelulu/projects/algotrader/jsons/.~lock.statistics_buy.csv# [3ms]
2024-11-09 15:25:05.403 [info] > git config --get commit.template [17ms]
2024-11-09 15:25:05.404 [info] > git for-each-ref --format=%(refname)%00%(upstream:short)%00%(objectname)%00%(upstream:track)%00%(upstream:remotename)%00%(upstream:remoteref) refs/heads/dev refs/remotes/dev [4ms]
2024-11-09 15:25:05.433 [info] > git for-each-ref --sort -committerdate --format %(refname) %(objectname) %(*objectname) [2ms]
2024-11-09 15:25:05.511 [info] > git status -z -uall [91ms]
2024-11-09 15:25:09.626 [info] > git clean -f -q -- /home/holelulu/projects/algotrader/jsons/.~lock.statistics_buy.csv# [17ms]
2024-11-09 15:25:09.641 [info] > git ls-tree -l HEAD -- /home/holelulu/projects/algotrader/jsons/.~lock.statistics_buy.csv# [17ms]
2024-11-09 15:25:09.739 [info] > git checkout -q [98ms]
2024-11-09 15:25:09.767 [info] > git config --get commit.template [13ms]
2024-11-09 15:25:09.767 [info] > git for-each-ref --format=%(refname)%00%(upstream:short)%00%(objectname)%00%(upstream:track)%00%(upstream:remotename)%00%(upstream:remoteref) refs/heads/dev refs/remotes/dev [2ms]
2024-11-09 15:25:09.804 [info] > git status -z -uall [20ms]
2024-11-09 15:25:09.804 [info] > git for-each-ref --sort -committerdate --format %(refname) %(objectname) %(*objectname) [5ms]
2024-11-09 15:25:10.906 [info] > git config --get commit.template [16ms]
2024-11-09 15:25:10.908 [info] > git for-each-ref --format=%(refname)%00%(upstream:short)%00%(objectname)%00%(upstream:track)%00%(upstream:remotename)%00%(upstream:remoteref) refs/heads/dev refs/remotes/dev [3ms]
2024-11-09 15:25:10.938 [info] > git status -z -uall [16ms]
2024-11-09 15:25:10.941 [info] > git for-each-ref --sort -committerdate --format %(refname) %(objectname) %(*objectname) [4ms]
2024-11-09 15:25:11.007 [info] > git ls-files --stage -- /home/holelulu/projects/algotrader/dataset/model_evaluation.py [16ms]
2024-11-09 15:25:11.024 [info] > git ls-tree -l HEAD -- /home/holelulu/projects/algotrader/jsons/.~lock.statistics_buy.csv# [18ms]
2024-11-09 15:25:11.026 [info] > git show --textconv :dataset/model_evaluation.py [3ms]
2024-11-09 15:25:11.040 [info] > git show --textconv HEAD:jsons/.~lock.statistics_buy.csv# [2ms]
2024-11-09 15:25:54.442 [info] > git config --get commit.template [17ms]
2024-11-09 15:25:54.443 [info] > git for-each-ref --format=%(refname)%00%(upstream:short)%00%(objectname)%00%(upstream:track)%00%(upstream:remotename)%00%(upstream:remoteref) refs/heads/dev refs/remotes/dev [3ms]
2024-11-09 15:25:54.472 [info] > git status -z -uall [13ms]
2024-11-09 15:25:54.474 [info] > git for-each-ref --sort -committerdate --format %(refname) %(objectname) %(*objectname) [3ms]
2024-11-09 15:26:03.263 [info] > git config --get commit.template [17ms]
2024-11-09 15:26:03.265 [info] > git for-each-ref --format=%(refname)%00%(upstream:short)%00%(objectname)%00%(upstream:track)%00%(upstream:remotename)%00%(upstream:remoteref) refs/heads/dev refs/remotes/dev [3ms]
2024-11-09 15:26:03.289 [info] > git status -z -uall [12ms]
2024-11-09 15:26:03.292 [info] > git for-each-ref --sort -committerdate --format %(refname) %(objectname) %(*objectname) [4ms]
