2025-03-16 19:26:03.237 [info] [main] Log level: Info
2025-03-16 19:26:03.237 [info] [main] Validating found git in: "git"
2025-03-16 19:26:03.237 [info] [main] Using git "2.49.0" from "git"
2025-03-16 19:26:03.237 [info] [Model][doInitialScan] Initial repository scan started
2025-03-16 19:26:03.237 [info] > git rev-parse --show-toplevel [10ms]
2025-03-16 19:26:03.237 [info] fatal: not a git repository (or any of the parent directories): .git
2025-03-16 19:26:03.245 [info] > git rev-parse --show-toplevel [2ms]
2025-03-16 19:26:03.245 [info] fatal: not a git repository (or any of the parent directories): .git
2025-03-16 19:26:03.251 [info] > git rev-parse --show-toplevel [1ms]
2025-03-16 19:26:03.251 [info] fatal: not a git repository (or any of the parent directories): .git
2025-03-16 19:26:03.259 [info] > git rev-parse --show-toplevel [2ms]
2025-03-16 19:26:03.259 [info] fatal: not a git repository (or any of the parent directories): .git
2025-03-16 19:26:03.268 [info] > git rev-parse --show-toplevel [1ms]
2025-03-16 19:26:03.268 [info] fatal: not a git repository (or any of the parent directories): .git
2025-03-16 19:26:03.273 [info] > git rev-parse --show-toplevel [1ms]
2025-03-16 19:26:03.273 [info] fatal: not a git repository (or any of the parent directories): .git
2025-03-16 19:26:03.280 [info] > git rev-parse --show-toplevel [2ms]
2025-03-16 19:26:03.280 [info] fatal: not a git repository (or any of the parent directories): .git
2025-03-16 19:26:03.322 [info] > git rev-parse --show-toplevel [37ms]
2025-03-16 19:26:03.322 [info] fatal: not a git repository (or any of the parent directories): .git
2025-03-16 19:26:03.349 [info] > git rev-parse --show-toplevel [2ms]
2025-03-16 19:26:03.349 [info] fatal: not a git repository (or any of the parent directories): .git
2025-03-16 19:26:03.356 [info] > git rev-parse --show-toplevel [1ms]
2025-03-16 19:26:03.356 [info] fatal: not a git repository (or any of the parent directories): .git
2025-03-16 19:26:03.357 [info] [Model][doInitialScan] Initial repository scan completed - repositories (0), closed repositories (0), parent repositories (0), unsafe repositories (0)
2025-03-16 19:26:03.364 [info] > git rev-parse --show-toplevel [2ms]
2025-03-16 19:26:03.364 [info] fatal: not a git repository (or any of the parent directories): .git
2025-03-16 19:26:04.353 [info] > git rev-parse --show-toplevel [2ms]
2025-03-16 19:26:04.353 [info] fatal: not a git repository (or any of the parent directories): .git
