2025-03-16 19:26:54.051 [info] [main] Log level: Info
2025-03-16 19:26:54.051 [info] [main] Validating found git in: "git"
2025-03-16 19:26:54.051 [info] [main] Using git "2.49.0" from "git"
2025-03-16 19:26:54.051 [info] [Model][doInitialScan] Initial repository scan started
2025-03-16 19:26:54.051 [info] > git rev-parse --show-toplevel [8ms]
2025-03-16 19:26:54.051 [info] fatal: not a git repository (or any of the parent directories): .git
2025-03-16 19:26:54.051 [info] > git rev-parse --show-toplevel [2ms]
2025-03-16 19:26:54.051 [info] fatal: not a git repository (or any of the parent directories): .git
2025-03-16 19:26:54.051 [info] [Model][doInitialScan] Initial repository scan completed - repositories (0), closed repositories (0), parent repositories (0), unsafe repositories (0)
2025-03-16 19:26:55.243 [info] > git rev-parse --show-toplevel [1ms]
2025-03-16 19:26:55.243 [info] fatal: not a git repository (or any of the parent directories): .git
2025-03-16 19:27:48.233 [info] > git rev-parse --show-toplevel [1ms]
2025-03-16 19:27:48.233 [info] fatal: not a git repository (or any of the parent directories): .git
2025-03-16 19:28:18.291 [info] > git rev-parse --show-toplevel [4ms]
2025-03-16 19:28:18.291 [info] fatal: not a git repository (or any of the parent directories): .git
2025-03-16 19:28:19.361 [info] > git rev-parse --show-toplevel [12ms]
2025-03-16 19:28:19.361 [info] fatal: not a git repository (or any of the parent directories): .git
2025-03-16 19:29:57.526 [info] > git rev-parse --show-toplevel [2ms]
2025-03-16 19:29:57.526 [info] fatal: not a git repository (or any of the parent directories): .git
2025-03-16 19:30:25.745 [info] > git rev-parse --show-toplevel [2ms]
2025-03-16 19:30:25.745 [info] fatal: not a git repository (or any of the parent directories): .git
