2025-03-16 19:27:15.575 [info] Getting Manifest... ms-python.python
2025-03-16 19:27:16.682 [info] Installing extension: ms-python.python {"isMachineScoped":false,"installPreReleaseVersion":false,"pinned":false,"profileLocation":{"$mid":1,"external":"vscode-userdata:/home/holelulu/.vscode-oss/extensions/extensions.json","path":"/home/holelulu/.vscode-oss/extensions/extensions.json","scheme":"vscode-userdata"},"isApplicationScoped":false,"productVersion":{"version":"1.98.2","date":"2025-03-14T20:56:55.540Z"}}
2025-03-16 19:27:16.862 [info] Getting Manifest... ms-python.debugpy
2025-03-16 19:27:17.162 [info] Installing extension: ms-python.debugpy {"isMachineScoped":false,"installPreReleaseVersion":false,"pinned":false,"profileLocation":{"$mid":1,"external":"vscode-userdata:/home/holelulu/.vscode-oss/extensions/extensions.json","path":"/home/holelulu/.vscode-oss/extensions/extensions.json","scheme":"vscode-userdata"},"isApplicationScoped":false,"productVersion":{"version":"1.98.2","date":"2025-03-14T20:56:55.540Z"},"context":{"dependecyOrPackExtensionInstall":true}}
2025-03-16 19:27:42.634 [error] Could not load vsce-sign module Cannot find package '@vscode/vsce-sign' imported from /usr/lib/code/out/vs/code/electron-utility/sharedProcess/sharedProcessMain.js
2025-03-16 19:27:42.634 [info] Extension signature verification is not done: ms-python.debugpy
2025-03-16 19:27:43.751 [info] Extracted extension to file:///home/holelulu/.vscode-oss/extensions/ms-python.debugpy-2025.4.1-linux-x64: ms-python.debugpy
2025-03-16 19:27:43.793 [info] Renamed to /home/holelulu/.vscode-oss/extensions/ms-python.debugpy-2025.4.1-linux-x64
2025-03-16 19:27:44.836 [error] Could not load vsce-sign module Cannot find package '@vscode/vsce-sign' imported from /usr/lib/code/out/vs/code/electron-utility/sharedProcess/sharedProcessMain.js
2025-03-16 19:27:44.838 [info] Extension signature verification is not done: ms-python.python
2025-03-16 19:27:47.960 [info] Extracted extension to file:///home/holelulu/.vscode-oss/extensions/ms-python.python-2025.2.0-universal: ms-python.python
2025-03-16 19:27:48.100 [info] Renamed to /home/holelulu/.vscode-oss/extensions/ms-python.python-2025.2.0-universal
2025-03-16 19:27:48.130 [info] Extension installed successfully: ms-python.debugpy vscode-userdata:/home/holelulu/.vscode-oss/extensions/extensions.json
2025-03-16 19:27:48.130 [info] Extension installed successfully: ms-python.python vscode-userdata:/home/holelulu/.vscode-oss/extensions/extensions.json
2025-03-16 19:28:05.252 [info] Getting Manifest... mateuszdrewniak.theme-dracula-dark-plus
2025-03-16 19:28:05.546 [info] Installing extension: mateuszdrewniak.theme-dracula-dark-plus {"isMachineScoped":false,"installPreReleaseVersion":false,"pinned":false,"profileLocation":{"$mid":1,"external":"vscode-userdata:/home/holelulu/.vscode-oss/extensions/extensions.json","path":"/home/holelulu/.vscode-oss/extensions/extensions.json","scheme":"vscode-userdata"},"isApplicationScoped":false,"productVersion":{"version":"1.98.2","date":"2025-03-14T20:56:55.540Z"}}
2025-03-16 19:28:06.380 [error] Could not load vsce-sign module Cannot find package '@vscode/vsce-sign' imported from /usr/lib/code/out/vs/code/electron-utility/sharedProcess/sharedProcessMain.js
2025-03-16 19:28:06.381 [info] Extension signature verification is not done: mateuszdrewniak.theme-dracula-dark-plus
2025-03-16 19:28:06.460 [info] Extracted extension to file:///home/holelulu/.vscode-oss/extensions/mateuszdrewniak.theme-dracula-dark-plus-2.24.4-universal: mateuszdrewniak.theme-dracula-dark-plus
2025-03-16 19:28:06.475 [info] Renamed to /home/holelulu/.vscode-oss/extensions/mateuszdrewniak.theme-dracula-dark-plus-2.24.4-universal
2025-03-16 19:28:06.534 [info] Extension installed successfully: mateuszdrewniak.theme-dracula-dark-plus vscode-userdata:/home/holelulu/.vscode-oss/extensions/extensions.json
2025-03-16 19:28:15.799 [info] Getting Manifest... pkief.material-icon-theme
2025-03-16 19:28:16.092 [info] Installing extension: pkief.material-icon-theme {"isMachineScoped":false,"installPreReleaseVersion":false,"pinned":false,"profileLocation":{"$mid":1,"external":"vscode-userdata:/home/holelulu/.vscode-oss/extensions/extensions.json","path":"/home/holelulu/.vscode-oss/extensions/extensions.json","scheme":"vscode-userdata"},"isApplicationScoped":false,"productVersion":{"version":"1.98.2","date":"2025-03-14T20:56:55.540Z"}}
2025-03-16 19:28:17.033 [error] Could not load vsce-sign module Cannot find package '@vscode/vsce-sign' imported from /usr/lib/code/out/vs/code/electron-utility/sharedProcess/sharedProcessMain.js
2025-03-16 19:28:17.033 [info] Extension signature verification is not done: pkief.material-icon-theme
2025-03-16 19:28:18.144 [info] Extracted extension to file:///home/holelulu/.vscode-oss/extensions/pkief.material-icon-theme-5.20.0-universal: pkief.material-icon-theme
2025-03-16 19:28:18.208 [info] Renamed to /home/holelulu/.vscode-oss/extensions/pkief.material-icon-theme-5.20.0-universal
2025-03-16 19:28:18.231 [info] Extension installed successfully: pkief.material-icon-theme vscode-userdata:/home/holelulu/.vscode-oss/extensions/extensions.json
